[0.282s] DEBUG:colcon:Command line arguments: ['/usr/bin/colcon', 'build']
[0.282s] DEBUG:colcon:Parsed command line arguments: Namespace(ament_cmake_args=None, base_paths=['.'], build_base='build', catkin_cmake_args=None, catkin_skip_building_tests=False, cmake_args=None, cmake_clean_cache=False, cmake_clean_first=False, cmake_force_configure=False, cmake_target=None, cmake_target_skip_unavailable=False, continue_on_error=False, event_handlers=None, executor='parallel', ignore_user_meta=False, install_base='install', log_base=None, log_level=None, main=<bound method BuildVerb.main of <colcon_core.verb.build.BuildVerb object at 0x7facf1360190>>, merge_install=False, metas=['./colcon.meta'], mixin=None, mixin_files=None, mixin_verb=('build',), packages_above=None, packages_above_and_dependencies=None, packages_above_depth=None, packages_end=None, packages_ignore=None, packages_ignore_regex=None, packages_select=None, packages_select_build_failed=False, packages_select_by_dep=None, packages_select_regex=None, packages_select_test_failures=False, packages_skip=None, packages_skip_build_finished=False, packages_skip_by_dep=None, packages_skip_regex=None, packages_skip_test_passed=False, packages_skip_up_to=None, packages_start=None, packages_up_to=None, packages_up_to_regex=None, parallel_workers=16, paths=None, symlink_install=False, test_result_base=None, verb_extension=<colcon_core.verb.build.BuildVerb object at 0x7facf1360190>, verb_name='build', verb_parser=<colcon_mixin.mixin.mixin_argument.MixinArgumentDecorator object at 0x7facf13607f0>)
[0.308s] Level 1:colcon.colcon_core.package_discovery:discover_packages(colcon_meta) check parameters
[0.308s] Level 1:colcon.colcon_core.package_discovery:discover_packages(recursive) check parameters
[0.308s] Level 1:colcon.colcon_core.package_discovery:discover_packages(ignore) check parameters
[0.308s] Level 1:colcon.colcon_core.package_discovery:discover_packages(path) check parameters
[0.308s] Level 1:colcon.colcon_core.package_discovery:discover_packages(colcon_meta) discover
[0.308s] Level 1:colcon.colcon_core.package_discovery:discover_packages(recursive) discover
[0.308s] INFO:colcon.colcon_core.package_discovery:Crawling recursively for packages in '/icarus_foxy'
[0.308s] Level 1:colcon.colcon_core.package_identification:_identify(.) by extensions ['ignore', 'ignore_ament_install']
[0.308s] Level 1:colcon.colcon_core.package_identification:_identify(.) by extension 'ignore'
[0.308s] Level 1:colcon.colcon_core.package_identification:_identify(.) by extension 'ignore_ament_install'
[0.308s] Level 1:colcon.colcon_core.package_identification:_identify(.) by extensions ['colcon_pkg']
[0.308s] Level 1:colcon.colcon_core.package_identification:_identify(.) by extension 'colcon_pkg'
[0.308s] Level 1:colcon.colcon_core.package_identification:_identify(.) by extensions ['colcon_meta']
[0.308s] Level 1:colcon.colcon_core.package_identification:_identify(.) by extension 'colcon_meta'
[0.308s] Level 1:colcon.colcon_core.package_identification:_identify(.) by extensions ['ros']
[0.308s] Level 1:colcon.colcon_core.package_identification:_identify(.) by extension 'ros'
[0.327s] Level 1:colcon.colcon_core.package_identification:_identify(.) by extensions ['cmake', 'python']
[0.327s] Level 1:colcon.colcon_core.package_identification:_identify(.) by extension 'cmake'
[0.327s] Level 1:colcon.colcon_core.package_identification:_identify(.) by extension 'python'
[0.327s] Level 1:colcon.colcon_core.package_identification:_identify(.) by extensions ['python_setup_py']
[0.327s] Level 1:colcon.colcon_core.package_identification:_identify(.) by extension 'python_setup_py'
[0.327s] Level 1:colcon.colcon_core.package_identification:_identify(build) by extensions ['ignore', 'ignore_ament_install']
[0.327s] Level 1:colcon.colcon_core.package_identification:_identify(build) by extension 'ignore'
[0.327s] Level 1:colcon.colcon_core.package_identification:_identify(build) ignored
[0.328s] Level 1:colcon.colcon_core.package_identification:_identify(install) by extensions ['ignore', 'ignore_ament_install']
[0.328s] Level 1:colcon.colcon_core.package_identification:_identify(install) by extension 'ignore'
[0.328s] Level 1:colcon.colcon_core.package_identification:_identify(install) ignored
[0.328s] Level 1:colcon.colcon_core.package_identification:_identify(log) by extensions ['ignore', 'ignore_ament_install']
[0.328s] Level 1:colcon.colcon_core.package_identification:_identify(log) by extension 'ignore'
[0.328s] Level 1:colcon.colcon_core.package_identification:_identify(log) ignored
[0.328s] Level 1:colcon.colcon_core.package_identification:_identify(src) by extensions ['ignore', 'ignore_ament_install']
[0.328s] Level 1:colcon.colcon_core.package_identification:_identify(src) by extension 'ignore'
[0.328s] Level 1:colcon.colcon_core.package_identification:_identify(src) by extension 'ignore_ament_install'
[0.328s] Level 1:colcon.colcon_core.package_identification:_identify(src) by extensions ['colcon_pkg']
[0.328s] Level 1:colcon.colcon_core.package_identification:_identify(src) by extension 'colcon_pkg'
[0.328s] Level 1:colcon.colcon_core.package_identification:_identify(src) by extensions ['colcon_meta']
[0.328s] Level 1:colcon.colcon_core.package_identification:_identify(src) by extension 'colcon_meta'
[0.328s] Level 1:colcon.colcon_core.package_identification:_identify(src) by extensions ['ros']
[0.328s] Level 1:colcon.colcon_core.package_identification:_identify(src) by extension 'ros'
[0.328s] Level 1:colcon.colcon_core.package_identification:_identify(src) by extensions ['cmake', 'python']
[0.328s] Level 1:colcon.colcon_core.package_identification:_identify(src) by extension 'cmake'
[0.329s] Level 1:colcon.colcon_core.package_identification:_identify(src) by extension 'python'
[0.329s] Level 1:colcon.colcon_core.package_identification:_identify(src) by extensions ['python_setup_py']
[0.329s] Level 1:colcon.colcon_core.package_identification:_identify(src) by extension 'python_setup_py'
[0.329s] Level 1:colcon.colcon_core.package_identification:_identify(src/joysub) by extensions ['ignore', 'ignore_ament_install']
[0.329s] Level 1:colcon.colcon_core.package_identification:_identify(src/joysub) by extension 'ignore'
[0.329s] Level 1:colcon.colcon_core.package_identification:_identify(src/joysub) by extension 'ignore_ament_install'
[0.329s] Level 1:colcon.colcon_core.package_identification:_identify(src/joysub) by extensions ['colcon_pkg']
[0.329s] Level 1:colcon.colcon_core.package_identification:_identify(src/joysub) by extension 'colcon_pkg'
[0.329s] Level 1:colcon.colcon_core.package_identification:_identify(src/joysub) by extensions ['colcon_meta']
[0.329s] Level 1:colcon.colcon_core.package_identification:_identify(src/joysub) by extension 'colcon_meta'
[0.329s] Level 1:colcon.colcon_core.package_identification:_identify(src/joysub) by extensions ['ros']
[0.329s] Level 1:colcon.colcon_core.package_identification:_identify(src/joysub) by extension 'ros'
[0.331s] DEBUG:colcon.colcon_core.package_identification:Package 'src/joysub' with type 'ros.ament_cmake' and name 'joy_sub'
[0.331s] Level 1:colcon.colcon_core.package_identification:_identify(src/robot_core) by extensions ['ignore', 'ignore_ament_install']
[0.332s] Level 1:colcon.colcon_core.package_identification:_identify(src/robot_core) by extension 'ignore'
[0.332s] Level 1:colcon.colcon_core.package_identification:_identify(src/robot_core) by extension 'ignore_ament_install'
[0.332s] Level 1:colcon.colcon_core.package_identification:_identify(src/robot_core) by extensions ['colcon_pkg']
[0.332s] Level 1:colcon.colcon_core.package_identification:_identify(src/robot_core) by extension 'colcon_pkg'
[0.332s] Level 1:colcon.colcon_core.package_identification:_identify(src/robot_core) by extensions ['colcon_meta']
[0.332s] Level 1:colcon.colcon_core.package_identification:_identify(src/robot_core) by extension 'colcon_meta'
[0.332s] Level 1:colcon.colcon_core.package_identification:_identify(src/robot_core) by extensions ['ros']
[0.332s] Level 1:colcon.colcon_core.package_identification:_identify(src/robot_core) by extension 'ros'
[0.332s] DEBUG:colcon.colcon_core.package_identification:Package 'src/robot_core' with type 'ros.ament_cmake' and name 'robot_core'
[0.333s] Level 1:colcon.colcon_core.package_identification:_identify(src/sllidar_ros2) by extensions ['ignore', 'ignore_ament_install']
[0.333s] Level 1:colcon.colcon_core.package_identification:_identify(src/sllidar_ros2) by extension 'ignore'
[0.333s] Level 1:colcon.colcon_core.package_identification:_identify(src/sllidar_ros2) by extension 'ignore_ament_install'
[0.333s] Level 1:colcon.colcon_core.package_identification:_identify(src/sllidar_ros2) by extensions ['colcon_pkg']
[0.333s] Level 1:colcon.colcon_core.package_identification:_identify(src/sllidar_ros2) by extension 'colcon_pkg'
[0.333s] Level 1:colcon.colcon_core.package_identification:_identify(src/sllidar_ros2) by extensions ['colcon_meta']
[0.333s] Level 1:colcon.colcon_core.package_identification:_identify(src/sllidar_ros2) by extension 'colcon_meta'
[0.333s] Level 1:colcon.colcon_core.package_identification:_identify(src/sllidar_ros2) by extensions ['ros']
[0.333s] Level 1:colcon.colcon_core.package_identification:_identify(src/sllidar_ros2) by extension 'ros'
[0.334s] DEBUG:colcon.colcon_core.package_identification:Package 'src/sllidar_ros2' with type 'ros.ament_cmake' and name 'sllidar_ros2'
[0.334s] Level 1:colcon.colcon_core.package_discovery:discover_packages(recursive) using defaults
[0.334s] Level 1:colcon.colcon_core.package_discovery:discover_packages(ignore) discover
[0.334s] Level 1:colcon.colcon_core.package_discovery:discover_packages(ignore) using defaults
[0.334s] Level 1:colcon.colcon_core.package_discovery:discover_packages(path) discover
[0.334s] Level 1:colcon.colcon_core.package_discovery:discover_packages(path) using defaults
[0.351s] Level 5:colcon.colcon_core.verb:set package 'joy_sub' build argument 'cmake_args' from command line to 'None'
[0.352s] Level 5:colcon.colcon_core.verb:set package 'joy_sub' build argument 'cmake_target' from command line to 'None'
[0.352s] Level 5:colcon.colcon_core.verb:set package 'joy_sub' build argument 'cmake_target_skip_unavailable' from command line to 'False'
[0.352s] Level 5:colcon.colcon_core.verb:set package 'joy_sub' build argument 'cmake_clean_cache' from command line to 'False'
[0.352s] Level 5:colcon.colcon_core.verb:set package 'joy_sub' build argument 'cmake_clean_first' from command line to 'False'
[0.352s] Level 5:colcon.colcon_core.verb:set package 'joy_sub' build argument 'cmake_force_configure' from command line to 'False'
[0.352s] Level 5:colcon.colcon_core.verb:set package 'joy_sub' build argument 'ament_cmake_args' from command line to 'None'
[0.352s] Level 5:colcon.colcon_core.verb:set package 'joy_sub' build argument 'catkin_cmake_args' from command line to 'None'
[0.352s] Level 5:colcon.colcon_core.verb:set package 'joy_sub' build argument 'catkin_skip_building_tests' from command line to 'False'
[0.352s] DEBUG:colcon.colcon_core.verb:Building package 'joy_sub' with the following arguments: {'ament_cmake_args': None, 'build_base': '/icarus_foxy/build/joy_sub', 'catkin_cmake_args': None, 'catkin_skip_building_tests': False, 'cmake_args': None, 'cmake_clean_cache': False, 'cmake_clean_first': False, 'cmake_force_configure': False, 'cmake_target': None, 'cmake_target_skip_unavailable': False, 'install_base': '/icarus_foxy/install/joy_sub', 'merge_install': False, 'path': '/icarus_foxy/src/joysub', 'symlink_install': False, 'test_result_base': None}
[0.353s] Level 5:colcon.colcon_core.verb:set package 'robot_core' build argument 'cmake_args' from command line to 'None'
[0.353s] Level 5:colcon.colcon_core.verb:set package 'robot_core' build argument 'cmake_target' from command line to 'None'
[0.353s] Level 5:colcon.colcon_core.verb:set package 'robot_core' build argument 'cmake_target_skip_unavailable' from command line to 'False'
[0.353s] Level 5:colcon.colcon_core.verb:set package 'robot_core' build argument 'cmake_clean_cache' from command line to 'False'
[0.353s] Level 5:colcon.colcon_core.verb:set package 'robot_core' build argument 'cmake_clean_first' from command line to 'False'
[0.353s] Level 5:colcon.colcon_core.verb:set package 'robot_core' build argument 'cmake_force_configure' from command line to 'False'
[0.353s] Level 5:colcon.colcon_core.verb:set package 'robot_core' build argument 'ament_cmake_args' from command line to 'None'
[0.353s] Level 5:colcon.colcon_core.verb:set package 'robot_core' build argument 'catkin_cmake_args' from command line to 'None'
[0.353s] Level 5:colcon.colcon_core.verb:set package 'robot_core' build argument 'catkin_skip_building_tests' from command line to 'False'
[0.353s] DEBUG:colcon.colcon_core.verb:Building package 'robot_core' with the following arguments: {'ament_cmake_args': None, 'build_base': '/icarus_foxy/build/robot_core', 'catkin_cmake_args': None, 'catkin_skip_building_tests': False, 'cmake_args': None, 'cmake_clean_cache': False, 'cmake_clean_first': False, 'cmake_force_configure': False, 'cmake_target': None, 'cmake_target_skip_unavailable': False, 'install_base': '/icarus_foxy/install/robot_core', 'merge_install': False, 'path': '/icarus_foxy/src/robot_core', 'symlink_install': False, 'test_result_base': None}
[0.354s] Level 5:colcon.colcon_core.verb:set package 'sllidar_ros2' build argument 'cmake_args' from command line to 'None'
[0.354s] Level 5:colcon.colcon_core.verb:set package 'sllidar_ros2' build argument 'cmake_target' from command line to 'None'
[0.354s] Level 5:colcon.colcon_core.verb:set package 'sllidar_ros2' build argument 'cmake_target_skip_unavailable' from command line to 'False'
[0.354s] Level 5:colcon.colcon_core.verb:set package 'sllidar_ros2' build argument 'cmake_clean_cache' from command line to 'False'
[0.354s] Level 5:colcon.colcon_core.verb:set package 'sllidar_ros2' build argument 'cmake_clean_first' from command line to 'False'
[0.354s] Level 5:colcon.colcon_core.verb:set package 'sllidar_ros2' build argument 'cmake_force_configure' from command line to 'False'
[0.354s] Level 5:colcon.colcon_core.verb:set package 'sllidar_ros2' build argument 'ament_cmake_args' from command line to 'None'
[0.354s] Level 5:colcon.colcon_core.verb:set package 'sllidar_ros2' build argument 'catkin_cmake_args' from command line to 'None'
[0.354s] Level 5:colcon.colcon_core.verb:set package 'sllidar_ros2' build argument 'catkin_skip_building_tests' from command line to 'False'
[0.354s] DEBUG:colcon.colcon_core.verb:Building package 'sllidar_ros2' with the following arguments: {'ament_cmake_args': None, 'build_base': '/icarus_foxy/build/sllidar_ros2', 'catkin_cmake_args': None, 'catkin_skip_building_tests': False, 'cmake_args': None, 'cmake_clean_cache': False, 'cmake_clean_first': False, 'cmake_force_configure': False, 'cmake_target': None, 'cmake_target_skip_unavailable': False, 'install_base': '/icarus_foxy/install/sllidar_ros2', 'merge_install': False, 'path': '/icarus_foxy/src/sllidar_ros2', 'symlink_install': False, 'test_result_base': None}
[0.354s] INFO:colcon.colcon_core.executor:Executing jobs using 'parallel' executor
[0.357s] DEBUG:colcon.colcon_parallel_executor.executor.parallel:run_until_complete
[0.358s] INFO:colcon.colcon_ros.task.ament_cmake.build:Building ROS package in '/icarus_foxy/src/joysub' with build type 'ament_cmake'
[0.358s] INFO:colcon.colcon_cmake.task.cmake.build:Building CMake package in '/icarus_foxy/src/joysub'
[0.363s] INFO:colcon.colcon_core.plugin_system:Skipping extension 'colcon_core.shell.bat': Not used on non-Windows systems
[0.363s] INFO:colcon.colcon_core.shell:Skip shell extension 'powershell' for command environment: Not usable outside of PowerShell
[0.363s] DEBUG:colcon.colcon_core.shell:Skip shell extension 'dsv' for command environment
[0.371s] INFO:colcon.colcon_ros.task.ament_cmake.build:Building ROS package in '/icarus_foxy/src/robot_core' with build type 'ament_cmake'
[0.372s] INFO:colcon.colcon_cmake.task.cmake.build:Building CMake package in '/icarus_foxy/src/robot_core'
[0.373s] INFO:colcon.colcon_core.shell:Skip shell extension 'powershell' for command environment: Not usable outside of PowerShell
[0.374s] DEBUG:colcon.colcon_core.shell:Skip shell extension 'dsv' for command environment
[0.381s] INFO:colcon.colcon_ros.task.ament_cmake.build:Building ROS package in '/icarus_foxy/src/sllidar_ros2' with build type 'ament_cmake'
[0.382s] INFO:colcon.colcon_cmake.task.cmake.build:Building CMake package in '/icarus_foxy/src/sllidar_ros2'
[0.383s] INFO:colcon.colcon_core.shell:Skip shell extension 'powershell' for command environment: Not usable outside of PowerShell
[0.383s] DEBUG:colcon.colcon_core.shell:Skip shell extension 'dsv' for command environment
[0.395s] DEBUG:colcon.colcon_core.event_handler.log_command:Invoking command in '/icarus_foxy/build/joy_sub': CMAKE_PREFIX_PATH=${CMAKE_PREFIX_PATH}:/opt/ros/foxy /usr/bin/cmake --build /icarus_foxy/build/joy_sub -- -j16 -l16
[0.403s] DEBUG:colcon.colcon_core.event_handler.log_command:Invoking command in '/icarus_foxy/build/robot_core': CMAKE_PREFIX_PATH=${CMAKE_PREFIX_PATH}:/opt/ros/foxy /usr/bin/cmake --build /icarus_foxy/build/robot_core -- -j16 -l16
[0.410s] DEBUG:colcon.colcon_core.event_handler.log_command:Invoking command in '/icarus_foxy/build/sllidar_ros2': CMAKE_PREFIX_PATH=${CMAKE_PREFIX_PATH}:/opt/ros/foxy /usr/bin/cmake --build /icarus_foxy/build/sllidar_ros2 -- -j16 -l16
[0.496s] DEBUG:colcon.colcon_core.event_handler.log_command:Invoked command in '/icarus_foxy/build/joy_sub' returned '0': CMAKE_PREFIX_PATH=${CMAKE_PREFIX_PATH}:/opt/ros/foxy /usr/bin/cmake --build /icarus_foxy/build/joy_sub -- -j16 -l16
[0.505s] DEBUG:colcon.colcon_core.event_handler.log_command:Invoked command in '/icarus_foxy/build/robot_core' returned '0': CMAKE_PREFIX_PATH=${CMAKE_PREFIX_PATH}:/opt/ros/foxy /usr/bin/cmake --build /icarus_foxy/build/robot_core -- -j16 -l16
[0.515s] DEBUG:colcon.colcon_core.event_handler.log_command:Invoked command in '/icarus_foxy/build/sllidar_ros2' returned '0': CMAKE_PREFIX_PATH=${CMAKE_PREFIX_PATH}:/opt/ros/foxy /usr/bin/cmake --build /icarus_foxy/build/sllidar_ros2 -- -j16 -l16
[0.547s] DEBUG:colcon.colcon_core.event_handler.log_command:Invoking command in '/icarus_foxy/build/joy_sub': CMAKE_PREFIX_PATH=${CMAKE_PREFIX_PATH}:/opt/ros/foxy /usr/bin/cmake --install /icarus_foxy/build/joy_sub
[0.551s] DEBUG:colcon.colcon_core.event_handler.log_command:Invoking command in '/icarus_foxy/build/robot_core': CMAKE_PREFIX_PATH=${CMAKE_PREFIX_PATH}:/opt/ros/foxy /usr/bin/cmake --install /icarus_foxy/build/robot_core
[0.576s] Level 1:colcon.colcon_core.environment:create_environment_scripts_only(joy_sub)
[0.576s] DEBUG:colcon.colcon_core.event_handler.log_command:Invoked command in '/icarus_foxy/build/joy_sub' returned '0': CMAKE_PREFIX_PATH=${CMAKE_PREFIX_PATH}:/opt/ros/foxy /usr/bin/cmake --install /icarus_foxy/build/joy_sub
[0.582s] Level 1:colcon.colcon_core.environment:checking '/icarus_foxy/install/joy_sub' for CMake module files
[0.583s] Level 1:colcon.colcon_core.environment:checking '/icarus_foxy/install/joy_sub' for CMake config files
[0.583s] Level 1:colcon.colcon_core.shell:create_environment_hook('joy_sub', 'cmake_prefix_path')
[0.585s] INFO:colcon.colcon_core.shell:Creating environment hook '/icarus_foxy/install/joy_sub/share/joy_sub/hook/cmake_prefix_path.ps1'
[0.586s] INFO:colcon.colcon_core.shell:Creating environment descriptor '/icarus_foxy/install/joy_sub/share/joy_sub/hook/cmake_prefix_path.dsv'
[0.586s] INFO:colcon.colcon_core.shell:Creating environment hook '/icarus_foxy/install/joy_sub/share/joy_sub/hook/cmake_prefix_path.sh'
[0.587s] Level 1:colcon.colcon_core.environment:checking '/icarus_foxy/install/joy_sub/lib'
[0.587s] Level 1:colcon.colcon_core.environment:checking '/icarus_foxy/install/joy_sub/bin'
[0.587s] Level 1:colcon.colcon_core.environment:checking '/icarus_foxy/install/joy_sub/lib/pkgconfig/joy_sub.pc'
[0.588s] Level 1:colcon.colcon_core.environment:checking '/icarus_foxy/install/joy_sub/lib/python3.8/site-packages'
[0.588s] Level 1:colcon.colcon_core.environment:checking '/icarus_foxy/install/joy_sub/bin'
[0.590s] INFO:colcon.colcon_core.shell:Creating package script '/icarus_foxy/install/joy_sub/share/joy_sub/package.ps1'
[0.590s] INFO:colcon.colcon_core.shell:Creating package descriptor '/icarus_foxy/install/joy_sub/share/joy_sub/package.dsv'
[0.591s] INFO:colcon.colcon_core.shell:Creating package script '/icarus_foxy/install/joy_sub/share/joy_sub/package.sh'
[0.592s] INFO:colcon.colcon_core.shell:Creating package script '/icarus_foxy/install/joy_sub/share/joy_sub/package.bash'
[0.592s] INFO:colcon.colcon_core.shell:Creating package script '/icarus_foxy/install/joy_sub/share/joy_sub/package.zsh'
[0.593s] Level 1:colcon.colcon_core.environment:create_file_with_runtime_dependencies(/icarus_foxy/install/joy_sub/share/colcon-core/packages/joy_sub)
[0.601s] DEBUG:colcon.colcon_core.event_handler.log_command:Invoking command in '/icarus_foxy/build/sllidar_ros2': CMAKE_PREFIX_PATH=${CMAKE_PREFIX_PATH}:/opt/ros/foxy /usr/bin/cmake --install /icarus_foxy/build/sllidar_ros2
[0.602s] Level 1:colcon.colcon_core.environment:create_environment_scripts_only(robot_core)
[0.604s] Level 1:colcon.colcon_core.environment:checking '/icarus_foxy/install/robot_core' for CMake module files
[0.605s] DEBUG:colcon.colcon_core.event_handler.log_command:Invoked command in '/icarus_foxy/build/robot_core' returned '0': CMAKE_PREFIX_PATH=${CMAKE_PREFIX_PATH}:/opt/ros/foxy /usr/bin/cmake --install /icarus_foxy/build/robot_core
[0.606s] Level 1:colcon.colcon_core.environment:checking '/icarus_foxy/install/robot_core' for CMake config files
[0.606s] Level 1:colcon.colcon_core.shell:create_environment_hook('robot_core', 'cmake_prefix_path')
[0.607s] INFO:colcon.colcon_core.shell:Creating environment hook '/icarus_foxy/install/robot_core/share/robot_core/hook/cmake_prefix_path.ps1'
[0.608s] INFO:colcon.colcon_core.shell:Creating environment descriptor '/icarus_foxy/install/robot_core/share/robot_core/hook/cmake_prefix_path.dsv'
[0.608s] INFO:colcon.colcon_core.shell:Creating environment hook '/icarus_foxy/install/robot_core/share/robot_core/hook/cmake_prefix_path.sh'
[0.608s] Level 1:colcon.colcon_core.environment:checking '/icarus_foxy/install/robot_core/lib'
[0.609s] Level 1:colcon.colcon_core.environment:checking '/icarus_foxy/install/robot_core/bin'
[0.609s] Level 1:colcon.colcon_core.environment:checking '/icarus_foxy/install/robot_core/lib/pkgconfig/robot_core.pc'
[0.609s] Level 1:colcon.colcon_core.environment:checking '/icarus_foxy/install/robot_core/lib/python3.8/site-packages'
[0.609s] Level 1:colcon.colcon_core.environment:checking '/icarus_foxy/install/robot_core/bin'
[0.610s] INFO:colcon.colcon_core.shell:Creating package script '/icarus_foxy/install/robot_core/share/robot_core/package.ps1'
[0.611s] INFO:colcon.colcon_core.shell:Creating package descriptor '/icarus_foxy/install/robot_core/share/robot_core/package.dsv'
[0.612s] INFO:colcon.colcon_core.shell:Creating package script '/icarus_foxy/install/robot_core/share/robot_core/package.sh'
[0.613s] INFO:colcon.colcon_core.shell:Creating package script '/icarus_foxy/install/robot_core/share/robot_core/package.bash'
[0.614s] INFO:colcon.colcon_core.shell:Creating package script '/icarus_foxy/install/robot_core/share/robot_core/package.zsh'
[0.616s] Level 1:colcon.colcon_core.environment:create_file_with_runtime_dependencies(/icarus_foxy/install/robot_core/share/colcon-core/packages/robot_core)
[0.628s] Level 1:colcon.colcon_core.environment:create_environment_scripts_only(joy_sub)
[0.630s] Level 1:colcon.colcon_core.environment:checking '/icarus_foxy/install/joy_sub' for CMake module files
[0.630s] Level 1:colcon.colcon_core.environment:checking '/icarus_foxy/install/joy_sub' for CMake config files
[0.631s] Level 1:colcon.colcon_core.shell:create_environment_hook('joy_sub', 'cmake_prefix_path')
[0.632s] INFO:colcon.colcon_core.shell:Creating environment hook '/icarus_foxy/install/joy_sub/share/joy_sub/hook/cmake_prefix_path.ps1'
[0.633s] INFO:colcon.colcon_core.shell:Creating environment descriptor '/icarus_foxy/install/joy_sub/share/joy_sub/hook/cmake_prefix_path.dsv'
[0.634s] INFO:colcon.colcon_core.shell:Creating environment hook '/icarus_foxy/install/joy_sub/share/joy_sub/hook/cmake_prefix_path.sh'
[0.634s] Level 1:colcon.colcon_core.environment:checking '/icarus_foxy/install/joy_sub/lib'
[0.635s] Level 1:colcon.colcon_core.environment:checking '/icarus_foxy/install/joy_sub/bin'
[0.635s] Level 1:colcon.colcon_core.environment:checking '/icarus_foxy/install/joy_sub/lib/pkgconfig/joy_sub.pc'
[0.635s] Level 1:colcon.colcon_core.environment:checking '/icarus_foxy/install/joy_sub/lib/python3.8/site-packages'
[0.635s] Level 1:colcon.colcon_core.environment:checking '/icarus_foxy/install/joy_sub/bin'
[0.636s] INFO:colcon.colcon_core.shell:Creating package script '/icarus_foxy/install/joy_sub/share/joy_sub/package.ps1'
[0.637s] INFO:colcon.colcon_core.shell:Creating package descriptor '/icarus_foxy/install/joy_sub/share/joy_sub/package.dsv'
[0.637s] INFO:colcon.colcon_core.shell:Creating package script '/icarus_foxy/install/joy_sub/share/joy_sub/package.sh'
[0.638s] INFO:colcon.colcon_core.shell:Creating package script '/icarus_foxy/install/joy_sub/share/joy_sub/package.bash'
[0.638s] INFO:colcon.colcon_core.shell:Creating package script '/icarus_foxy/install/joy_sub/share/joy_sub/package.zsh'
[0.638s] Level 1:colcon.colcon_core.environment:create_file_with_runtime_dependencies(/icarus_foxy/install/joy_sub/share/colcon-core/packages/joy_sub)
[0.640s] Level 1:colcon.colcon_core.environment:create_environment_scripts_only(sllidar_ros2)
[0.641s] Level 1:colcon.colcon_core.environment:checking '/icarus_foxy/install/sllidar_ros2' for CMake module files
[0.642s] DEBUG:colcon.colcon_core.event_handler.log_command:Invoked command in '/icarus_foxy/build/sllidar_ros2' returned '0': CMAKE_PREFIX_PATH=${CMAKE_PREFIX_PATH}:/opt/ros/foxy /usr/bin/cmake --install /icarus_foxy/build/sllidar_ros2
[0.642s] Level 1:colcon.colcon_core.environment:checking '/icarus_foxy/install/sllidar_ros2' for CMake config files
[0.643s] Level 1:colcon.colcon_core.shell:create_environment_hook('sllidar_ros2', 'cmake_prefix_path')
[0.644s] INFO:colcon.colcon_core.shell:Creating environment hook '/icarus_foxy/install/sllidar_ros2/share/sllidar_ros2/hook/cmake_prefix_path.ps1'
[0.644s] INFO:colcon.colcon_core.shell:Creating environment descriptor '/icarus_foxy/install/sllidar_ros2/share/sllidar_ros2/hook/cmake_prefix_path.dsv'
[0.644s] INFO:colcon.colcon_core.shell:Creating environment hook '/icarus_foxy/install/sllidar_ros2/share/sllidar_ros2/hook/cmake_prefix_path.sh'
[0.645s] Level 1:colcon.colcon_core.environment:checking '/icarus_foxy/install/sllidar_ros2/lib'
[0.645s] Level 1:colcon.colcon_core.environment:checking '/icarus_foxy/install/sllidar_ros2/bin'
[0.645s] Level 1:colcon.colcon_core.environment:checking '/icarus_foxy/install/sllidar_ros2/lib/pkgconfig/sllidar_ros2.pc'
[0.645s] Level 1:colcon.colcon_core.environment:checking '/icarus_foxy/install/sllidar_ros2/lib/python3.8/site-packages'
[0.645s] Level 1:colcon.colcon_core.environment:checking '/icarus_foxy/install/sllidar_ros2/bin'
[0.647s] INFO:colcon.colcon_core.shell:Creating package script '/icarus_foxy/install/sllidar_ros2/share/sllidar_ros2/package.ps1'
[0.647s] INFO:colcon.colcon_core.shell:Creating package descriptor '/icarus_foxy/install/sllidar_ros2/share/sllidar_ros2/package.dsv'
[0.647s] INFO:colcon.colcon_core.shell:Creating package script '/icarus_foxy/install/sllidar_ros2/share/sllidar_ros2/package.sh'
[0.648s] INFO:colcon.colcon_core.shell:Creating package script '/icarus_foxy/install/sllidar_ros2/share/sllidar_ros2/package.bash'
[0.648s] INFO:colcon.colcon_core.shell:Creating package script '/icarus_foxy/install/sllidar_ros2/share/sllidar_ros2/package.zsh'
[0.648s] Level 1:colcon.colcon_core.environment:create_file_with_runtime_dependencies(/icarus_foxy/install/sllidar_ros2/share/colcon-core/packages/sllidar_ros2)
[0.656s] Level 1:colcon.colcon_core.environment:create_environment_scripts_only(robot_core)
[0.658s] Level 1:colcon.colcon_core.environment:checking '/icarus_foxy/install/robot_core' for CMake module files
[0.658s] Level 1:colcon.colcon_core.environment:checking '/icarus_foxy/install/robot_core' for CMake config files
[0.659s] Level 1:colcon.colcon_core.shell:create_environment_hook('robot_core', 'cmake_prefix_path')
[0.660s] INFO:colcon.colcon_core.shell:Creating environment hook '/icarus_foxy/install/robot_core/share/robot_core/hook/cmake_prefix_path.ps1'
[0.660s] INFO:colcon.colcon_core.shell:Creating environment descriptor '/icarus_foxy/install/robot_core/share/robot_core/hook/cmake_prefix_path.dsv'
[0.661s] INFO:colcon.colcon_core.shell:Creating environment hook '/icarus_foxy/install/robot_core/share/robot_core/hook/cmake_prefix_path.sh'
[0.661s] Level 1:colcon.colcon_core.environment:checking '/icarus_foxy/install/robot_core/lib'
[0.661s] Level 1:colcon.colcon_core.environment:checking '/icarus_foxy/install/robot_core/bin'
[0.662s] Level 1:colcon.colcon_core.environment:checking '/icarus_foxy/install/robot_core/lib/pkgconfig/robot_core.pc'
[0.662s] Level 1:colcon.colcon_core.environment:checking '/icarus_foxy/install/robot_core/lib/python3.8/site-packages'
[0.662s] Level 1:colcon.colcon_core.environment:checking '/icarus_foxy/install/robot_core/bin'
[0.663s] INFO:colcon.colcon_core.shell:Creating package script '/icarus_foxy/install/robot_core/share/robot_core/package.ps1'
[0.664s] INFO:colcon.colcon_core.shell:Creating package descriptor '/icarus_foxy/install/robot_core/share/robot_core/package.dsv'
[0.664s] INFO:colcon.colcon_core.shell:Creating package script '/icarus_foxy/install/robot_core/share/robot_core/package.sh'
[0.664s] INFO:colcon.colcon_core.shell:Creating package script '/icarus_foxy/install/robot_core/share/robot_core/package.bash'
[0.665s] INFO:colcon.colcon_core.shell:Creating package script '/icarus_foxy/install/robot_core/share/robot_core/package.zsh'
[0.665s] Level 1:colcon.colcon_core.environment:create_file_with_runtime_dependencies(/icarus_foxy/install/robot_core/share/colcon-core/packages/robot_core)
[0.721s] Level 1:colcon.colcon_core.environment:create_environment_scripts_only(sllidar_ros2)
[0.722s] Level 1:colcon.colcon_core.environment:checking '/icarus_foxy/install/sllidar_ros2' for CMake module files
[0.722s] Level 1:colcon.colcon_core.environment:checking '/icarus_foxy/install/sllidar_ros2' for CMake config files
[0.723s] Level 1:colcon.colcon_core.shell:create_environment_hook('sllidar_ros2', 'cmake_prefix_path')
[0.723s] INFO:colcon.colcon_core.shell:Creating environment hook '/icarus_foxy/install/sllidar_ros2/share/sllidar_ros2/hook/cmake_prefix_path.ps1'
[0.724s] INFO:colcon.colcon_core.shell:Creating environment descriptor '/icarus_foxy/install/sllidar_ros2/share/sllidar_ros2/hook/cmake_prefix_path.dsv'
[0.724s] INFO:colcon.colcon_core.shell:Creating environment hook '/icarus_foxy/install/sllidar_ros2/share/sllidar_ros2/hook/cmake_prefix_path.sh'
[0.725s] Level 1:colcon.colcon_core.environment:checking '/icarus_foxy/install/sllidar_ros2/lib'
[0.725s] Level 1:colcon.colcon_core.environment:checking '/icarus_foxy/install/sllidar_ros2/bin'
[0.725s] Level 1:colcon.colcon_core.environment:checking '/icarus_foxy/install/sllidar_ros2/lib/pkgconfig/sllidar_ros2.pc'
[0.725s] Level 1:colcon.colcon_core.environment:checking '/icarus_foxy/install/sllidar_ros2/lib/python3.8/site-packages'
[0.725s] Level 1:colcon.colcon_core.environment:checking '/icarus_foxy/install/sllidar_ros2/bin'
[0.726s] INFO:colcon.colcon_core.shell:Creating package script '/icarus_foxy/install/sllidar_ros2/share/sllidar_ros2/package.ps1'
[0.726s] INFO:colcon.colcon_core.shell:Creating package descriptor '/icarus_foxy/install/sllidar_ros2/share/sllidar_ros2/package.dsv'
[0.727s] INFO:colcon.colcon_core.shell:Creating package script '/icarus_foxy/install/sllidar_ros2/share/sllidar_ros2/package.sh'
[0.727s] INFO:colcon.colcon_core.shell:Creating package script '/icarus_foxy/install/sllidar_ros2/share/sllidar_ros2/package.bash'
[0.727s] INFO:colcon.colcon_core.shell:Creating package script '/icarus_foxy/install/sllidar_ros2/share/sllidar_ros2/package.zsh'
[0.728s] Level 1:colcon.colcon_core.environment:create_file_with_runtime_dependencies(/icarus_foxy/install/sllidar_ros2/share/colcon-core/packages/sllidar_ros2)
[0.728s] DEBUG:colcon.colcon_parallel_executor.executor.parallel:closing loop
[0.728s] DEBUG:colcon.colcon_parallel_executor.executor.parallel:loop closed
[0.728s] DEBUG:colcon.colcon_parallel_executor.executor.parallel:run_until_complete finished with '0'
[0.729s] DEBUG:colcon.colcon_core.event_reactor:joining thread
[0.733s] INFO:colcon.colcon_core.plugin_system:Skipping extension 'colcon_notification.desktop_notification.notify_send': Could not find 'notify-send'
[0.734s] INFO:colcon.colcon_core.plugin_system:Skipping extension 'colcon_notification.desktop_notification.terminal_notifier': Not used on non-Darwin systems
[0.734s] INFO:colcon.colcon_core.plugin_system:Skipping extension 'colcon_notification.desktop_notification.win32': Not used on non-Windows systems
[0.734s] INFO:colcon.colcon_notification.desktop_notification:Sending desktop notification using 'notify2'
[0.737s] DEBUG:colcon.colcon_notification.desktop_notification.notify2:Failed to initialize notify2: org.freedesktop.DBus.Error.Spawn.ExecFailed: /usr/bin/dbus-launch terminated abnormally without any error message
[0.737s] DEBUG:colcon.colcon_core.event_reactor:joined thread
[0.739s] INFO:colcon.colcon_core.shell:Creating prefix script '/icarus_foxy/install/local_setup.ps1'
[0.740s] INFO:colcon.colcon_core.shell:Creating prefix util module '/icarus_foxy/install/_local_setup_util_ps1.py'
[0.741s] INFO:colcon.colcon_core.shell:Creating prefix chain script '/icarus_foxy/install/setup.ps1'
[0.743s] INFO:colcon.colcon_core.shell:Creating prefix script '/icarus_foxy/install/local_setup.sh'
[0.743s] INFO:colcon.colcon_core.shell:Creating prefix util module '/icarus_foxy/install/_local_setup_util_sh.py'
[0.744s] INFO:colcon.colcon_core.shell:Creating prefix chain script '/icarus_foxy/install/setup.sh'
[0.745s] INFO:colcon.colcon_core.shell:Creating prefix script '/icarus_foxy/install/local_setup.bash'
[0.746s] INFO:colcon.colcon_core.shell:Creating prefix chain script '/icarus_foxy/install/setup.bash'
[0.747s] INFO:colcon.colcon_core.shell:Creating prefix script '/icarus_foxy/install/local_setup.zsh'
[0.747s] INFO:colcon.colcon_core.shell:Creating prefix chain script '/icarus_foxy/install/setup.zsh'
