[0.222s] DEBUG:colcon:Command line arguments: ['/usr/bin/colcon', 'build']
[0.222s] DEBUG:colcon:Parsed command line arguments: Namespace(ament_cmake_args=None, base_paths=['.'], build_base='build', catkin_cmake_args=None, catkin_skip_building_tests=False, cmake_args=None, cmake_clean_cache=False, cmake_clean_first=False, cmake_force_configure=False, cmake_target=None, cmake_target_skip_unavailable=False, continue_on_error=False, event_handlers=None, executor='parallel', ignore_user_meta=False, install_base='install', log_base=None, log_level=None, main=<bound method BuildVerb.main of <colcon_core.verb.build.BuildVerb object at 0x7f74475e7970>>, merge_install=False, metas=['./colcon.meta'], mixin=None, mixin_files=None, mixin_verb=('build',), packages_above=None, packages_above_and_dependencies=None, packages_above_depth=None, packages_end=None, packages_ignore=None, packages_ignore_regex=None, packages_select=None, packages_select_build_failed=False, packages_select_by_dep=None, packages_select_regex=None, packages_select_test_failures=False, packages_skip=None, packages_skip_build_finished=False, packages_skip_by_dep=None, packages_skip_regex=None, packages_skip_test_passed=False, packages_skip_up_to=None, packages_start=None, packages_up_to=None, packages_up_to_regex=None, parallel_workers=16, paths=None, symlink_install=False, test_result_base=None, verb_extension=<colcon_core.verb.build.BuildVerb object at 0x7f74475e7970>, verb_name='build', verb_parser=<colcon_mixin.mixin.mixin_argument.MixinArgumentDecorator object at 0x7f74475e7f40>)
[0.244s] Level 1:colcon.colcon_core.package_discovery:discover_packages(colcon_meta) check parameters
[0.244s] Level 1:colcon.colcon_core.package_discovery:discover_packages(recursive) check parameters
[0.244s] Level 1:colcon.colcon_core.package_discovery:discover_packages(ignore) check parameters
[0.244s] Level 1:colcon.colcon_core.package_discovery:discover_packages(path) check parameters
[0.244s] Level 1:colcon.colcon_core.package_discovery:discover_packages(colcon_meta) discover
[0.245s] Level 1:colcon.colcon_core.package_discovery:discover_packages(recursive) discover
[0.245s] INFO:colcon.colcon_core.package_discovery:Crawling recursively for packages in '/icarus_foxy'
[0.245s] Level 1:colcon.colcon_core.package_identification:_identify(.) by extensions ['ignore', 'ignore_ament_install']
[0.245s] Level 1:colcon.colcon_core.package_identification:_identify(.) by extension 'ignore'
[0.245s] Level 1:colcon.colcon_core.package_identification:_identify(.) by extension 'ignore_ament_install'
[0.245s] Level 1:colcon.colcon_core.package_identification:_identify(.) by extensions ['colcon_pkg']
[0.245s] Level 1:colcon.colcon_core.package_identification:_identify(.) by extension 'colcon_pkg'
[0.245s] Level 1:colcon.colcon_core.package_identification:_identify(.) by extensions ['colcon_meta']
[0.245s] Level 1:colcon.colcon_core.package_identification:_identify(.) by extension 'colcon_meta'
[0.245s] Level 1:colcon.colcon_core.package_identification:_identify(.) by extensions ['ros']
[0.245s] Level 1:colcon.colcon_core.package_identification:_identify(.) by extension 'ros'
[0.262s] Level 1:colcon.colcon_core.package_identification:_identify(.) by extensions ['cmake', 'python']
[0.262s] Level 1:colcon.colcon_core.package_identification:_identify(.) by extension 'cmake'
[0.262s] Level 1:colcon.colcon_core.package_identification:_identify(.) by extension 'python'
[0.262s] Level 1:colcon.colcon_core.package_identification:_identify(.) by extensions ['python_setup_py']
[0.262s] Level 1:colcon.colcon_core.package_identification:_identify(.) by extension 'python_setup_py'
[0.262s] Level 1:colcon.colcon_core.package_identification:_identify(build) by extensions ['ignore', 'ignore_ament_install']
[0.262s] Level 1:colcon.colcon_core.package_identification:_identify(build) by extension 'ignore'
[0.262s] Level 1:colcon.colcon_core.package_identification:_identify(build) ignored
[0.262s] Level 1:colcon.colcon_core.package_identification:_identify(install) by extensions ['ignore', 'ignore_ament_install']
[0.262s] Level 1:colcon.colcon_core.package_identification:_identify(install) by extension 'ignore'
[0.263s] Level 1:colcon.colcon_core.package_identification:_identify(install) ignored
[0.263s] Level 1:colcon.colcon_core.package_identification:_identify(log) by extensions ['ignore', 'ignore_ament_install']
[0.263s] Level 1:colcon.colcon_core.package_identification:_identify(log) by extension 'ignore'
[0.263s] Level 1:colcon.colcon_core.package_identification:_identify(log) ignored
[0.263s] Level 1:colcon.colcon_core.package_identification:_identify(src) by extensions ['ignore', 'ignore_ament_install']
[0.263s] Level 1:colcon.colcon_core.package_identification:_identify(src) by extension 'ignore'
[0.263s] Level 1:colcon.colcon_core.package_identification:_identify(src) by extension 'ignore_ament_install'
[0.263s] Level 1:colcon.colcon_core.package_identification:_identify(src) by extensions ['colcon_pkg']
[0.263s] Level 1:colcon.colcon_core.package_identification:_identify(src) by extension 'colcon_pkg'
[0.263s] Level 1:colcon.colcon_core.package_identification:_identify(src) by extensions ['colcon_meta']
[0.263s] Level 1:colcon.colcon_core.package_identification:_identify(src) by extension 'colcon_meta'
[0.263s] Level 1:colcon.colcon_core.package_identification:_identify(src) by extensions ['ros']
[0.263s] Level 1:colcon.colcon_core.package_identification:_identify(src) by extension 'ros'
[0.263s] Level 1:colcon.colcon_core.package_identification:_identify(src) by extensions ['cmake', 'python']
[0.263s] Level 1:colcon.colcon_core.package_identification:_identify(src) by extension 'cmake'
[0.263s] Level 1:colcon.colcon_core.package_identification:_identify(src) by extension 'python'
[0.263s] Level 1:colcon.colcon_core.package_identification:_identify(src) by extensions ['python_setup_py']
[0.263s] Level 1:colcon.colcon_core.package_identification:_identify(src) by extension 'python_setup_py'
[0.263s] Level 1:colcon.colcon_core.package_identification:_identify(src/joysub) by extensions ['ignore', 'ignore_ament_install']
[0.263s] Level 1:colcon.colcon_core.package_identification:_identify(src/joysub) by extension 'ignore'
[0.263s] Level 1:colcon.colcon_core.package_identification:_identify(src/joysub) by extension 'ignore_ament_install'
[0.263s] Level 1:colcon.colcon_core.package_identification:_identify(src/joysub) by extensions ['colcon_pkg']
[0.263s] Level 1:colcon.colcon_core.package_identification:_identify(src/joysub) by extension 'colcon_pkg'
[0.263s] Level 1:colcon.colcon_core.package_identification:_identify(src/joysub) by extensions ['colcon_meta']
[0.263s] Level 1:colcon.colcon_core.package_identification:_identify(src/joysub) by extension 'colcon_meta'
[0.264s] Level 1:colcon.colcon_core.package_identification:_identify(src/joysub) by extensions ['ros']
[0.264s] Level 1:colcon.colcon_core.package_identification:_identify(src/joysub) by extension 'ros'
[0.266s] DEBUG:colcon.colcon_core.package_identification:Package 'src/joysub' with type 'ros.ament_cmake' and name 'joy_sub'
[0.266s] Level 1:colcon.colcon_core.package_identification:_identify(src/robot_core) by extensions ['ignore', 'ignore_ament_install']
[0.266s] Level 1:colcon.colcon_core.package_identification:_identify(src/robot_core) by extension 'ignore'
[0.266s] Level 1:colcon.colcon_core.package_identification:_identify(src/robot_core) by extension 'ignore_ament_install'
[0.266s] Level 1:colcon.colcon_core.package_identification:_identify(src/robot_core) by extensions ['colcon_pkg']
[0.266s] Level 1:colcon.colcon_core.package_identification:_identify(src/robot_core) by extension 'colcon_pkg'
[0.266s] Level 1:colcon.colcon_core.package_identification:_identify(src/robot_core) by extensions ['colcon_meta']
[0.266s] Level 1:colcon.colcon_core.package_identification:_identify(src/robot_core) by extension 'colcon_meta'
[0.266s] Level 1:colcon.colcon_core.package_identification:_identify(src/robot_core) by extensions ['ros']
[0.266s] Level 1:colcon.colcon_core.package_identification:_identify(src/robot_core) by extension 'ros'
[0.267s] DEBUG:colcon.colcon_core.package_identification:Package 'src/robot_core' with type 'ros.ament_cmake' and name 'robot_core'
[0.267s] Level 1:colcon.colcon_core.package_identification:_identify(src/sllidar_ros2) by extensions ['ignore', 'ignore_ament_install']
[0.267s] Level 1:colcon.colcon_core.package_identification:_identify(src/sllidar_ros2) by extension 'ignore'
[0.267s] Level 1:colcon.colcon_core.package_identification:_identify(src/sllidar_ros2) by extension 'ignore_ament_install'
[0.267s] Level 1:colcon.colcon_core.package_identification:_identify(src/sllidar_ros2) by extensions ['colcon_pkg']
[0.267s] Level 1:colcon.colcon_core.package_identification:_identify(src/sllidar_ros2) by extension 'colcon_pkg'
[0.267s] Level 1:colcon.colcon_core.package_identification:_identify(src/sllidar_ros2) by extensions ['colcon_meta']
[0.267s] Level 1:colcon.colcon_core.package_identification:_identify(src/sllidar_ros2) by extension 'colcon_meta'
[0.267s] Level 1:colcon.colcon_core.package_identification:_identify(src/sllidar_ros2) by extensions ['ros']
[0.267s] Level 1:colcon.colcon_core.package_identification:_identify(src/sllidar_ros2) by extension 'ros'
[0.267s] DEBUG:colcon.colcon_core.package_identification:Package 'src/sllidar_ros2' with type 'ros.ament_cmake' and name 'sllidar_ros2'
[0.267s] Level 1:colcon.colcon_core.package_discovery:discover_packages(recursive) using defaults
[0.267s] Level 1:colcon.colcon_core.package_discovery:discover_packages(ignore) discover
[0.267s] Level 1:colcon.colcon_core.package_discovery:discover_packages(ignore) using defaults
[0.267s] Level 1:colcon.colcon_core.package_discovery:discover_packages(path) discover
[0.267s] Level 1:colcon.colcon_core.package_discovery:discover_packages(path) using defaults
[0.282s] Level 5:colcon.colcon_core.verb:set package 'joy_sub' build argument 'cmake_args' from command line to 'None'
[0.282s] Level 5:colcon.colcon_core.verb:set package 'joy_sub' build argument 'cmake_target' from command line to 'None'
[0.282s] Level 5:colcon.colcon_core.verb:set package 'joy_sub' build argument 'cmake_target_skip_unavailable' from command line to 'False'
[0.282s] Level 5:colcon.colcon_core.verb:set package 'joy_sub' build argument 'cmake_clean_cache' from command line to 'False'
[0.282s] Level 5:colcon.colcon_core.verb:set package 'joy_sub' build argument 'cmake_clean_first' from command line to 'False'
[0.282s] Level 5:colcon.colcon_core.verb:set package 'joy_sub' build argument 'cmake_force_configure' from command line to 'False'
[0.282s] Level 5:colcon.colcon_core.verb:set package 'joy_sub' build argument 'ament_cmake_args' from command line to 'None'
[0.282s] Level 5:colcon.colcon_core.verb:set package 'joy_sub' build argument 'catkin_cmake_args' from command line to 'None'
[0.282s] Level 5:colcon.colcon_core.verb:set package 'joy_sub' build argument 'catkin_skip_building_tests' from command line to 'False'
[0.282s] DEBUG:colcon.colcon_core.verb:Building package 'joy_sub' with the following arguments: {'ament_cmake_args': None, 'build_base': '/icarus_foxy/build/joy_sub', 'catkin_cmake_args': None, 'catkin_skip_building_tests': False, 'cmake_args': None, 'cmake_clean_cache': False, 'cmake_clean_first': False, 'cmake_force_configure': False, 'cmake_target': None, 'cmake_target_skip_unavailable': False, 'install_base': '/icarus_foxy/install/joy_sub', 'merge_install': False, 'path': '/icarus_foxy/src/joysub', 'symlink_install': False, 'test_result_base': None}
[0.283s] Level 5:colcon.colcon_core.verb:set package 'robot_core' build argument 'cmake_args' from command line to 'None'
[0.283s] Level 5:colcon.colcon_core.verb:set package 'robot_core' build argument 'cmake_target' from command line to 'None'
[0.283s] Level 5:colcon.colcon_core.verb:set package 'robot_core' build argument 'cmake_target_skip_unavailable' from command line to 'False'
[0.283s] Level 5:colcon.colcon_core.verb:set package 'robot_core' build argument 'cmake_clean_cache' from command line to 'False'
[0.283s] Level 5:colcon.colcon_core.verb:set package 'robot_core' build argument 'cmake_clean_first' from command line to 'False'
[0.283s] Level 5:colcon.colcon_core.verb:set package 'robot_core' build argument 'cmake_force_configure' from command line to 'False'
[0.283s] Level 5:colcon.colcon_core.verb:set package 'robot_core' build argument 'ament_cmake_args' from command line to 'None'
[0.283s] Level 5:colcon.colcon_core.verb:set package 'robot_core' build argument 'catkin_cmake_args' from command line to 'None'
[0.283s] Level 5:colcon.colcon_core.verb:set package 'robot_core' build argument 'catkin_skip_building_tests' from command line to 'False'
[0.283s] DEBUG:colcon.colcon_core.verb:Building package 'robot_core' with the following arguments: {'ament_cmake_args': None, 'build_base': '/icarus_foxy/build/robot_core', 'catkin_cmake_args': None, 'catkin_skip_building_tests': False, 'cmake_args': None, 'cmake_clean_cache': False, 'cmake_clean_first': False, 'cmake_force_configure': False, 'cmake_target': None, 'cmake_target_skip_unavailable': False, 'install_base': '/icarus_foxy/install/robot_core', 'merge_install': False, 'path': '/icarus_foxy/src/robot_core', 'symlink_install': False, 'test_result_base': None}
[0.284s] Level 5:colcon.colcon_core.verb:set package 'sllidar_ros2' build argument 'cmake_args' from command line to 'None'
[0.284s] Level 5:colcon.colcon_core.verb:set package 'sllidar_ros2' build argument 'cmake_target' from command line to 'None'
[0.284s] Level 5:colcon.colcon_core.verb:set package 'sllidar_ros2' build argument 'cmake_target_skip_unavailable' from command line to 'False'
[0.284s] Level 5:colcon.colcon_core.verb:set package 'sllidar_ros2' build argument 'cmake_clean_cache' from command line to 'False'
[0.284s] Level 5:colcon.colcon_core.verb:set package 'sllidar_ros2' build argument 'cmake_clean_first' from command line to 'False'
[0.284s] Level 5:colcon.colcon_core.verb:set package 'sllidar_ros2' build argument 'cmake_force_configure' from command line to 'False'
[0.284s] Level 5:colcon.colcon_core.verb:set package 'sllidar_ros2' build argument 'ament_cmake_args' from command line to 'None'
[0.284s] Level 5:colcon.colcon_core.verb:set package 'sllidar_ros2' build argument 'catkin_cmake_args' from command line to 'None'
[0.284s] Level 5:colcon.colcon_core.verb:set package 'sllidar_ros2' build argument 'catkin_skip_building_tests' from command line to 'False'
[0.284s] DEBUG:colcon.colcon_core.verb:Building package 'sllidar_ros2' with the following arguments: {'ament_cmake_args': None, 'build_base': '/icarus_foxy/build/sllidar_ros2', 'catkin_cmake_args': None, 'catkin_skip_building_tests': False, 'cmake_args': None, 'cmake_clean_cache': False, 'cmake_clean_first': False, 'cmake_force_configure': False, 'cmake_target': None, 'cmake_target_skip_unavailable': False, 'install_base': '/icarus_foxy/install/sllidar_ros2', 'merge_install': False, 'path': '/icarus_foxy/src/sllidar_ros2', 'symlink_install': False, 'test_result_base': None}
[0.284s] INFO:colcon.colcon_core.executor:Executing jobs using 'parallel' executor
[0.287s] DEBUG:colcon.colcon_parallel_executor.executor.parallel:run_until_complete
[0.287s] INFO:colcon.colcon_ros.task.ament_cmake.build:Building ROS package in '/icarus_foxy/src/joysub' with build type 'ament_cmake'
[0.287s] INFO:colcon.colcon_cmake.task.cmake.build:Building CMake package in '/icarus_foxy/src/joysub'
[0.290s] INFO:colcon.colcon_core.plugin_system:Skipping extension 'colcon_core.shell.bat': Not used on non-Windows systems
[0.290s] INFO:colcon.colcon_core.shell:Skip shell extension 'powershell' for command environment: Not usable outside of PowerShell
[0.290s] DEBUG:colcon.colcon_core.shell:Skip shell extension 'dsv' for command environment
[0.298s] INFO:colcon.colcon_ros.task.ament_cmake.build:Building ROS package in '/icarus_foxy/src/robot_core' with build type 'ament_cmake'
[0.298s] INFO:colcon.colcon_cmake.task.cmake.build:Building CMake package in '/icarus_foxy/src/robot_core'
[0.300s] INFO:colcon.colcon_core.shell:Skip shell extension 'powershell' for command environment: Not usable outside of PowerShell
[0.300s] DEBUG:colcon.colcon_core.shell:Skip shell extension 'dsv' for command environment
[0.306s] INFO:colcon.colcon_ros.task.ament_cmake.build:Building ROS package in '/icarus_foxy/src/sllidar_ros2' with build type 'ament_cmake'
[0.306s] INFO:colcon.colcon_cmake.task.cmake.build:Building CMake package in '/icarus_foxy/src/sllidar_ros2'
[0.308s] INFO:colcon.colcon_core.shell:Skip shell extension 'powershell' for command environment: Not usable outside of PowerShell
[0.308s] DEBUG:colcon.colcon_core.shell:Skip shell extension 'dsv' for command environment
[0.317s] DEBUG:colcon.colcon_core.event_handler.log_command:Invoking command in '/icarus_foxy/build/joy_sub': CMAKE_PREFIX_PATH=/opt/ros/foxy /usr/bin/cmake /icarus_foxy/src/joysub -DCMAKE_INSTALL_PREFIX=/icarus_foxy/install/joy_sub
[0.327s] DEBUG:colcon.colcon_core.event_handler.log_command:Invoking command in '/icarus_foxy/build/robot_core': CMAKE_PREFIX_PATH=/opt/ros/foxy /usr/bin/cmake /icarus_foxy/src/robot_core -DCMAKE_INSTALL_PREFIX=/icarus_foxy/install/robot_core
[0.335s] DEBUG:colcon.colcon_core.event_handler.log_command:Invoking command in '/icarus_foxy/build/sllidar_ros2': CMAKE_PREFIX_PATH=/opt/ros/foxy /usr/bin/cmake /icarus_foxy/src/sllidar_ros2 -DCMAKE_INSTALL_PREFIX=/icarus_foxy/install/sllidar_ros2
[2.324s] DEBUG:colcon.colcon_core.event_handler.log_command:Invoked command in '/icarus_foxy/build/sllidar_ros2' returned '0': CMAKE_PREFIX_PATH=/opt/ros/foxy /usr/bin/cmake /icarus_foxy/src/sllidar_ros2 -DCMAKE_INSTALL_PREFIX=/icarus_foxy/install/sllidar_ros2
[2.329s] DEBUG:colcon.colcon_core.event_handler.log_command:Invoking command in '/icarus_foxy/build/sllidar_ros2': CMAKE_PREFIX_PATH=/opt/ros/foxy /usr/bin/cmake --build /icarus_foxy/build/sllidar_ros2 -- -j16 -l16
[2.349s] DEBUG:colcon.colcon_core.event_handler.log_command:Invoked command in '/icarus_foxy/build/joy_sub' returned '0': CMAKE_PREFIX_PATH=/opt/ros/foxy /usr/bin/cmake /icarus_foxy/src/joysub -DCMAKE_INSTALL_PREFIX=/icarus_foxy/install/joy_sub
[2.353s] DEBUG:colcon.colcon_core.event_handler.log_command:Invoking command in '/icarus_foxy/build/joy_sub': CMAKE_PREFIX_PATH=/opt/ros/foxy /usr/bin/cmake --build /icarus_foxy/build/joy_sub -- -j16 -l16
[3.375s] DEBUG:colcon.colcon_core.event_handler.log_command:Invoked command in '/icarus_foxy/build/robot_core' returned '0': CMAKE_PREFIX_PATH=/opt/ros/foxy /usr/bin/cmake /icarus_foxy/src/robot_core -DCMAKE_INSTALL_PREFIX=/icarus_foxy/install/robot_core
[3.377s] DEBUG:colcon.colcon_core.event_handler.log_command:Invoking command in '/icarus_foxy/build/robot_core': CMAKE_PREFIX_PATH=/opt/ros/foxy /usr/bin/cmake --build /icarus_foxy/build/robot_core -- -j16 -l16
[7.466s] DEBUG:colcon.colcon_core.event_handler.log_command:Invoked command in '/icarus_foxy/build/sllidar_ros2' returned '0': CMAKE_PREFIX_PATH=/opt/ros/foxy /usr/bin/cmake --build /icarus_foxy/build/sllidar_ros2 -- -j16 -l16
[7.550s] DEBUG:colcon.colcon_core.event_handler.log_command:Invoking command in '/icarus_foxy/build/sllidar_ros2': CMAKE_PREFIX_PATH=/opt/ros/foxy /usr/bin/cmake --install /icarus_foxy/build/sllidar_ros2
[7.555s] DEBUG:colcon.colcon_core.event_handler.log_command:Invoked command in '/icarus_foxy/build/joy_sub' returned '0': CMAKE_PREFIX_PATH=/opt/ros/foxy /usr/bin/cmake --build /icarus_foxy/build/joy_sub -- -j16 -l16
[7.577s] Level 1:colcon.colcon_core.environment:create_environment_scripts_only(sllidar_ros2)
[7.577s] DEBUG:colcon.colcon_core.event_handler.log_command:Invoked command in '/icarus_foxy/build/sllidar_ros2' returned '0': CMAKE_PREFIX_PATH=/opt/ros/foxy /usr/bin/cmake --install /icarus_foxy/build/sllidar_ros2
[7.583s] Level 1:colcon.colcon_core.environment:checking '/icarus_foxy/install/sllidar_ros2' for CMake module files
[7.584s] Level 1:colcon.colcon_core.environment:checking '/icarus_foxy/install/sllidar_ros2' for CMake config files
[7.584s] Level 1:colcon.colcon_core.shell:create_environment_hook('sllidar_ros2', 'cmake_prefix_path')
[7.585s] INFO:colcon.colcon_core.shell:Creating environment hook '/icarus_foxy/install/sllidar_ros2/share/sllidar_ros2/hook/cmake_prefix_path.ps1'
[7.586s] INFO:colcon.colcon_core.shell:Creating environment descriptor '/icarus_foxy/install/sllidar_ros2/share/sllidar_ros2/hook/cmake_prefix_path.dsv'
[7.587s] INFO:colcon.colcon_core.shell:Creating environment hook '/icarus_foxy/install/sllidar_ros2/share/sllidar_ros2/hook/cmake_prefix_path.sh'
[7.587s] Level 1:colcon.colcon_core.environment:checking '/icarus_foxy/install/sllidar_ros2/lib'
[7.588s] Level 1:colcon.colcon_core.environment:checking '/icarus_foxy/install/sllidar_ros2/bin'
[7.588s] Level 1:colcon.colcon_core.environment:checking '/icarus_foxy/install/sllidar_ros2/lib/pkgconfig/sllidar_ros2.pc'
[7.589s] Level 1:colcon.colcon_core.environment:checking '/icarus_foxy/install/sllidar_ros2/lib/python3.8/site-packages'
[7.589s] Level 1:colcon.colcon_core.environment:checking '/icarus_foxy/install/sllidar_ros2/bin'
[7.590s] INFO:colcon.colcon_core.shell:Creating package script '/icarus_foxy/install/sllidar_ros2/share/sllidar_ros2/package.ps1'
[7.590s] INFO:colcon.colcon_core.shell:Creating package descriptor '/icarus_foxy/install/sllidar_ros2/share/sllidar_ros2/package.dsv'
[7.591s] INFO:colcon.colcon_core.shell:Creating package script '/icarus_foxy/install/sllidar_ros2/share/sllidar_ros2/package.sh'
[7.592s] INFO:colcon.colcon_core.shell:Creating package script '/icarus_foxy/install/sllidar_ros2/share/sllidar_ros2/package.bash'
[7.593s] INFO:colcon.colcon_core.shell:Creating package script '/icarus_foxy/install/sllidar_ros2/share/sllidar_ros2/package.zsh'
[7.593s] Level 1:colcon.colcon_core.environment:create_file_with_runtime_dependencies(/icarus_foxy/install/sllidar_ros2/share/colcon-core/packages/sllidar_ros2)
[7.600s] DEBUG:colcon.colcon_core.event_handler.log_command:Invoking command in '/icarus_foxy/build/joy_sub': CMAKE_PREFIX_PATH=/opt/ros/foxy /usr/bin/cmake --install /icarus_foxy/build/joy_sub
[7.615s] Level 1:colcon.colcon_core.environment:create_environment_scripts_only(joy_sub)
[7.617s] Level 1:colcon.colcon_core.environment:checking '/icarus_foxy/install/joy_sub' for CMake module files
[7.617s] DEBUG:colcon.colcon_core.event_handler.log_command:Invoked command in '/icarus_foxy/build/joy_sub' returned '0': CMAKE_PREFIX_PATH=/opt/ros/foxy /usr/bin/cmake --install /icarus_foxy/build/joy_sub
[7.618s] Level 1:colcon.colcon_core.environment:checking '/icarus_foxy/install/joy_sub' for CMake config files
[7.618s] Level 1:colcon.colcon_core.shell:create_environment_hook('joy_sub', 'cmake_prefix_path')
[7.619s] INFO:colcon.colcon_core.shell:Creating environment hook '/icarus_foxy/install/joy_sub/share/joy_sub/hook/cmake_prefix_path.ps1'
[7.619s] INFO:colcon.colcon_core.shell:Creating environment descriptor '/icarus_foxy/install/joy_sub/share/joy_sub/hook/cmake_prefix_path.dsv'
[7.620s] INFO:colcon.colcon_core.shell:Creating environment hook '/icarus_foxy/install/joy_sub/share/joy_sub/hook/cmake_prefix_path.sh'
[7.620s] Level 1:colcon.colcon_core.environment:checking '/icarus_foxy/install/joy_sub/lib'
[7.620s] Level 1:colcon.colcon_core.environment:checking '/icarus_foxy/install/joy_sub/bin'
[7.620s] Level 1:colcon.colcon_core.environment:checking '/icarus_foxy/install/joy_sub/lib/pkgconfig/joy_sub.pc'
[7.620s] Level 1:colcon.colcon_core.environment:checking '/icarus_foxy/install/joy_sub/lib/python3.8/site-packages'
[7.621s] Level 1:colcon.colcon_core.environment:checking '/icarus_foxy/install/joy_sub/bin'
[7.622s] INFO:colcon.colcon_core.shell:Creating package script '/icarus_foxy/install/joy_sub/share/joy_sub/package.ps1'
[7.622s] INFO:colcon.colcon_core.shell:Creating package descriptor '/icarus_foxy/install/joy_sub/share/joy_sub/package.dsv'
[7.622s] INFO:colcon.colcon_core.shell:Creating package script '/icarus_foxy/install/joy_sub/share/joy_sub/package.sh'
[7.623s] INFO:colcon.colcon_core.shell:Creating package script '/icarus_foxy/install/joy_sub/share/joy_sub/package.bash'
[7.623s] INFO:colcon.colcon_core.shell:Creating package script '/icarus_foxy/install/joy_sub/share/joy_sub/package.zsh'
[7.623s] Level 1:colcon.colcon_core.environment:create_file_with_runtime_dependencies(/icarus_foxy/install/joy_sub/share/colcon-core/packages/joy_sub)
[7.653s] Level 1:colcon.colcon_core.environment:create_environment_scripts_only(joy_sub)
[7.655s] Level 1:colcon.colcon_core.environment:checking '/icarus_foxy/install/joy_sub' for CMake module files
[7.655s] Level 1:colcon.colcon_core.environment:checking '/icarus_foxy/install/joy_sub' for CMake config files
[7.655s] Level 1:colcon.colcon_core.shell:create_environment_hook('joy_sub', 'cmake_prefix_path')
[7.656s] INFO:colcon.colcon_core.shell:Creating environment hook '/icarus_foxy/install/joy_sub/share/joy_sub/hook/cmake_prefix_path.ps1'
[7.657s] INFO:colcon.colcon_core.shell:Creating environment descriptor '/icarus_foxy/install/joy_sub/share/joy_sub/hook/cmake_prefix_path.dsv'
[7.657s] INFO:colcon.colcon_core.shell:Creating environment hook '/icarus_foxy/install/joy_sub/share/joy_sub/hook/cmake_prefix_path.sh'
[7.657s] Level 1:colcon.colcon_core.environment:checking '/icarus_foxy/install/joy_sub/lib'
[7.657s] Level 1:colcon.colcon_core.environment:checking '/icarus_foxy/install/joy_sub/bin'
[7.657s] Level 1:colcon.colcon_core.environment:checking '/icarus_foxy/install/joy_sub/lib/pkgconfig/joy_sub.pc'
[7.658s] Level 1:colcon.colcon_core.environment:checking '/icarus_foxy/install/joy_sub/lib/python3.8/site-packages'
[7.658s] Level 1:colcon.colcon_core.environment:checking '/icarus_foxy/install/joy_sub/bin'
[7.659s] INFO:colcon.colcon_core.shell:Creating package script '/icarus_foxy/install/joy_sub/share/joy_sub/package.ps1'
[7.659s] INFO:colcon.colcon_core.shell:Creating package descriptor '/icarus_foxy/install/joy_sub/share/joy_sub/package.dsv'
[7.660s] INFO:colcon.colcon_core.shell:Creating package script '/icarus_foxy/install/joy_sub/share/joy_sub/package.sh'
[7.660s] INFO:colcon.colcon_core.shell:Creating package script '/icarus_foxy/install/joy_sub/share/joy_sub/package.bash'
[7.660s] INFO:colcon.colcon_core.shell:Creating package script '/icarus_foxy/install/joy_sub/share/joy_sub/package.zsh'
[7.661s] Level 1:colcon.colcon_core.environment:create_file_with_runtime_dependencies(/icarus_foxy/install/joy_sub/share/colcon-core/packages/joy_sub)
[7.662s] Level 1:colcon.colcon_core.environment:create_environment_scripts_only(sllidar_ros2)
[7.664s] Level 1:colcon.colcon_core.environment:checking '/icarus_foxy/install/sllidar_ros2' for CMake module files
[7.664s] Level 1:colcon.colcon_core.environment:checking '/icarus_foxy/install/sllidar_ros2' for CMake config files
[7.664s] Level 1:colcon.colcon_core.shell:create_environment_hook('sllidar_ros2', 'cmake_prefix_path')
[7.665s] INFO:colcon.colcon_core.shell:Creating environment hook '/icarus_foxy/install/sllidar_ros2/share/sllidar_ros2/hook/cmake_prefix_path.ps1'
[7.666s] INFO:colcon.colcon_core.shell:Creating environment descriptor '/icarus_foxy/install/sllidar_ros2/share/sllidar_ros2/hook/cmake_prefix_path.dsv'
[7.666s] INFO:colcon.colcon_core.shell:Creating environment hook '/icarus_foxy/install/sllidar_ros2/share/sllidar_ros2/hook/cmake_prefix_path.sh'
[7.666s] Level 1:colcon.colcon_core.environment:checking '/icarus_foxy/install/sllidar_ros2/lib'
[7.666s] Level 1:colcon.colcon_core.environment:checking '/icarus_foxy/install/sllidar_ros2/bin'
[7.666s] Level 1:colcon.colcon_core.environment:checking '/icarus_foxy/install/sllidar_ros2/lib/pkgconfig/sllidar_ros2.pc'
[7.667s] Level 1:colcon.colcon_core.environment:checking '/icarus_foxy/install/sllidar_ros2/lib/python3.8/site-packages'
[7.667s] Level 1:colcon.colcon_core.environment:checking '/icarus_foxy/install/sllidar_ros2/bin'
[7.668s] INFO:colcon.colcon_core.shell:Creating package script '/icarus_foxy/install/sllidar_ros2/share/sllidar_ros2/package.ps1'
[7.668s] INFO:colcon.colcon_core.shell:Creating package descriptor '/icarus_foxy/install/sllidar_ros2/share/sllidar_ros2/package.dsv'
[7.668s] INFO:colcon.colcon_core.shell:Creating package script '/icarus_foxy/install/sllidar_ros2/share/sllidar_ros2/package.sh'
[7.669s] INFO:colcon.colcon_core.shell:Creating package script '/icarus_foxy/install/sllidar_ros2/share/sllidar_ros2/package.bash'
[7.669s] INFO:colcon.colcon_core.shell:Creating package script '/icarus_foxy/install/sllidar_ros2/share/sllidar_ros2/package.zsh'
[7.669s] Level 1:colcon.colcon_core.environment:create_file_with_runtime_dependencies(/icarus_foxy/install/sllidar_ros2/share/colcon-core/packages/sllidar_ros2)
[8.402s] DEBUG:colcon.colcon_core.event_handler.log_command:Invoked command in '/icarus_foxy/build/robot_core' returned '0': CMAKE_PREFIX_PATH=/opt/ros/foxy /usr/bin/cmake --build /icarus_foxy/build/robot_core -- -j16 -l16
[8.434s] DEBUG:colcon.colcon_core.event_handler.log_command:Invoking command in '/icarus_foxy/build/robot_core': CMAKE_PREFIX_PATH=/opt/ros/foxy /usr/bin/cmake --install /icarus_foxy/build/robot_core
[8.453s] Level 1:colcon.colcon_core.environment:create_environment_scripts_only(robot_core)
[8.455s] Level 1:colcon.colcon_core.environment:checking '/icarus_foxy/install/robot_core' for CMake module files
[8.455s] DEBUG:colcon.colcon_core.event_handler.log_command:Invoked command in '/icarus_foxy/build/robot_core' returned '0': CMAKE_PREFIX_PATH=/opt/ros/foxy /usr/bin/cmake --install /icarus_foxy/build/robot_core
[8.456s] Level 1:colcon.colcon_core.environment:checking '/icarus_foxy/install/robot_core' for CMake config files
[8.456s] Level 1:colcon.colcon_core.shell:create_environment_hook('robot_core', 'cmake_prefix_path')
[8.457s] INFO:colcon.colcon_core.shell:Creating environment hook '/icarus_foxy/install/robot_core/share/robot_core/hook/cmake_prefix_path.ps1'
[8.457s] INFO:colcon.colcon_core.shell:Creating environment descriptor '/icarus_foxy/install/robot_core/share/robot_core/hook/cmake_prefix_path.dsv'
[8.457s] INFO:colcon.colcon_core.shell:Creating environment hook '/icarus_foxy/install/robot_core/share/robot_core/hook/cmake_prefix_path.sh'
[8.458s] Level 1:colcon.colcon_core.environment:checking '/icarus_foxy/install/robot_core/lib'
[8.458s] Level 1:colcon.colcon_core.environment:checking '/icarus_foxy/install/robot_core/bin'
[8.458s] Level 1:colcon.colcon_core.environment:checking '/icarus_foxy/install/robot_core/lib/pkgconfig/robot_core.pc'
[8.458s] Level 1:colcon.colcon_core.environment:checking '/icarus_foxy/install/robot_core/lib/python3.8/site-packages'
[8.458s] Level 1:colcon.colcon_core.environment:checking '/icarus_foxy/install/robot_core/bin'
[8.459s] INFO:colcon.colcon_core.shell:Creating package script '/icarus_foxy/install/robot_core/share/robot_core/package.ps1'
[8.459s] INFO:colcon.colcon_core.shell:Creating package descriptor '/icarus_foxy/install/robot_core/share/robot_core/package.dsv'
[8.459s] INFO:colcon.colcon_core.shell:Creating package script '/icarus_foxy/install/robot_core/share/robot_core/package.sh'
[8.460s] INFO:colcon.colcon_core.shell:Creating package script '/icarus_foxy/install/robot_core/share/robot_core/package.bash'
[8.460s] INFO:colcon.colcon_core.shell:Creating package script '/icarus_foxy/install/robot_core/share/robot_core/package.zsh'
[8.460s] Level 1:colcon.colcon_core.environment:create_file_with_runtime_dependencies(/icarus_foxy/install/robot_core/share/colcon-core/packages/robot_core)
[8.491s] Level 1:colcon.colcon_core.environment:create_environment_scripts_only(robot_core)
[8.492s] Level 1:colcon.colcon_core.environment:checking '/icarus_foxy/install/robot_core' for CMake module files
[8.493s] Level 1:colcon.colcon_core.environment:checking '/icarus_foxy/install/robot_core' for CMake config files
[8.493s] Level 1:colcon.colcon_core.shell:create_environment_hook('robot_core', 'cmake_prefix_path')
[8.494s] INFO:colcon.colcon_core.shell:Creating environment hook '/icarus_foxy/install/robot_core/share/robot_core/hook/cmake_prefix_path.ps1'
[8.494s] INFO:colcon.colcon_core.shell:Creating environment descriptor '/icarus_foxy/install/robot_core/share/robot_core/hook/cmake_prefix_path.dsv'
[8.494s] INFO:colcon.colcon_core.shell:Creating environment hook '/icarus_foxy/install/robot_core/share/robot_core/hook/cmake_prefix_path.sh'
[8.495s] Level 1:colcon.colcon_core.environment:checking '/icarus_foxy/install/robot_core/lib'
[8.495s] Level 1:colcon.colcon_core.environment:checking '/icarus_foxy/install/robot_core/bin'
[8.495s] Level 1:colcon.colcon_core.environment:checking '/icarus_foxy/install/robot_core/lib/pkgconfig/robot_core.pc'
[8.495s] Level 1:colcon.colcon_core.environment:checking '/icarus_foxy/install/robot_core/lib/python3.8/site-packages'
[8.495s] Level 1:colcon.colcon_core.environment:checking '/icarus_foxy/install/robot_core/bin'
[8.496s] INFO:colcon.colcon_core.shell:Creating package script '/icarus_foxy/install/robot_core/share/robot_core/package.ps1'
[8.496s] INFO:colcon.colcon_core.shell:Creating package descriptor '/icarus_foxy/install/robot_core/share/robot_core/package.dsv'
[8.496s] INFO:colcon.colcon_core.shell:Creating package script '/icarus_foxy/install/robot_core/share/robot_core/package.sh'
[8.497s] INFO:colcon.colcon_core.shell:Creating package script '/icarus_foxy/install/robot_core/share/robot_core/package.bash'
[8.497s] INFO:colcon.colcon_core.shell:Creating package script '/icarus_foxy/install/robot_core/share/robot_core/package.zsh'
[8.497s] Level 1:colcon.colcon_core.environment:create_file_with_runtime_dependencies(/icarus_foxy/install/robot_core/share/colcon-core/packages/robot_core)
[8.498s] DEBUG:colcon.colcon_parallel_executor.executor.parallel:closing loop
[8.498s] DEBUG:colcon.colcon_parallel_executor.executor.parallel:loop closed
[8.498s] DEBUG:colcon.colcon_parallel_executor.executor.parallel:run_until_complete finished with '0'
[8.498s] DEBUG:colcon.colcon_core.event_reactor:joining thread
[8.506s] INFO:colcon.colcon_core.plugin_system:Skipping extension 'colcon_notification.desktop_notification.notify_send': Could not find 'notify-send'
[8.506s] INFO:colcon.colcon_core.plugin_system:Skipping extension 'colcon_notification.desktop_notification.terminal_notifier': Not used on non-Darwin systems
[8.506s] INFO:colcon.colcon_core.plugin_system:Skipping extension 'colcon_notification.desktop_notification.win32': Not used on non-Windows systems
[8.506s] INFO:colcon.colcon_notification.desktop_notification:Sending desktop notification using 'notify2'
[8.508s] DEBUG:colcon.colcon_notification.desktop_notification.notify2:Failed to initialize notify2: org.freedesktop.DBus.Error.Spawn.ExecFailed: /usr/bin/dbus-launch terminated abnormally without any error message
[8.509s] DEBUG:colcon.colcon_core.event_reactor:joined thread
[8.510s] INFO:colcon.colcon_core.shell:Creating prefix script '/icarus_foxy/install/local_setup.ps1'
[8.511s] INFO:colcon.colcon_core.shell:Creating prefix util module '/icarus_foxy/install/_local_setup_util_ps1.py'
[8.512s] INFO:colcon.colcon_core.shell:Creating prefix chain script '/icarus_foxy/install/setup.ps1'
[8.514s] INFO:colcon.colcon_core.shell:Creating prefix script '/icarus_foxy/install/local_setup.sh'
[8.514s] INFO:colcon.colcon_core.shell:Creating prefix util module '/icarus_foxy/install/_local_setup_util_sh.py'
[8.515s] INFO:colcon.colcon_core.shell:Creating prefix chain script '/icarus_foxy/install/setup.sh'
[8.516s] INFO:colcon.colcon_core.shell:Creating prefix script '/icarus_foxy/install/local_setup.bash'
[8.516s] INFO:colcon.colcon_core.shell:Creating prefix chain script '/icarus_foxy/install/setup.bash'
[8.517s] INFO:colcon.colcon_core.shell:Creating prefix script '/icarus_foxy/install/local_setup.zsh'
[8.518s] INFO:colcon.colcon_core.shell:Creating prefix chain script '/icarus_foxy/install/setup.zsh'
