[0.028s] Invoking command in '/icarus_foxy/build/robot_core': CMAKE_PREFIX_PATH=/opt/ros/foxy /usr/bin/cmake /icarus_foxy/src/robot_core -DCMAKE_INSTALL_PREFIX=/icarus_foxy/install/robot_core
[0.205s] -- The C compiler identification is GNU 9.4.0
[0.332s] -- The CXX compiler identification is GNU 9.4.0
[0.339s] -- Check for working C compiler: /usr/bin/cc
[0.414s] -- Check for working C compiler: /usr/bin/cc -- works
[0.416s] -- Detecting C compiler ABI info
[0.488s] -- Detecting C compiler ABI info - done
[0.496s] -- Detecting C compile features
[0.497s] -- Detecting C compile features - done
[0.500s] -- Check for working CXX compiler: /usr/bin/c++
[0.587s] -- Check for working CXX compiler: /usr/bin/c++ -- works
[0.588s] -- Detecting CXX compiler ABI info
[0.684s] -- Detecting CXX compiler ABI info - done
[0.694s] -- Detecting CXX compile features
[0.695s] -- Detecting CXX compile features - done
[0.708s] -- Found ament_cmake: 0.9.12 (/opt/ros/foxy/share/ament_cmake/cmake)
[0.738s] -- Found PythonInterp: /usr/bin/python3 (found suitable version "3.8.10", minimum required is "3") 
[0.738s] -- Using PYTHON_EXECUTABLE: /usr/bin/python3
[0.913s] -- Found ament_lint_auto: 0.9.8 (/opt/ros/foxy/share/ament_lint_auto/cmake)
[0.917s] -- Found geometry_msgs: 2.0.5 (/opt/ros/foxy/share/geometry_msgs/cmake)
[0.963s] -- Using all available rosidl_typesupport_c: rosidl_typesupport_fastrtps_c;rosidl_typesupport_introspection_c
[0.974s] -- Found rosidl_adapter: 1.3.1 (/opt/ros/foxy/share/rosidl_adapter/cmake)
[1.109s] -- Found OpenSSL: /usr/lib/x86_64-linux-gnu/libcrypto.so (found version "1.1.1f")  
[1.144s] -- Found FastRTPS: /opt/ros/foxy/include  
[1.246s] -- Using all available rosidl_typesupport_cpp: rosidl_typesupport_fastrtps_cpp;rosidl_typesupport_introspection_cpp
[1.335s] -- Found rclcpp: 2.4.3 (/opt/ros/foxy/share/rclcpp/cmake)
[1.381s] -- Found rmw_implementation_cmake: 1.0.4 (/opt/ros/foxy/share/rmw_implementation_cmake/cmake)
[1.382s] -- Using RMW implementation 'rmw_fastrtps_cpp' as default
[1.383s] -- Looking for pthread.h
[1.475s] -- Looking for pthread.h - found
[1.475s] -- Performing Test CMAKE_HAVE_LIBC_PTHREAD
[1.566s] -- Performing Test CMAKE_HAVE_LIBC_PTHREAD - Failed
[1.566s] -- Looking for pthread_create in pthreads
[1.635s] -- Looking for pthread_create in pthreads - not found
[1.636s] -- Looking for pthread_create in pthread
[1.719s] -- Looking for pthread_create in pthread - found
[1.720s] -- Found Threads: TRUE  
[1.857s] -- Found tf2: 0.13.14 (/opt/ros/foxy/share/tf2/cmake)
[1.871s] -- Found tf2_geometry_msgs: 0.13.14 (/opt/ros/foxy/share/tf2_geometry_msgs/cmake)
[1.881s] -- Found eigen3_cmake_module: 0.1.1 (/opt/ros/foxy/share/eigen3_cmake_module/cmake)
[1.887s] -- Found Eigen3: TRUE (found version "3.3.7") 
[2.323s] -- Found sensor_msgs: 2.0.5 (/opt/ros/foxy/share/sensor_msgs/cmake)
[2.473s] -- Found nav_msgs: 2.0.5 (/opt/ros/foxy/share/nav_msgs/cmake)
[2.758s] CMake Warning at CMakeLists.txt:24 (find_package):
[2.758s]   By not providing "Findros2_control.cmake" in CMAKE_MODULE_PATH this project
[2.758s]   has asked CMake to find a package configuration file provided by
[2.758s]   "ros2_control", but CMake did not find one.
[2.758s] 
[2.758s]   Could not find a package configuration file provided by "ros2_control" with
[2.758s]   any of the following names:
[2.758s] 
[2.758s]     ros2_controlConfig.cmake
[2.759s]     ros2_control-config.cmake
[2.759s] 
[2.759s]   Add the installation prefix of "ros2_control" to CMAKE_PREFIX_PATH or set
[2.759s]   "ros2_control_DIR" to a directory containing one of the above files.  If
[2.759s]   "ros2_control" provides a separate development package or SDK, be sure it
[2.759s]   has been installed.
[2.759s] 
[2.759s] 
[2.980s] -- Added test 'cppcheck' to perform static code analysis on C / C++ code
[2.980s] -- Configured cppcheck include dirs: 
[2.980s] -- Configured cppcheck exclude dirs and/or files: 
[2.981s] -- Added test 'flake8' to check Python code syntax and style conventions
[2.983s] -- Added test 'lint_cmake' to check CMake code style
[2.984s] -- Added test 'pep257' to check Python code against some of the style conventions in PEP 257
[2.987s] -- Added test 'uncrustify' to check C / C++ code style
[2.988s] -- Configured uncrustify additional arguments: 
[3.001s] -- Added test 'xmllint' to check XML markup files
[3.010s] -- Configuring done
[3.048s] -- Generating done
[3.052s] -- Build files have been written to: /icarus_foxy/build/robot_core
[3.075s] Invoked command in '/icarus_foxy/build/robot_core' returned '0': CMAKE_PREFIX_PATH=/opt/ros/foxy /usr/bin/cmake /icarus_foxy/src/robot_core -DCMAKE_INSTALL_PREFIX=/icarus_foxy/install/robot_core
[3.077s] Invoking command in '/icarus_foxy/build/robot_core': CMAKE_PREFIX_PATH=/opt/ros/foxy /usr/bin/cmake --build /icarus_foxy/build/robot_core -- -j16 -l16
[3.176s] [35m[1mScanning dependencies of target nav_publisher[0m
[3.178s] [35m[1mScanning dependencies of target tf_listener[0m
[3.259s] [ 25%] [32mBuilding CXX object CMakeFiles/nav_publisher.dir/src/nav2/differential_drive2.cpp.o[0m
[3.262s] [ 50%] [32mBuilding CXX object CMakeFiles/tf_listener.dir/src/nav2/tf_listener.cpp.o[0m
[6.174s] [ 75%] [32m[1mLinking CXX executable tf_listener[0m
[6.381s] [ 75%] Built target tf_listener
[7.877s] [100%] [32m[1mLinking CXX executable nav_publisher[0m
[8.091s] [100%] Built target nav_publisher
[8.102s] Invoked command in '/icarus_foxy/build/robot_core' returned '0': CMAKE_PREFIX_PATH=/opt/ros/foxy /usr/bin/cmake --build /icarus_foxy/build/robot_core -- -j16 -l16
[8.134s] Invoking command in '/icarus_foxy/build/robot_core': CMAKE_PREFIX_PATH=/opt/ros/foxy /usr/bin/cmake --install /icarus_foxy/build/robot_core
[8.143s] -- Install configuration: ""
[8.143s] -- Installing: /icarus_foxy/install/robot_core/share/robot_core/src
[8.143s] -- Installing: /icarus_foxy/install/robot_core/share/robot_core/src/robot_description
[8.143s] -- Installing: /icarus_foxy/install/robot_core/share/robot_core/src/robot_description/robot_core_ros_2_control.urdf
[8.143s] -- Installing: /icarus_foxy/install/robot_core/share/robot_core/src/robot_description/robot_core.urdf
[8.144s] -- Installing: /icarus_foxy/install/robot_core/share/robot_core/src/nav2
[8.144s] -- Installing: /icarus_foxy/install/robot_core/share/robot_core/src/nav2/differential_drive2.cpp
[8.144s] -- Installing: /icarus_foxy/install/robot_core/share/robot_core/src/nav2/tf_listener.cpp
[8.144s] -- Installing: /icarus_foxy/install/robot_core/share/robot_core/src/nav2/differential_drive.cpp
[8.144s] -- Installing: /icarus_foxy/install/robot_core/share/robot_core/launch
[8.144s] -- Installing: /icarus_foxy/install/robot_core/share/robot_core/launch/display.launch.py
[8.145s] -- Installing: /icarus_foxy/install/robot_core/share/robot_core/rviz
[8.145s] -- Installing: /icarus_foxy/install/robot_core/share/robot_core/rviz/urdf_config.rviz
[8.145s] -- Installing: /icarus_foxy/install/robot_core/share/robot_core/world
[8.145s] -- Installing: /icarus_foxy/install/robot_core/share/robot_core/world/my_world.sdf
[8.145s] -- Installing: /icarus_foxy/install/robot_core/share/robot_core/controllers
[8.145s] -- Installing: /icarus_foxy/install/robot_core/share/robot_core/controllers/mux.yaml
[8.146s] -- Installing: /icarus_foxy/install/robot_core/share/robot_core/controllers/controllers.yaml
[8.146s] -- Installing: /icarus_foxy/install/robot_core/lib/robot_core/nav_publisher
[8.149s] -- Set runtime path of "/icarus_foxy/install/robot_core/lib/robot_core/nav_publisher" to ""
[8.149s] -- Installing: /icarus_foxy/install/robot_core/lib/robot_core/tf_listener
[8.150s] -- Set runtime path of "/icarus_foxy/install/robot_core/lib/robot_core/tf_listener" to ""
[8.150s] -- Installing: /icarus_foxy/install/robot_core/share/ament_index/resource_index/package_run_dependencies/robot_core
[8.150s] -- Installing: /icarus_foxy/install/robot_core/share/ament_index/resource_index/parent_prefix_path/robot_core
[8.150s] -- Installing: /icarus_foxy/install/robot_core/share/robot_core/environment/ament_prefix_path.sh
[8.151s] -- Installing: /icarus_foxy/install/robot_core/share/robot_core/environment/ament_prefix_path.dsv
[8.151s] -- Installing: /icarus_foxy/install/robot_core/share/robot_core/environment/path.sh
[8.151s] -- Installing: /icarus_foxy/install/robot_core/share/robot_core/environment/path.dsv
[8.151s] -- Installing: /icarus_foxy/install/robot_core/share/robot_core/local_setup.bash
[8.151s] -- Installing: /icarus_foxy/install/robot_core/share/robot_core/local_setup.sh
[8.151s] -- Installing: /icarus_foxy/install/robot_core/share/robot_core/local_setup.zsh
[8.151s] -- Installing: /icarus_foxy/install/robot_core/share/robot_core/local_setup.dsv
[8.151s] -- Installing: /icarus_foxy/install/robot_core/share/robot_core/package.dsv
[8.152s] -- Installing: /icarus_foxy/install/robot_core/share/ament_index/resource_index/packages/robot_core
[8.152s] -- Installing: /icarus_foxy/install/robot_core/share/robot_core/cmake/robot_coreConfig.cmake
[8.152s] -- Installing: /icarus_foxy/install/robot_core/share/robot_core/cmake/robot_coreConfig-version.cmake
[8.152s] -- Installing: /icarus_foxy/install/robot_core/share/robot_core/package.xml
[8.156s] Invoked command in '/icarus_foxy/build/robot_core' returned '0': CMAKE_PREFIX_PATH=/opt/ros/foxy /usr/bin/cmake --install /icarus_foxy/build/robot_core
