-- Found ament_cmake: 0.9.12 (/opt/ros/foxy/share/ament_cmake/cmake)
-- Using PYTHON_EXECUTABLE: /usr/bin/python3
-- Override CMake install command with custom implementation using symlinks instead of copying resources
-- Found ament_lint_auto: 0.9.8 (/opt/ros/foxy/share/ament_lint_auto/cmake)
-- Found geometry_msgs: 2.0.5 (/opt/ros/foxy/share/geometry_msgs/cmake)
-- Using all available rosidl_typesupport_c: rosidl_typesupport_fastrtps_c;rosidl_typesupport_introspection_c
-- Found rosidl_adapter: 1.3.1 (/opt/ros/foxy/share/rosidl_adapter/cmake)
-- Using all available rosidl_typesupport_cpp: rosidl_typesupport_fastrtps_cpp;rosidl_typesupport_introspection_cpp
-- Found rclcpp: 2.4.3 (/opt/ros/foxy/share/rclcpp/cmake)
-- Found rmw_implementation_cmake: 1.0.4 (/opt/ros/foxy/share/rmw_implementation_cmake/cmake)
-- Using RMW implementation 'rmw_fastrtps_cpp' as default
-- Found tf2: 0.13.14 (/opt/ros/foxy/share/tf2/cmake)
-- Found tf2_geometry_msgs: 0.13.14 (/opt/ros/foxy/share/tf2_geometry_msgs/cmake)
-- Found eigen3_cmake_module: 0.1.1 (/opt/ros/foxy/share/eigen3_cmake_module/cmake)
-- Found sensor_msgs: 2.0.5 (/opt/ros/foxy/share/sensor_msgs/cmake)
-- Found nav_msgs: 2.0.5 (/opt/ros/foxy/share/nav_msgs/cmake)
CMake Warning at CMakeLists.txt:24 (find_package):
  By not providing "Findros2_control.cmake" in CMAKE_MODULE_PATH this project
  has asked CMake to find a package configuration file provided by
  "ros2_control", but CMake did not find one.

  Could not find a package configuration file provided by "ros2_control" with
  any of the following names:

    ros2_controlConfig.cmake
    ros2_control-config.cmake

  Add the installation prefix of "ros2_control" to CMAKE_PREFIX_PATH or set
  "ros2_control_DIR" to a directory containing one of the above files.  If
  "ros2_control" provides a separate development package or SDK, be sure it
  has been installed.


-- Added test 'cppcheck' to perform static code analysis on C / C++ code
-- Configured cppcheck include dirs: 
-- Configured cppcheck exclude dirs and/or files: 
-- Added test 'flake8' to check Python code syntax and style conventions
-- Added test 'lint_cmake' to check CMake code style
-- Added test 'pep257' to check Python code against some of the style conventions in PEP 257
-- Added test 'uncrustify' to check C / C++ code style
-- Configured uncrustify additional arguments: 
-- Added test 'xmllint' to check XML markup files
-- Configuring done
-- Generating done
-- Build files have been written to: /icarus_foxy/build/robot_core
[ 25%] [32m[1mLinking CXX executable nav_publisher[0m
[ 50%] [32m[1mLinking CXX executable tf_listener[0m
[ 75%] Built target tf_listener
[100%] Built target nav_publisher
-- Install configuration: ""
-- Execute custom install script
-- Symlinking: /icarus_foxy/install/robot_core/share/robot_core/src/nav2/differential_drive.cpp
-- Symlinking: /icarus_foxy/install/robot_core/share/robot_core/src/nav2/differential_drive2.cpp
-- Symlinking: /icarus_foxy/install/robot_core/share/robot_core/src/nav2/tf_listener.cpp
-- Symlinking: /icarus_foxy/install/robot_core/share/robot_core/src/robot_description/robot_core.urdf
-- Symlinking: /icarus_foxy/install/robot_core/share/robot_core/src/robot_description/robot_core_ros_2_control.urdf
-- Symlinking: /icarus_foxy/install/robot_core/share/robot_core/launch/display.launch.py
-- Symlinking: /icarus_foxy/install/robot_core/share/robot_core/launch/gazebo launch
-- Symlinking: /icarus_foxy/install/robot_core/share/robot_core/launch/gazebo_launch.py
-- Symlinking: /icarus_foxy/install/robot_core/share/robot_core/rviz/urdf_config.rviz
-- Symlinking: /icarus_foxy/install/robot_core/share/robot_core/world/my_world.sdf
-- Symlinking: /icarus_foxy/install/robot_core/share/robot_core/controllers/controllers.yaml
-- Symlinking: /icarus_foxy/install/robot_core/share/robot_core/controllers/mux.yaml
-- Symlinking: /icarus_foxy/install/robot_core/lib/robot_core/nav_publisher
-- Symlinking: /icarus_foxy/install/robot_core/lib/robot_core/tf_listener
-- Symlinking: /icarus_foxy/install/robot_core/share/ament_index/resource_index/package_run_dependencies/robot_core
-- Symlinking: /icarus_foxy/install/robot_core/share/ament_index/resource_index/parent_prefix_path/robot_core
-- Symlinking: /icarus_foxy/install/robot_core/share/robot_core/environment/ament_prefix_path.sh
-- Symlinking: /icarus_foxy/install/robot_core/share/robot_core/environment/ament_prefix_path.dsv
-- Symlinking: /icarus_foxy/install/robot_core/share/robot_core/environment/path.sh
-- Symlinking: /icarus_foxy/install/robot_core/share/robot_core/environment/path.dsv
-- Symlinking: /icarus_foxy/install/robot_core/share/robot_core/local_setup.bash
-- Symlinking: /icarus_foxy/install/robot_core/share/robot_core/local_setup.sh
-- Symlinking: /icarus_foxy/install/robot_core/share/robot_core/local_setup.zsh
-- Symlinking: /icarus_foxy/install/robot_core/share/robot_core/local_setup.dsv
-- Symlinking: /icarus_foxy/install/robot_core/share/robot_core/package.dsv
-- Symlinking: /icarus_foxy/install/robot_core/share/ament_index/resource_index/packages/robot_core
-- Symlinking: /icarus_foxy/install/robot_core/share/robot_core/cmake/robot_coreConfig.cmake
-- Symlinking: /icarus_foxy/install/robot_core/share/robot_core/cmake/robot_coreConfig-version.cmake
-- Symlinking: /icarus_foxy/install/robot_core/share/robot_core/package.xml
