[0.026s] Invoking command in '/icarus_foxy/build/robot_core': CMAKE_PREFIX_PATH=${CMAKE_PREFIX_PATH}:/opt/ros/foxy /usr/bin/cmake /icarus_foxy/src/robot_core -DAMENT_CMAKE_SYMLINK_INSTALL=1 -DCMAKE_INSTALL_PREFIX=/icarus_foxy/install/robot_core
[0.038s] -- Found ament_cmake: 0.9.12 (/opt/ros/foxy/share/ament_cmake/cmake)
[0.055s] -- Using PYTHON_EXECUTABLE: /usr/bin/python3
[0.174s] -- Override CMake install command with custom implementation using symlinks instead of copying resources
[0.181s] -- Found ament_lint_auto: 0.9.8 (/opt/ros/foxy/share/ament_lint_auto/cmake)
[0.181s] -- Found geometry_msgs: 2.0.5 (/opt/ros/foxy/share/geometry_msgs/cmake)
[0.201s] -- Using all available rosidl_typesupport_c: rosidl_typesupport_fastrtps_c;rosidl_typesupport_introspection_c
[0.203s] -- Found rosidl_adapter: 1.3.1 (/opt/ros/foxy/share/rosidl_adapter/cmake)
[0.333s] -- Using all available rosidl_typesupport_cpp: rosidl_typesupport_fastrtps_cpp;rosidl_typesupport_introspection_cpp
[0.392s] -- Found rclcpp: 2.4.3 (/opt/ros/foxy/share/rclcpp/cmake)
[0.419s] -- Found rmw_implementation_cmake: 1.0.4 (/opt/ros/foxy/share/rmw_implementation_cmake/cmake)
[0.420s] -- Using RMW implementation 'rmw_fastrtps_cpp' as default
[0.520s] -- Found tf2: 0.13.14 (/opt/ros/foxy/share/tf2/cmake)
[0.529s] -- Found tf2_geometry_msgs: 0.13.14 (/opt/ros/foxy/share/tf2_geometry_msgs/cmake)
[0.535s] -- Found eigen3_cmake_module: 0.1.1 (/opt/ros/foxy/share/eigen3_cmake_module/cmake)
[0.828s] -- Found sensor_msgs: 2.0.5 (/opt/ros/foxy/share/sensor_msgs/cmake)
[0.882s] -- Found nav_msgs: 2.0.5 (/opt/ros/foxy/share/nav_msgs/cmake)
[0.954s] CMake Warning at CMakeLists.txt:24 (find_package):
[0.954s]   By not providing "Findros2_control.cmake" in CMAKE_MODULE_PATH this project
[0.954s]   has asked CMake to find a package configuration file provided by
[0.955s]   "ros2_control", but CMake did not find one.
[0.955s] 
[0.955s]   Could not find a package configuration file provided by "ros2_control" with
[0.955s]   any of the following names:
[0.955s] 
[0.955s]     ros2_controlConfig.cmake
[0.955s]     ros2_control-config.cmake
[0.955s] 
[0.955s]   Add the installation prefix of "ros2_control" to CMAKE_PREFIX_PATH or set
[0.955s]   "ros2_control_DIR" to a directory containing one of the above files.  If
[0.955s]   "ros2_control" provides a separate development package or SDK, be sure it
[0.955s]   has been installed.
[0.955s] 
[0.955s] 
[1.015s] -- Added test 'cppcheck' to perform static code analysis on C / C++ code
[1.015s] -- Configured cppcheck include dirs: 
[1.015s] -- Configured cppcheck exclude dirs and/or files: 
[1.015s] -- Added test 'flake8' to check Python code syntax and style conventions
[1.016s] -- Added test 'lint_cmake' to check CMake code style
[1.016s] -- Added test 'pep257' to check Python code against some of the style conventions in PEP 257
[1.018s] -- Added test 'uncrustify' to check C / C++ code style
[1.018s] -- Configured uncrustify additional arguments: 
[1.018s] -- Added test 'xmllint' to check XML markup files
[1.023s] -- Configuring done
[1.039s] -- Generating done
[1.041s] -- Build files have been written to: /icarus_foxy/build/robot_core
[1.047s] Invoked command in '/icarus_foxy/build/robot_core' returned '0': CMAKE_PREFIX_PATH=${CMAKE_PREFIX_PATH}:/opt/ros/foxy /usr/bin/cmake /icarus_foxy/src/robot_core -DAMENT_CMAKE_SYMLINK_INSTALL=1 -DCMAKE_INSTALL_PREFIX=/icarus_foxy/install/robot_core
[1.050s] Invoking command in '/icarus_foxy/build/robot_core': CMAKE_PREFIX_PATH=${CMAKE_PREFIX_PATH}:/opt/ros/foxy /usr/bin/cmake --build /icarus_foxy/build/robot_core -- -j16 -l16
[1.120s] [ 25%] [32m[1mLinking CXX executable nav_publisher[0m
[1.120s] [ 50%] [32m[1mLinking CXX executable tf_listener[0m
[1.291s] [ 75%] Built target tf_listener
[1.364s] [100%] Built target nav_publisher
[1.375s] Invoked command in '/icarus_foxy/build/robot_core' returned '0': CMAKE_PREFIX_PATH=${CMAKE_PREFIX_PATH}:/opt/ros/foxy /usr/bin/cmake --build /icarus_foxy/build/robot_core -- -j16 -l16
[1.407s] Invoking command in '/icarus_foxy/build/robot_core': CMAKE_PREFIX_PATH=${CMAKE_PREFIX_PATH}:/opt/ros/foxy /usr/bin/cmake --install /icarus_foxy/build/robot_core
[1.416s] -- Install configuration: ""
[1.416s] -- Execute custom install script
[1.417s] -- Symlinking: /icarus_foxy/install/robot_core/share/robot_core/src/nav2/differential_drive.cpp
[1.426s] -- Symlinking: /icarus_foxy/install/robot_core/share/robot_core/src/nav2/differential_drive2.cpp
[1.436s] -- Symlinking: /icarus_foxy/install/robot_core/share/robot_core/src/nav2/tf_listener.cpp
[1.445s] -- Symlinking: /icarus_foxy/install/robot_core/share/robot_core/src/robot_description/robot_core.urdf
[1.455s] -- Symlinking: /icarus_foxy/install/robot_core/share/robot_core/src/robot_description/robot_core_ros_2_control.urdf
[1.465s] -- Symlinking: /icarus_foxy/install/robot_core/share/robot_core/launch/display.launch.py
[1.474s] -- Symlinking: /icarus_foxy/install/robot_core/share/robot_core/launch/gazebo launch
[1.484s] -- Symlinking: /icarus_foxy/install/robot_core/share/robot_core/launch/gazebo_launch.py
[1.494s] -- Symlinking: /icarus_foxy/install/robot_core/share/robot_core/rviz/urdf_config.rviz
[1.508s] -- Symlinking: /icarus_foxy/install/robot_core/share/robot_core/world/my_world.sdf
[1.516s] -- Symlinking: /icarus_foxy/install/robot_core/share/robot_core/controllers/controllers.yaml
[1.526s] -- Symlinking: /icarus_foxy/install/robot_core/share/robot_core/controllers/mux.yaml
[1.537s] -- Symlinking: /icarus_foxy/install/robot_core/lib/robot_core/nav_publisher
[1.547s] -- Symlinking: /icarus_foxy/install/robot_core/lib/robot_core/tf_listener
[1.557s] -- Symlinking: /icarus_foxy/install/robot_core/share/ament_index/resource_index/package_run_dependencies/robot_core
[1.570s] -- Symlinking: /icarus_foxy/install/robot_core/share/ament_index/resource_index/parent_prefix_path/robot_core
[1.577s] -- Symlinking: /icarus_foxy/install/robot_core/share/robot_core/environment/ament_prefix_path.sh
[1.588s] -- Symlinking: /icarus_foxy/install/robot_core/share/robot_core/environment/ament_prefix_path.dsv
[1.599s] -- Symlinking: /icarus_foxy/install/robot_core/share/robot_core/environment/path.sh
[1.610s] -- Symlinking: /icarus_foxy/install/robot_core/share/robot_core/environment/path.dsv
[1.620s] -- Symlinking: /icarus_foxy/install/robot_core/share/robot_core/local_setup.bash
[1.629s] -- Symlinking: /icarus_foxy/install/robot_core/share/robot_core/local_setup.sh
[1.638s] -- Symlinking: /icarus_foxy/install/robot_core/share/robot_core/local_setup.zsh
[1.648s] -- Symlinking: /icarus_foxy/install/robot_core/share/robot_core/local_setup.dsv
[1.657s] -- Symlinking: /icarus_foxy/install/robot_core/share/robot_core/package.dsv
[1.666s] -- Symlinking: /icarus_foxy/install/robot_core/share/ament_index/resource_index/packages/robot_core
[1.676s] -- Symlinking: /icarus_foxy/install/robot_core/share/robot_core/cmake/robot_coreConfig.cmake
[1.685s] -- Symlinking: /icarus_foxy/install/robot_core/share/robot_core/cmake/robot_coreConfig-version.cmake
[1.694s] -- Symlinking: /icarus_foxy/install/robot_core/share/robot_core/package.xml
[1.709s] Invoked command in '/icarus_foxy/build/robot_core' returned '0': CMAKE_PREFIX_PATH=${CMAKE_PREFIX_PATH}:/opt/ros/foxy /usr/bin/cmake --install /icarus_foxy/build/robot_core
