[0.020s] Invoking command in '/icarus_foxy/build/sllidar_ros2': CMAKE_PREFIX_PATH=${CMAKE_PREFIX_PATH}:/opt/ros/foxy /usr/bin/cmake --build /icarus_foxy/build/sllidar_ros2 -- -j16 -l16
[0.088s] [ 30%] Built target sllidar_client
[0.089s] [100%] Built target sllidar_node
[0.103s] Invoked command in '/icarus_foxy/build/sllidar_ros2' returned '0': CMAKE_PREFIX_PATH=${CMAKE_PREFIX_PATH}:/opt/ros/foxy /usr/bin/cmake --build /icarus_foxy/build/sllidar_ros2 -- -j16 -l16
[0.166s] Invoking command in '/icarus_foxy/build/sllidar_ros2': CMAKE_PREFIX_PATH=${CMAKE_PREFIX_PATH}:/opt/ros/foxy /usr/bin/cmake --install /icarus_foxy/build/sllidar_ros2
[0.174s] -- Install configuration: ""
[0.175s] -- Up-to-date: /icarus_foxy/install/sllidar_ros2/share/sllidar_ros2/launch
[0.175s] -- Up-to-date: /icarus_foxy/install/sllidar_ros2/share/sllidar_ros2/launch/sllidar_a2m12_launch .py
[0.175s] -- Up-to-date: /icarus_foxy/install/sllidar_ros2/share/sllidar_ros2/launch/sllidar_t1_launch.py
[0.175s] -- Up-to-date: /icarus_foxy/install/sllidar_ros2/share/sllidar_ros2/launch/view_sllidar_s1_tcp_launch.py
[0.176s] -- Up-to-date: /icarus_foxy/install/sllidar_ros2/share/sllidar_ros2/launch/sllidar_s2_launch.py
[0.177s] -- Up-to-date: /icarus_foxy/install/sllidar_ros2/share/sllidar_ros2/launch/view_sllidar_s2_launch.py
[0.178s] -- Up-to-date: /icarus_foxy/install/sllidar_ros2/share/sllidar_ros2/launch/view_sllidar_a2m8_launch.py
[0.178s] -- Up-to-date: /icarus_foxy/install/sllidar_ros2/share/sllidar_ros2/launch/sllidar_a2m7_launch.py
[0.179s] -- Up-to-date: /icarus_foxy/install/sllidar_ros2/share/sllidar_ros2/launch/sllidar_a2m8_launch.py
[0.179s] -- Up-to-date: /icarus_foxy/install/sllidar_ros2/share/sllidar_ros2/launch/sllidar_s2e_launch.py
[0.181s] -- Up-to-date: /icarus_foxy/install/sllidar_ros2/share/sllidar_ros2/launch/sllidar_s3_launch.py
[0.181s] -- Up-to-date: /icarus_foxy/install/sllidar_ros2/share/sllidar_ros2/launch/view_sllidar_a2m12_launch.py
[0.181s] -- Up-to-date: /icarus_foxy/install/sllidar_ros2/share/sllidar_ros2/launch/view_sllidar_t1_launch.py
[0.181s] -- Up-to-date: /icarus_foxy/install/sllidar_ros2/share/sllidar_ros2/launch/sllidar_c1_launch.py
[0.181s] -- Up-to-date: /icarus_foxy/install/sllidar_ros2/share/sllidar_ros2/launch/view_sllidar_a2m7_launch.py
[0.181s] -- Up-to-date: /icarus_foxy/install/sllidar_ros2/share/sllidar_ros2/launch/view_sllidar_c1_launch.py
[0.182s] -- Up-to-date: /icarus_foxy/install/sllidar_ros2/share/sllidar_ros2/launch/view_sllidar_s3_launch.py
[0.182s] -- Up-to-date: /icarus_foxy/install/sllidar_ros2/share/sllidar_ros2/launch/sllidar_s1_tcp_launch.py
[0.182s] -- Up-to-date: /icarus_foxy/install/sllidar_ros2/share/sllidar_ros2/launch/sllidar_a1_launch.py
[0.182s] -- Up-to-date: /icarus_foxy/install/sllidar_ros2/share/sllidar_ros2/launch/view_sllidar_a1_launch.py
[0.182s] -- Up-to-date: /icarus_foxy/install/sllidar_ros2/share/sllidar_ros2/launch/sllidar_a3_launch.py
[0.183s] -- Up-to-date: /icarus_foxy/install/sllidar_ros2/share/sllidar_ros2/launch/view_sllidar_s1_launch.py
[0.183s] -- Up-to-date: /icarus_foxy/install/sllidar_ros2/share/sllidar_ros2/launch/sllidar_s1_launch.py
[0.183s] -- Up-to-date: /icarus_foxy/install/sllidar_ros2/share/sllidar_ros2/launch/view_sllidar_s2e_launch.py
[0.183s] -- Up-to-date: /icarus_foxy/install/sllidar_ros2/share/sllidar_ros2/launch/view_sllidar_a3_launch.py
[0.184s] -- Up-to-date: /icarus_foxy/install/sllidar_ros2/share/sllidar_ros2/rviz
[0.184s] -- Up-to-date: /icarus_foxy/install/sllidar_ros2/share/sllidar_ros2/rviz/sllidar_ros2.rviz
[0.184s] -- Up-to-date: /icarus_foxy/install/sllidar_ros2/lib/sllidar_ros2/sllidar_node
[0.184s] -- Up-to-date: /icarus_foxy/install/sllidar_ros2/lib/sllidar_ros2/sllidar_client
[0.184s] -- Up-to-date: /icarus_foxy/install/sllidar_ros2/share/ament_index/resource_index/package_run_dependencies/sllidar_ros2
[0.184s] -- Up-to-date: /icarus_foxy/install/sllidar_ros2/share/ament_index/resource_index/parent_prefix_path/sllidar_ros2
[0.184s] -- Up-to-date: /icarus_foxy/install/sllidar_ros2/share/sllidar_ros2/environment/ament_prefix_path.sh
[0.185s] -- Up-to-date: /icarus_foxy/install/sllidar_ros2/share/sllidar_ros2/environment/ament_prefix_path.dsv
[0.185s] -- Up-to-date: /icarus_foxy/install/sllidar_ros2/share/sllidar_ros2/environment/path.sh
[0.185s] -- Up-to-date: /icarus_foxy/install/sllidar_ros2/share/sllidar_ros2/environment/path.dsv
[0.186s] -- Up-to-date: /icarus_foxy/install/sllidar_ros2/share/sllidar_ros2/local_setup.bash
[0.186s] -- Up-to-date: /icarus_foxy/install/sllidar_ros2/share/sllidar_ros2/local_setup.sh
[0.187s] -- Up-to-date: /icarus_foxy/install/sllidar_ros2/share/sllidar_ros2/local_setup.zsh
[0.187s] -- Up-to-date: /icarus_foxy/install/sllidar_ros2/share/sllidar_ros2/local_setup.dsv
[0.187s] -- Installing: /icarus_foxy/install/sllidar_ros2/share/sllidar_ros2/package.dsv
[0.187s] -- Up-to-date: /icarus_foxy/install/sllidar_ros2/share/ament_index/resource_index/packages/sllidar_ros2
[0.187s] -- Up-to-date: /icarus_foxy/install/sllidar_ros2/share/sllidar_ros2/cmake/ament_cmake_export_dependencies-extras.cmake
[0.187s] -- Up-to-date: /icarus_foxy/install/sllidar_ros2/share/sllidar_ros2/cmake/ament_cmake_export_include_directories-extras.cmake
[0.187s] -- Up-to-date: /icarus_foxy/install/sllidar_ros2/share/sllidar_ros2/cmake/sllidar_ros2Config.cmake
[0.188s] -- Up-to-date: /icarus_foxy/install/sllidar_ros2/share/sllidar_ros2/cmake/sllidar_ros2Config-version.cmake
[0.188s] -- Up-to-date: /icarus_foxy/install/sllidar_ros2/share/sllidar_ros2/package.xml
[0.188s] Invoked command in '/icarus_foxy/build/sllidar_ros2' returned '0': CMAKE_PREFIX_PATH=${CMAKE_PREFIX_PATH}:/opt/ros/foxy /usr/bin/cmake --install /icarus_foxy/build/sllidar_ros2
