-- Found ament_cmake: 0.9.12 (/opt/ros/foxy/share/ament_cmake/cmake)
-- Using PYTHON_EXECUTABLE: /usr/bin/python3
-- Override CMake install command with custom implementation using symlinks instead of copying resources
-- Found rclcpp: 2.4.3 (/opt/ros/foxy/share/rclcpp/cmake)
-- Using all available rosidl_typesupport_c: rosidl_typesupport_fastrtps_c;rosidl_typesupport_introspection_c
-- Found rosidl_adapter: 1.3.1 (/opt/ros/foxy/share/rosidl_adapter/cmake)
-- Using all available rosidl_typesupport_cpp: rosidl_typesupport_fastrtps_cpp;rosidl_typesupport_introspection_cpp
-- Found rmw_implementation_cmake: 1.0.4 (/opt/ros/foxy/share/rmw_implementation_cmake/cmake)
-- Using RMW implementation 'rmw_fastrtps_cpp' as default
-- Found sensor_msgs: 2.0.5 (/opt/ros/foxy/share/sensor_msgs/cmake)
-- Found std_srvs: 2.0.5 (/opt/ros/foxy/share/std_srvs/cmake)
-- Configuring done
-- Generating done
-- Build files have been written to: /icarus_foxy/build/sllidar_ros2
[  5%] [32m[1mLinking CXX executable sllidar_client[0m
[ 10%] [32m[1mLinking CXX executable sllidar_node[0m
[ 95%] Built target sllidar_node
[100%] Built target sllidar_client
-- Install configuration: ""
-- Execute custom install script
-- Symlinking: /icarus_foxy/install/sllidar_ros2/share/sllidar_ros2/launch/sllidar_a1_launch.py
-- Symlinking: /icarus_foxy/install/sllidar_ros2/share/sllidar_ros2/launch/sllidar_a2m12_launch .py
-- Symlinking: /icarus_foxy/install/sllidar_ros2/share/sllidar_ros2/launch/sllidar_a2m7_launch.py
-- Symlinking: /icarus_foxy/install/sllidar_ros2/share/sllidar_ros2/launch/sllidar_a2m8_launch.py
-- Symlinking: /icarus_foxy/install/sllidar_ros2/share/sllidar_ros2/launch/sllidar_a3_launch.py
-- Symlinking: /icarus_foxy/install/sllidar_ros2/share/sllidar_ros2/launch/sllidar_c1_launch.py
-- Symlinking: /icarus_foxy/install/sllidar_ros2/share/sllidar_ros2/launch/sllidar_s1_launch.py
-- Symlinking: /icarus_foxy/install/sllidar_ros2/share/sllidar_ros2/launch/sllidar_s1_tcp_launch.py
-- Symlinking: /icarus_foxy/install/sllidar_ros2/share/sllidar_ros2/launch/sllidar_s2_launch.py
-- Symlinking: /icarus_foxy/install/sllidar_ros2/share/sllidar_ros2/launch/sllidar_s2e_launch.py
-- Symlinking: /icarus_foxy/install/sllidar_ros2/share/sllidar_ros2/launch/sllidar_s3_launch.py
-- Symlinking: /icarus_foxy/install/sllidar_ros2/share/sllidar_ros2/launch/sllidar_t1_launch.py
-- Symlinking: /icarus_foxy/install/sllidar_ros2/share/sllidar_ros2/launch/view_sllidar_a1_launch.py
-- Symlinking: /icarus_foxy/install/sllidar_ros2/share/sllidar_ros2/launch/view_sllidar_a2m12_launch.py
-- Symlinking: /icarus_foxy/install/sllidar_ros2/share/sllidar_ros2/launch/view_sllidar_a2m7_launch.py
-- Symlinking: /icarus_foxy/install/sllidar_ros2/share/sllidar_ros2/launch/view_sllidar_a2m8_launch.py
-- Symlinking: /icarus_foxy/install/sllidar_ros2/share/sllidar_ros2/launch/view_sllidar_a3_launch.py
-- Symlinking: /icarus_foxy/install/sllidar_ros2/share/sllidar_ros2/launch/view_sllidar_c1_launch.py
-- Symlinking: /icarus_foxy/install/sllidar_ros2/share/sllidar_ros2/launch/view_sllidar_s1_launch.py
-- Symlinking: /icarus_foxy/install/sllidar_ros2/share/sllidar_ros2/launch/view_sllidar_s1_tcp_launch.py
-- Symlinking: /icarus_foxy/install/sllidar_ros2/share/sllidar_ros2/launch/view_sllidar_s2_launch.py
-- Symlinking: /icarus_foxy/install/sllidar_ros2/share/sllidar_ros2/launch/view_sllidar_s2e_launch.py
-- Symlinking: /icarus_foxy/install/sllidar_ros2/share/sllidar_ros2/launch/view_sllidar_s3_launch.py
-- Symlinking: /icarus_foxy/install/sllidar_ros2/share/sllidar_ros2/launch/view_sllidar_t1_launch.py
-- Symlinking: /icarus_foxy/install/sllidar_ros2/share/sllidar_ros2/rviz/sllidar_ros2.rviz
-- Symlinking: /icarus_foxy/install/sllidar_ros2/lib/sllidar_ros2/sllidar_node
-- Symlinking: /icarus_foxy/install/sllidar_ros2/lib/sllidar_ros2/sllidar_client
-- Symlinking: /icarus_foxy/install/sllidar_ros2/share/ament_index/resource_index/package_run_dependencies/sllidar_ros2
-- Symlinking: /icarus_foxy/install/sllidar_ros2/share/ament_index/resource_index/parent_prefix_path/sllidar_ros2
-- Symlinking: /icarus_foxy/install/sllidar_ros2/share/sllidar_ros2/environment/ament_prefix_path.sh
-- Symlinking: /icarus_foxy/install/sllidar_ros2/share/sllidar_ros2/environment/ament_prefix_path.dsv
-- Symlinking: /icarus_foxy/install/sllidar_ros2/share/sllidar_ros2/environment/path.sh
-- Symlinking: /icarus_foxy/install/sllidar_ros2/share/sllidar_ros2/environment/path.dsv
-- Symlinking: /icarus_foxy/install/sllidar_ros2/share/sllidar_ros2/local_setup.bash
-- Symlinking: /icarus_foxy/install/sllidar_ros2/share/sllidar_ros2/local_setup.sh
-- Symlinking: /icarus_foxy/install/sllidar_ros2/share/sllidar_ros2/local_setup.zsh
-- Symlinking: /icarus_foxy/install/sllidar_ros2/share/sllidar_ros2/local_setup.dsv
-- Symlinking: /icarus_foxy/install/sllidar_ros2/share/sllidar_ros2/package.dsv
-- Symlinking: /icarus_foxy/install/sllidar_ros2/share/ament_index/resource_index/packages/sllidar_ros2
-- Symlinking: /icarus_foxy/install/sllidar_ros2/share/sllidar_ros2/cmake/ament_cmake_export_dependencies-extras.cmake
-- Symlinking: /icarus_foxy/install/sllidar_ros2/share/sllidar_ros2/cmake/ament_cmake_export_include_directories-extras.cmake
-- Symlinking: /icarus_foxy/install/sllidar_ros2/share/sllidar_ros2/cmake/sllidar_ros2Config.cmake
-- Symlinking: /icarus_foxy/install/sllidar_ros2/share/sllidar_ros2/cmake/sllidar_ros2Config-version.cmake
-- Symlinking: /icarus_foxy/install/sllidar_ros2/share/sllidar_ros2/package.xml
