[0.271s] DEBUG:colcon:Command line arguments: ['/usr/bin/colcon', 'build']
[0.271s] DEBUG:colcon:Parsed command line arguments: Namespace(ament_cmake_args=None, base_paths=['.'], build_base='build', catkin_cmake_args=None, catkin_skip_building_tests=False, cmake_args=None, cmake_clean_cache=False, cmake_clean_first=False, cmake_force_configure=False, cmake_target=None, cmake_target_skip_unavailable=False, continue_on_error=False, event_handlers=None, executor='parallel', ignore_user_meta=False, install_base='install', log_base=None, log_level=None, main=<bound method BuildVerb.main of <colcon_core.verb.build.BuildVerb object at 0x7f5f104f5130>>, merge_install=False, metas=['./colcon.meta'], mixin=None, mixin_files=None, mixin_verb=('build',), packages_above=None, packages_above_and_dependencies=None, packages_above_depth=None, packages_end=None, packages_ignore=None, packages_ignore_regex=None, packages_select=None, packages_select_build_failed=False, packages_select_by_dep=None, packages_select_regex=None, packages_select_test_failures=False, packages_skip=None, packages_skip_build_finished=False, packages_skip_by_dep=None, packages_skip_regex=None, packages_skip_test_passed=False, packages_skip_up_to=None, packages_start=None, packages_up_to=None, packages_up_to_regex=None, parallel_workers=16, paths=None, symlink_install=False, test_result_base=None, verb_extension=<colcon_core.verb.build.BuildVerb object at 0x7f5f104f5130>, verb_name='build', verb_parser=<colcon_mixin.mixin.mixin_argument.MixinArgumentDecorator object at 0x7f5f104f5790>)
[0.309s] Level 1:colcon.colcon_core.package_discovery:discover_packages(colcon_meta) check parameters
[0.309s] Level 1:colcon.colcon_core.package_discovery:discover_packages(recursive) check parameters
[0.309s] Level 1:colcon.colcon_core.package_discovery:discover_packages(ignore) check parameters
[0.309s] Level 1:colcon.colcon_core.package_discovery:discover_packages(path) check parameters
[0.309s] Level 1:colcon.colcon_core.package_discovery:discover_packages(colcon_meta) discover
[0.309s] Level 1:colcon.colcon_core.package_discovery:discover_packages(recursive) discover
[0.309s] INFO:colcon.colcon_core.package_discovery:Crawling recursively for packages in '/icarus_foxy'
[0.309s] Level 1:colcon.colcon_core.package_identification:_identify(.) by extensions ['ignore', 'ignore_ament_install']
[0.309s] Level 1:colcon.colcon_core.package_identification:_identify(.) by extension 'ignore'
[0.309s] Level 1:colcon.colcon_core.package_identification:_identify(.) by extension 'ignore_ament_install'
[0.309s] Level 1:colcon.colcon_core.package_identification:_identify(.) by extensions ['colcon_pkg']
[0.309s] Level 1:colcon.colcon_core.package_identification:_identify(.) by extension 'colcon_pkg'
[0.309s] Level 1:colcon.colcon_core.package_identification:_identify(.) by extensions ['colcon_meta']
[0.309s] Level 1:colcon.colcon_core.package_identification:_identify(.) by extension 'colcon_meta'
[0.309s] Level 1:colcon.colcon_core.package_identification:_identify(.) by extensions ['ros']
[0.309s] Level 1:colcon.colcon_core.package_identification:_identify(.) by extension 'ros'
[0.324s] Level 1:colcon.colcon_core.package_identification:_identify(.) by extensions ['cmake', 'python']
[0.324s] Level 1:colcon.colcon_core.package_identification:_identify(.) by extension 'cmake'
[0.324s] Level 1:colcon.colcon_core.package_identification:_identify(.) by extension 'python'
[0.324s] Level 1:colcon.colcon_core.package_identification:_identify(.) by extensions ['python_setup_py']
[0.324s] Level 1:colcon.colcon_core.package_identification:_identify(.) by extension 'python_setup_py'
[0.325s] Level 1:colcon.colcon_core.package_identification:_identify(build) by extensions ['ignore', 'ignore_ament_install']
[0.325s] Level 1:colcon.colcon_core.package_identification:_identify(build) by extension 'ignore'
[0.325s] Level 1:colcon.colcon_core.package_identification:_identify(build) ignored
[0.325s] Level 1:colcon.colcon_core.package_identification:_identify(install) by extensions ['ignore', 'ignore_ament_install']
[0.325s] Level 1:colcon.colcon_core.package_identification:_identify(install) by extension 'ignore'
[0.325s] Level 1:colcon.colcon_core.package_identification:_identify(install) ignored
[0.325s] Level 1:colcon.colcon_core.package_identification:_identify(log) by extensions ['ignore', 'ignore_ament_install']
[0.325s] Level 1:colcon.colcon_core.package_identification:_identify(log) by extension 'ignore'
[0.325s] Level 1:colcon.colcon_core.package_identification:_identify(log) ignored
[0.325s] Level 1:colcon.colcon_core.package_identification:_identify(src) by extensions ['ignore', 'ignore_ament_install']
[0.325s] Level 1:colcon.colcon_core.package_identification:_identify(src) by extension 'ignore'
[0.325s] Level 1:colcon.colcon_core.package_identification:_identify(src) by extension 'ignore_ament_install'
[0.325s] Level 1:colcon.colcon_core.package_identification:_identify(src) by extensions ['colcon_pkg']
[0.325s] Level 1:colcon.colcon_core.package_identification:_identify(src) by extension 'colcon_pkg'
[0.325s] Level 1:colcon.colcon_core.package_identification:_identify(src) by extensions ['colcon_meta']
[0.326s] Level 1:colcon.colcon_core.package_identification:_identify(src) by extension 'colcon_meta'
[0.326s] Level 1:colcon.colcon_core.package_identification:_identify(src) by extensions ['ros']
[0.326s] Level 1:colcon.colcon_core.package_identification:_identify(src) by extension 'ros'
[0.326s] Level 1:colcon.colcon_core.package_identification:_identify(src) by extensions ['cmake', 'python']
[0.326s] Level 1:colcon.colcon_core.package_identification:_identify(src) by extension 'cmake'
[0.326s] Level 1:colcon.colcon_core.package_identification:_identify(src) by extension 'python'
[0.326s] Level 1:colcon.colcon_core.package_identification:_identify(src) by extensions ['python_setup_py']
[0.326s] Level 1:colcon.colcon_core.package_identification:_identify(src) by extension 'python_setup_py'
[0.326s] Level 1:colcon.colcon_core.package_identification:_identify(src/joysub) by extensions ['ignore', 'ignore_ament_install']
[0.326s] Level 1:colcon.colcon_core.package_identification:_identify(src/joysub) by extension 'ignore'
[0.326s] Level 1:colcon.colcon_core.package_identification:_identify(src/joysub) by extension 'ignore_ament_install'
[0.326s] Level 1:colcon.colcon_core.package_identification:_identify(src/joysub) by extensions ['colcon_pkg']
[0.326s] Level 1:colcon.colcon_core.package_identification:_identify(src/joysub) by extension 'colcon_pkg'
[0.326s] Level 1:colcon.colcon_core.package_identification:_identify(src/joysub) by extensions ['colcon_meta']
[0.326s] Level 1:colcon.colcon_core.package_identification:_identify(src/joysub) by extension 'colcon_meta'
[0.327s] Level 1:colcon.colcon_core.package_identification:_identify(src/joysub) by extensions ['ros']
[0.327s] Level 1:colcon.colcon_core.package_identification:_identify(src/joysub) by extension 'ros'
[0.329s] DEBUG:colcon.colcon_core.package_identification:Package 'src/joysub' with type 'ros.ament_cmake' and name 'joy_sub'
[0.329s] Level 1:colcon.colcon_core.package_identification:_identify(src/robot_core) by extensions ['ignore', 'ignore_ament_install']
[0.329s] Level 1:colcon.colcon_core.package_identification:_identify(src/robot_core) by extension 'ignore'
[0.329s] Level 1:colcon.colcon_core.package_identification:_identify(src/robot_core) by extension 'ignore_ament_install'
[0.329s] Level 1:colcon.colcon_core.package_identification:_identify(src/robot_core) by extensions ['colcon_pkg']
[0.329s] Level 1:colcon.colcon_core.package_identification:_identify(src/robot_core) by extension 'colcon_pkg'
[0.329s] Level 1:colcon.colcon_core.package_identification:_identify(src/robot_core) by extensions ['colcon_meta']
[0.329s] Level 1:colcon.colcon_core.package_identification:_identify(src/robot_core) by extension 'colcon_meta'
[0.329s] Level 1:colcon.colcon_core.package_identification:_identify(src/robot_core) by extensions ['ros']
[0.329s] Level 1:colcon.colcon_core.package_identification:_identify(src/robot_core) by extension 'ros'
[0.330s] DEBUG:colcon.colcon_core.package_identification:Package 'src/robot_core' with type 'ros.ament_cmake' and name 'robot_core'
[0.330s] Level 1:colcon.colcon_core.package_identification:_identify(src/sllidar_ros2) by extensions ['ignore', 'ignore_ament_install']
[0.330s] Level 1:colcon.colcon_core.package_identification:_identify(src/sllidar_ros2) by extension 'ignore'
[0.330s] Level 1:colcon.colcon_core.package_identification:_identify(src/sllidar_ros2) by extension 'ignore_ament_install'
[0.330s] Level 1:colcon.colcon_core.package_identification:_identify(src/sllidar_ros2) by extensions ['colcon_pkg']
[0.330s] Level 1:colcon.colcon_core.package_identification:_identify(src/sllidar_ros2) by extension 'colcon_pkg'
[0.330s] Level 1:colcon.colcon_core.package_identification:_identify(src/sllidar_ros2) by extensions ['colcon_meta']
[0.330s] Level 1:colcon.colcon_core.package_identification:_identify(src/sllidar_ros2) by extension 'colcon_meta'
[0.330s] Level 1:colcon.colcon_core.package_identification:_identify(src/sllidar_ros2) by extensions ['ros']
[0.330s] Level 1:colcon.colcon_core.package_identification:_identify(src/sllidar_ros2) by extension 'ros'
[0.332s] DEBUG:colcon.colcon_core.package_identification:Package 'src/sllidar_ros2' with type 'ros.ament_cmake' and name 'sllidar_ros2'
[0.332s] Level 1:colcon.colcon_core.package_discovery:discover_packages(recursive) using defaults
[0.332s] Level 1:colcon.colcon_core.package_discovery:discover_packages(ignore) discover
[0.332s] Level 1:colcon.colcon_core.package_discovery:discover_packages(ignore) using defaults
[0.332s] Level 1:colcon.colcon_core.package_discovery:discover_packages(path) discover
[0.332s] Level 1:colcon.colcon_core.package_discovery:discover_packages(path) using defaults
[0.351s] Level 5:colcon.colcon_core.verb:set package 'joy_sub' build argument 'cmake_args' from command line to 'None'
[0.351s] Level 5:colcon.colcon_core.verb:set package 'joy_sub' build argument 'cmake_target' from command line to 'None'
[0.352s] Level 5:colcon.colcon_core.verb:set package 'joy_sub' build argument 'cmake_target_skip_unavailable' from command line to 'False'
[0.352s] Level 5:colcon.colcon_core.verb:set package 'joy_sub' build argument 'cmake_clean_cache' from command line to 'False'
[0.352s] Level 5:colcon.colcon_core.verb:set package 'joy_sub' build argument 'cmake_clean_first' from command line to 'False'
[0.352s] Level 5:colcon.colcon_core.verb:set package 'joy_sub' build argument 'cmake_force_configure' from command line to 'False'
[0.352s] Level 5:colcon.colcon_core.verb:set package 'joy_sub' build argument 'ament_cmake_args' from command line to 'None'
[0.352s] Level 5:colcon.colcon_core.verb:set package 'joy_sub' build argument 'catkin_cmake_args' from command line to 'None'
[0.352s] Level 5:colcon.colcon_core.verb:set package 'joy_sub' build argument 'catkin_skip_building_tests' from command line to 'False'
[0.352s] DEBUG:colcon.colcon_core.verb:Building package 'joy_sub' with the following arguments: {'ament_cmake_args': None, 'build_base': '/icarus_foxy/build/joy_sub', 'catkin_cmake_args': None, 'catkin_skip_building_tests': False, 'cmake_args': None, 'cmake_clean_cache': False, 'cmake_clean_first': False, 'cmake_force_configure': False, 'cmake_target': None, 'cmake_target_skip_unavailable': False, 'install_base': '/icarus_foxy/install/joy_sub', 'merge_install': False, 'path': '/icarus_foxy/src/joysub', 'symlink_install': False, 'test_result_base': None}
[0.352s] Level 5:colcon.colcon_core.verb:set package 'robot_core' build argument 'cmake_args' from command line to 'None'
[0.352s] Level 5:colcon.colcon_core.verb:set package 'robot_core' build argument 'cmake_target' from command line to 'None'
[0.352s] Level 5:colcon.colcon_core.verb:set package 'robot_core' build argument 'cmake_target_skip_unavailable' from command line to 'False'
[0.352s] Level 5:colcon.colcon_core.verb:set package 'robot_core' build argument 'cmake_clean_cache' from command line to 'False'
[0.352s] Level 5:colcon.colcon_core.verb:set package 'robot_core' build argument 'cmake_clean_first' from command line to 'False'
[0.352s] Level 5:colcon.colcon_core.verb:set package 'robot_core' build argument 'cmake_force_configure' from command line to 'False'
[0.352s] Level 5:colcon.colcon_core.verb:set package 'robot_core' build argument 'ament_cmake_args' from command line to 'None'
[0.352s] Level 5:colcon.colcon_core.verb:set package 'robot_core' build argument 'catkin_cmake_args' from command line to 'None'
[0.352s] Level 5:colcon.colcon_core.verb:set package 'robot_core' build argument 'catkin_skip_building_tests' from command line to 'False'
[0.353s] DEBUG:colcon.colcon_core.verb:Building package 'robot_core' with the following arguments: {'ament_cmake_args': None, 'build_base': '/icarus_foxy/build/robot_core', 'catkin_cmake_args': None, 'catkin_skip_building_tests': False, 'cmake_args': None, 'cmake_clean_cache': False, 'cmake_clean_first': False, 'cmake_force_configure': False, 'cmake_target': None, 'cmake_target_skip_unavailable': False, 'install_base': '/icarus_foxy/install/robot_core', 'merge_install': False, 'path': '/icarus_foxy/src/robot_core', 'symlink_install': False, 'test_result_base': None}
[0.353s] Level 5:colcon.colcon_core.verb:set package 'sllidar_ros2' build argument 'cmake_args' from command line to 'None'
[0.353s] Level 5:colcon.colcon_core.verb:set package 'sllidar_ros2' build argument 'cmake_target' from command line to 'None'
[0.353s] Level 5:colcon.colcon_core.verb:set package 'sllidar_ros2' build argument 'cmake_target_skip_unavailable' from command line to 'False'
[0.353s] Level 5:colcon.colcon_core.verb:set package 'sllidar_ros2' build argument 'cmake_clean_cache' from command line to 'False'
[0.353s] Level 5:colcon.colcon_core.verb:set package 'sllidar_ros2' build argument 'cmake_clean_first' from command line to 'False'
[0.353s] Level 5:colcon.colcon_core.verb:set package 'sllidar_ros2' build argument 'cmake_force_configure' from command line to 'False'
[0.353s] Level 5:colcon.colcon_core.verb:set package 'sllidar_ros2' build argument 'ament_cmake_args' from command line to 'None'
[0.353s] Level 5:colcon.colcon_core.verb:set package 'sllidar_ros2' build argument 'catkin_cmake_args' from command line to 'None'
[0.353s] Level 5:colcon.colcon_core.verb:set package 'sllidar_ros2' build argument 'catkin_skip_building_tests' from command line to 'False'
[0.353s] DEBUG:colcon.colcon_core.verb:Building package 'sllidar_ros2' with the following arguments: {'ament_cmake_args': None, 'build_base': '/icarus_foxy/build/sllidar_ros2', 'catkin_cmake_args': None, 'catkin_skip_building_tests': False, 'cmake_args': None, 'cmake_clean_cache': False, 'cmake_clean_first': False, 'cmake_force_configure': False, 'cmake_target': None, 'cmake_target_skip_unavailable': False, 'install_base': '/icarus_foxy/install/sllidar_ros2', 'merge_install': False, 'path': '/icarus_foxy/src/sllidar_ros2', 'symlink_install': False, 'test_result_base': None}
[0.354s] INFO:colcon.colcon_core.executor:Executing jobs using 'parallel' executor
[0.356s] DEBUG:colcon.colcon_parallel_executor.executor.parallel:run_until_complete
[0.356s] INFO:colcon.colcon_ros.task.ament_cmake.build:Building ROS package in '/icarus_foxy/src/joysub' with build type 'ament_cmake'
[0.356s] INFO:colcon.colcon_cmake.task.cmake.build:Building CMake package in '/icarus_foxy/src/joysub'
[0.364s] INFO:colcon.colcon_core.plugin_system:Skipping extension 'colcon_core.shell.bat': Not used on non-Windows systems
[0.364s] INFO:colcon.colcon_core.shell:Skip shell extension 'powershell' for command environment: Not usable outside of PowerShell
[0.364s] DEBUG:colcon.colcon_core.shell:Skip shell extension 'dsv' for command environment
[0.373s] INFO:colcon.colcon_ros.task.ament_cmake.build:Building ROS package in '/icarus_foxy/src/robot_core' with build type 'ament_cmake'
[0.374s] INFO:colcon.colcon_cmake.task.cmake.build:Building CMake package in '/icarus_foxy/src/robot_core'
[0.375s] INFO:colcon.colcon_core.shell:Skip shell extension 'powershell' for command environment: Not usable outside of PowerShell
[0.375s] DEBUG:colcon.colcon_core.shell:Skip shell extension 'dsv' for command environment
[0.380s] INFO:colcon.colcon_ros.task.ament_cmake.build:Building ROS package in '/icarus_foxy/src/sllidar_ros2' with build type 'ament_cmake'
[0.380s] INFO:colcon.colcon_cmake.task.cmake.build:Building CMake package in '/icarus_foxy/src/sllidar_ros2'
[0.381s] INFO:colcon.colcon_core.shell:Skip shell extension 'powershell' for command environment: Not usable outside of PowerShell
[0.381s] DEBUG:colcon.colcon_core.shell:Skip shell extension 'dsv' for command environment
[0.394s] DEBUG:colcon.colcon_core.event_handler.log_command:Invoking command in '/icarus_foxy/build/joy_sub': CMAKE_PREFIX_PATH=${CMAKE_PREFIX_PATH}:/opt/ros/foxy /usr/bin/cmake --build /icarus_foxy/build/joy_sub -- -j16 -l16
[0.415s] DEBUG:colcon.colcon_core.event_handler.log_command:Invoking command in '/icarus_foxy/build/robot_core': CMAKE_PREFIX_PATH=${CMAKE_PREFIX_PATH}:/opt/ros/foxy /usr/bin/cmake --build /icarus_foxy/build/robot_core -- -j16 -l16
[0.422s] DEBUG:colcon.colcon_core.event_handler.log_command:Invoking command in '/icarus_foxy/build/sllidar_ros2': CMAKE_PREFIX_PATH=${CMAKE_PREFIX_PATH}:/opt/ros/foxy /usr/bin/cmake --build /icarus_foxy/build/sllidar_ros2 -- -j16 -l16
[0.556s] DEBUG:colcon.colcon_core.event_handler.log_command:Invoked command in '/icarus_foxy/build/joy_sub' returned '0': CMAKE_PREFIX_PATH=${CMAKE_PREFIX_PATH}:/opt/ros/foxy /usr/bin/cmake --build /icarus_foxy/build/joy_sub -- -j16 -l16
[0.559s] DEBUG:colcon.colcon_core.event_handler.log_command:Invoked command in '/icarus_foxy/build/sllidar_ros2' returned '0': CMAKE_PREFIX_PATH=${CMAKE_PREFIX_PATH}:/opt/ros/foxy /usr/bin/cmake --build /icarus_foxy/build/sllidar_ros2 -- -j16 -l16
[0.596s] DEBUG:colcon.colcon_core.event_handler.log_command:Invoking command in '/icarus_foxy/build/joy_sub': CMAKE_PREFIX_PATH=${CMAKE_PREFIX_PATH}:/opt/ros/foxy /usr/bin/cmake --install /icarus_foxy/build/joy_sub
[0.627s] DEBUG:colcon.colcon_core.event_handler.log_command:Invoking command in '/icarus_foxy/build/sllidar_ros2': CMAKE_PREFIX_PATH=${CMAKE_PREFIX_PATH}:/opt/ros/foxy /usr/bin/cmake --install /icarus_foxy/build/sllidar_ros2
[0.629s] Level 1:colcon.colcon_core.environment:create_environment_scripts_only(joy_sub)
[0.629s] DEBUG:colcon.colcon_core.event_handler.log_command:Invoked command in '/icarus_foxy/build/joy_sub' returned '0': CMAKE_PREFIX_PATH=${CMAKE_PREFIX_PATH}:/opt/ros/foxy /usr/bin/cmake --install /icarus_foxy/build/joy_sub
[0.639s] Level 1:colcon.colcon_core.environment:checking '/icarus_foxy/install/joy_sub' for CMake module files
[0.641s] Level 1:colcon.colcon_core.environment:checking '/icarus_foxy/install/joy_sub' for CMake config files
[0.642s] Level 1:colcon.colcon_core.shell:create_environment_hook('joy_sub', 'cmake_prefix_path')
[0.643s] INFO:colcon.colcon_core.shell:Creating environment hook '/icarus_foxy/install/joy_sub/share/joy_sub/hook/cmake_prefix_path.ps1'
[0.645s] INFO:colcon.colcon_core.shell:Creating environment descriptor '/icarus_foxy/install/joy_sub/share/joy_sub/hook/cmake_prefix_path.dsv'
[0.645s] INFO:colcon.colcon_core.shell:Creating environment hook '/icarus_foxy/install/joy_sub/share/joy_sub/hook/cmake_prefix_path.sh'
[0.646s] Level 1:colcon.colcon_core.environment:checking '/icarus_foxy/install/joy_sub/lib'
[0.647s] Level 1:colcon.colcon_core.environment:checking '/icarus_foxy/install/joy_sub/bin'
[0.647s] Level 1:colcon.colcon_core.environment:checking '/icarus_foxy/install/joy_sub/lib/pkgconfig/joy_sub.pc'
[0.648s] Level 1:colcon.colcon_core.environment:checking '/icarus_foxy/install/joy_sub/lib/python3.8/site-packages'
[0.648s] Level 1:colcon.colcon_core.environment:checking '/icarus_foxy/install/joy_sub/bin'
[0.650s] INFO:colcon.colcon_core.shell:Creating package script '/icarus_foxy/install/joy_sub/share/joy_sub/package.ps1'
[0.651s] INFO:colcon.colcon_core.shell:Creating package descriptor '/icarus_foxy/install/joy_sub/share/joy_sub/package.dsv'
[0.651s] INFO:colcon.colcon_core.shell:Creating package script '/icarus_foxy/install/joy_sub/share/joy_sub/package.sh'
[0.652s] INFO:colcon.colcon_core.shell:Creating package script '/icarus_foxy/install/joy_sub/share/joy_sub/package.bash'
[0.653s] INFO:colcon.colcon_core.shell:Creating package script '/icarus_foxy/install/joy_sub/share/joy_sub/package.zsh'
[0.654s] Level 1:colcon.colcon_core.environment:create_file_with_runtime_dependencies(/icarus_foxy/install/joy_sub/share/colcon-core/packages/joy_sub)
[0.663s] Level 1:colcon.colcon_core.environment:create_environment_scripts_only(sllidar_ros2)
[0.665s] Level 1:colcon.colcon_core.environment:checking '/icarus_foxy/install/sllidar_ros2' for CMake module files
[0.665s] DEBUG:colcon.colcon_core.event_handler.log_command:Invoked command in '/icarus_foxy/build/sllidar_ros2' returned '0': CMAKE_PREFIX_PATH=${CMAKE_PREFIX_PATH}:/opt/ros/foxy /usr/bin/cmake --install /icarus_foxy/build/sllidar_ros2
[0.666s] Level 1:colcon.colcon_core.environment:checking '/icarus_foxy/install/sllidar_ros2' for CMake config files
[0.667s] Level 1:colcon.colcon_core.shell:create_environment_hook('sllidar_ros2', 'cmake_prefix_path')
[0.668s] INFO:colcon.colcon_core.shell:Creating environment hook '/icarus_foxy/install/sllidar_ros2/share/sllidar_ros2/hook/cmake_prefix_path.ps1'
[0.669s] INFO:colcon.colcon_core.shell:Creating environment descriptor '/icarus_foxy/install/sllidar_ros2/share/sllidar_ros2/hook/cmake_prefix_path.dsv'
[0.669s] INFO:colcon.colcon_core.shell:Creating environment hook '/icarus_foxy/install/sllidar_ros2/share/sllidar_ros2/hook/cmake_prefix_path.sh'
[0.670s] Level 1:colcon.colcon_core.environment:checking '/icarus_foxy/install/sllidar_ros2/lib'
[0.670s] Level 1:colcon.colcon_core.environment:checking '/icarus_foxy/install/sllidar_ros2/bin'
[0.670s] Level 1:colcon.colcon_core.environment:checking '/icarus_foxy/install/sllidar_ros2/lib/pkgconfig/sllidar_ros2.pc'
[0.670s] Level 1:colcon.colcon_core.environment:checking '/icarus_foxy/install/sllidar_ros2/lib/python3.8/site-packages'
[0.670s] Level 1:colcon.colcon_core.environment:checking '/icarus_foxy/install/sllidar_ros2/bin'
[0.671s] INFO:colcon.colcon_core.shell:Creating package script '/icarus_foxy/install/sllidar_ros2/share/sllidar_ros2/package.ps1'
[0.672s] INFO:colcon.colcon_core.shell:Creating package descriptor '/icarus_foxy/install/sllidar_ros2/share/sllidar_ros2/package.dsv'
[0.672s] INFO:colcon.colcon_core.shell:Creating package script '/icarus_foxy/install/sllidar_ros2/share/sllidar_ros2/package.sh'
[0.672s] INFO:colcon.colcon_core.shell:Creating package script '/icarus_foxy/install/sllidar_ros2/share/sllidar_ros2/package.bash'
[0.673s] INFO:colcon.colcon_core.shell:Creating package script '/icarus_foxy/install/sllidar_ros2/share/sllidar_ros2/package.zsh'
[0.673s] Level 1:colcon.colcon_core.environment:create_file_with_runtime_dependencies(/icarus_foxy/install/sllidar_ros2/share/colcon-core/packages/sllidar_ros2)
[0.683s] Level 1:colcon.colcon_core.environment:create_environment_scripts_only(joy_sub)
[0.685s] Level 1:colcon.colcon_core.environment:checking '/icarus_foxy/install/joy_sub' for CMake module files
[0.686s] Level 1:colcon.colcon_core.environment:checking '/icarus_foxy/install/joy_sub' for CMake config files
[0.686s] Level 1:colcon.colcon_core.shell:create_environment_hook('joy_sub', 'cmake_prefix_path')
[0.687s] INFO:colcon.colcon_core.shell:Creating environment hook '/icarus_foxy/install/joy_sub/share/joy_sub/hook/cmake_prefix_path.ps1'
[0.688s] INFO:colcon.colcon_core.shell:Creating environment descriptor '/icarus_foxy/install/joy_sub/share/joy_sub/hook/cmake_prefix_path.dsv'
[0.688s] INFO:colcon.colcon_core.shell:Creating environment hook '/icarus_foxy/install/joy_sub/share/joy_sub/hook/cmake_prefix_path.sh'
[0.689s] Level 1:colcon.colcon_core.environment:checking '/icarus_foxy/install/joy_sub/lib'
[0.689s] Level 1:colcon.colcon_core.environment:checking '/icarus_foxy/install/joy_sub/bin'
[0.689s] Level 1:colcon.colcon_core.environment:checking '/icarus_foxy/install/joy_sub/lib/pkgconfig/joy_sub.pc'
[0.689s] Level 1:colcon.colcon_core.environment:checking '/icarus_foxy/install/joy_sub/lib/python3.8/site-packages'
[0.689s] Level 1:colcon.colcon_core.environment:checking '/icarus_foxy/install/joy_sub/bin'
[0.690s] INFO:colcon.colcon_core.shell:Creating package script '/icarus_foxy/install/joy_sub/share/joy_sub/package.ps1'
[0.690s] INFO:colcon.colcon_core.shell:Creating package descriptor '/icarus_foxy/install/joy_sub/share/joy_sub/package.dsv'
[0.691s] INFO:colcon.colcon_core.shell:Creating package script '/icarus_foxy/install/joy_sub/share/joy_sub/package.sh'
[0.691s] INFO:colcon.colcon_core.shell:Creating package script '/icarus_foxy/install/joy_sub/share/joy_sub/package.bash'
[0.691s] INFO:colcon.colcon_core.shell:Creating package script '/icarus_foxy/install/joy_sub/share/joy_sub/package.zsh'
[0.692s] Level 1:colcon.colcon_core.environment:create_file_with_runtime_dependencies(/icarus_foxy/install/joy_sub/share/colcon-core/packages/joy_sub)
[0.739s] Level 1:colcon.colcon_core.environment:create_environment_scripts_only(sllidar_ros2)
[0.740s] Level 1:colcon.colcon_core.environment:checking '/icarus_foxy/install/sllidar_ros2' for CMake module files
[0.740s] Level 1:colcon.colcon_core.environment:checking '/icarus_foxy/install/sllidar_ros2' for CMake config files
[0.741s] Level 1:colcon.colcon_core.shell:create_environment_hook('sllidar_ros2', 'cmake_prefix_path')
[0.741s] INFO:colcon.colcon_core.shell:Creating environment hook '/icarus_foxy/install/sllidar_ros2/share/sllidar_ros2/hook/cmake_prefix_path.ps1'
[0.742s] INFO:colcon.colcon_core.shell:Creating environment descriptor '/icarus_foxy/install/sllidar_ros2/share/sllidar_ros2/hook/cmake_prefix_path.dsv'
[0.742s] INFO:colcon.colcon_core.shell:Creating environment hook '/icarus_foxy/install/sllidar_ros2/share/sllidar_ros2/hook/cmake_prefix_path.sh'
[0.742s] Level 1:colcon.colcon_core.environment:checking '/icarus_foxy/install/sllidar_ros2/lib'
[0.743s] Level 1:colcon.colcon_core.environment:checking '/icarus_foxy/install/sllidar_ros2/bin'
[0.743s] Level 1:colcon.colcon_core.environment:checking '/icarus_foxy/install/sllidar_ros2/lib/pkgconfig/sllidar_ros2.pc'
[0.743s] Level 1:colcon.colcon_core.environment:checking '/icarus_foxy/install/sllidar_ros2/lib/python3.8/site-packages'
[0.743s] Level 1:colcon.colcon_core.environment:checking '/icarus_foxy/install/sllidar_ros2/bin'
[0.744s] INFO:colcon.colcon_core.shell:Creating package script '/icarus_foxy/install/sllidar_ros2/share/sllidar_ros2/package.ps1'
[0.744s] INFO:colcon.colcon_core.shell:Creating package descriptor '/icarus_foxy/install/sllidar_ros2/share/sllidar_ros2/package.dsv'
[0.744s] INFO:colcon.colcon_core.shell:Creating package script '/icarus_foxy/install/sllidar_ros2/share/sllidar_ros2/package.sh'
[0.745s] INFO:colcon.colcon_core.shell:Creating package script '/icarus_foxy/install/sllidar_ros2/share/sllidar_ros2/package.bash'
[0.745s] INFO:colcon.colcon_core.shell:Creating package script '/icarus_foxy/install/sllidar_ros2/share/sllidar_ros2/package.zsh'
[0.745s] Level 1:colcon.colcon_core.environment:create_file_with_runtime_dependencies(/icarus_foxy/install/sllidar_ros2/share/colcon-core/packages/sllidar_ros2)
[1.689s] DEBUG:colcon.colcon_core.event_handler.log_command:Invoked command in '/icarus_foxy/build/robot_core' returned '0': CMAKE_PREFIX_PATH=${CMAKE_PREFIX_PATH}:/opt/ros/foxy /usr/bin/cmake --build /icarus_foxy/build/robot_core -- -j16 -l16
[1.722s] DEBUG:colcon.colcon_core.event_handler.log_command:Invoking command in '/icarus_foxy/build/robot_core': CMAKE_PREFIX_PATH=${CMAKE_PREFIX_PATH}:/opt/ros/foxy /usr/bin/cmake --install /icarus_foxy/build/robot_core
[1.761s] Level 1:colcon.colcon_core.environment:create_environment_scripts_only(robot_core)
[1.761s] DEBUG:colcon.colcon_core.event_handler.log_command:Invoked command in '/icarus_foxy/build/robot_core' returned '0': CMAKE_PREFIX_PATH=${CMAKE_PREFIX_PATH}:/opt/ros/foxy /usr/bin/cmake --install /icarus_foxy/build/robot_core
[1.763s] Level 1:colcon.colcon_core.environment:checking '/icarus_foxy/install/robot_core' for CMake module files
[1.763s] Level 1:colcon.colcon_core.environment:checking '/icarus_foxy/install/robot_core' for CMake config files
[1.764s] Level 1:colcon.colcon_core.shell:create_environment_hook('robot_core', 'cmake_prefix_path')
[1.765s] INFO:colcon.colcon_core.shell:Creating environment hook '/icarus_foxy/install/robot_core/share/robot_core/hook/cmake_prefix_path.ps1'
[1.765s] INFO:colcon.colcon_core.shell:Creating environment descriptor '/icarus_foxy/install/robot_core/share/robot_core/hook/cmake_prefix_path.dsv'
[1.766s] INFO:colcon.colcon_core.shell:Creating environment hook '/icarus_foxy/install/robot_core/share/robot_core/hook/cmake_prefix_path.sh'
[1.766s] Level 1:colcon.colcon_core.environment:checking '/icarus_foxy/install/robot_core/lib'
[1.766s] Level 1:colcon.colcon_core.environment:checking '/icarus_foxy/install/robot_core/bin'
[1.766s] Level 1:colcon.colcon_core.environment:checking '/icarus_foxy/install/robot_core/lib/pkgconfig/robot_core.pc'
[1.767s] Level 1:colcon.colcon_core.environment:checking '/icarus_foxy/install/robot_core/lib/python3.8/site-packages'
[1.767s] Level 1:colcon.colcon_core.environment:checking '/icarus_foxy/install/robot_core/bin'
[1.768s] INFO:colcon.colcon_core.shell:Creating package script '/icarus_foxy/install/robot_core/share/robot_core/package.ps1'
[1.768s] INFO:colcon.colcon_core.shell:Creating package descriptor '/icarus_foxy/install/robot_core/share/robot_core/package.dsv'
[1.769s] INFO:colcon.colcon_core.shell:Creating package script '/icarus_foxy/install/robot_core/share/robot_core/package.sh'
[1.769s] INFO:colcon.colcon_core.shell:Creating package script '/icarus_foxy/install/robot_core/share/robot_core/package.bash'
[1.769s] INFO:colcon.colcon_core.shell:Creating package script '/icarus_foxy/install/robot_core/share/robot_core/package.zsh'
[1.770s] Level 1:colcon.colcon_core.environment:create_file_with_runtime_dependencies(/icarus_foxy/install/robot_core/share/colcon-core/packages/robot_core)
[1.802s] Level 1:colcon.colcon_core.environment:create_environment_scripts_only(robot_core)
[1.803s] Level 1:colcon.colcon_core.environment:checking '/icarus_foxy/install/robot_core' for CMake module files
[1.804s] Level 1:colcon.colcon_core.environment:checking '/icarus_foxy/install/robot_core' for CMake config files
[1.804s] Level 1:colcon.colcon_core.shell:create_environment_hook('robot_core', 'cmake_prefix_path')
[1.805s] INFO:colcon.colcon_core.shell:Creating environment hook '/icarus_foxy/install/robot_core/share/robot_core/hook/cmake_prefix_path.ps1'
[1.805s] INFO:colcon.colcon_core.shell:Creating environment descriptor '/icarus_foxy/install/robot_core/share/robot_core/hook/cmake_prefix_path.dsv'
[1.806s] INFO:colcon.colcon_core.shell:Creating environment hook '/icarus_foxy/install/robot_core/share/robot_core/hook/cmake_prefix_path.sh'
[1.806s] Level 1:colcon.colcon_core.environment:checking '/icarus_foxy/install/robot_core/lib'
[1.806s] Level 1:colcon.colcon_core.environment:checking '/icarus_foxy/install/robot_core/bin'
[1.806s] Level 1:colcon.colcon_core.environment:checking '/icarus_foxy/install/robot_core/lib/pkgconfig/robot_core.pc'
[1.806s] Level 1:colcon.colcon_core.environment:checking '/icarus_foxy/install/robot_core/lib/python3.8/site-packages'
[1.807s] Level 1:colcon.colcon_core.environment:checking '/icarus_foxy/install/robot_core/bin'
[1.807s] INFO:colcon.colcon_core.shell:Creating package script '/icarus_foxy/install/robot_core/share/robot_core/package.ps1'
[1.808s] INFO:colcon.colcon_core.shell:Creating package descriptor '/icarus_foxy/install/robot_core/share/robot_core/package.dsv'
[1.808s] INFO:colcon.colcon_core.shell:Creating package script '/icarus_foxy/install/robot_core/share/robot_core/package.sh'
[1.808s] INFO:colcon.colcon_core.shell:Creating package script '/icarus_foxy/install/robot_core/share/robot_core/package.bash'
[1.809s] INFO:colcon.colcon_core.shell:Creating package script '/icarus_foxy/install/robot_core/share/robot_core/package.zsh'
[1.809s] Level 1:colcon.colcon_core.environment:create_file_with_runtime_dependencies(/icarus_foxy/install/robot_core/share/colcon-core/packages/robot_core)
[1.809s] DEBUG:colcon.colcon_parallel_executor.executor.parallel:closing loop
[1.809s] DEBUG:colcon.colcon_parallel_executor.executor.parallel:loop closed
[1.809s] DEBUG:colcon.colcon_parallel_executor.executor.parallel:run_until_complete finished with '0'
[1.809s] DEBUG:colcon.colcon_core.event_reactor:joining thread
[1.815s] INFO:colcon.colcon_core.plugin_system:Skipping extension 'colcon_notification.desktop_notification.notify_send': Could not find 'notify-send'
[1.815s] INFO:colcon.colcon_core.plugin_system:Skipping extension 'colcon_notification.desktop_notification.terminal_notifier': Not used on non-Darwin systems
[1.815s] INFO:colcon.colcon_core.plugin_system:Skipping extension 'colcon_notification.desktop_notification.win32': Not used on non-Windows systems
[1.815s] INFO:colcon.colcon_notification.desktop_notification:Sending desktop notification using 'notify2'
[1.818s] DEBUG:colcon.colcon_notification.desktop_notification.notify2:Failed to initialize notify2: org.freedesktop.DBus.Error.Spawn.ExecFailed: /usr/bin/dbus-launch terminated abnormally without any error message
[1.818s] DEBUG:colcon.colcon_core.event_reactor:joined thread
[1.820s] INFO:colcon.colcon_core.shell:Creating prefix script '/icarus_foxy/install/local_setup.ps1'
[1.821s] INFO:colcon.colcon_core.shell:Creating prefix util module '/icarus_foxy/install/_local_setup_util_ps1.py'
[1.823s] INFO:colcon.colcon_core.shell:Creating prefix chain script '/icarus_foxy/install/setup.ps1'
[1.824s] INFO:colcon.colcon_core.shell:Creating prefix script '/icarus_foxy/install/local_setup.sh'
[1.824s] INFO:colcon.colcon_core.shell:Creating prefix util module '/icarus_foxy/install/_local_setup_util_sh.py'
[1.825s] INFO:colcon.colcon_core.shell:Creating prefix chain script '/icarus_foxy/install/setup.sh'
[1.826s] INFO:colcon.colcon_core.shell:Creating prefix script '/icarus_foxy/install/local_setup.bash'
[1.826s] INFO:colcon.colcon_core.shell:Creating prefix chain script '/icarus_foxy/install/setup.bash'
[1.828s] INFO:colcon.colcon_core.shell:Creating prefix script '/icarus_foxy/install/local_setup.zsh'
[1.828s] INFO:colcon.colcon_core.shell:Creating prefix chain script '/icarus_foxy/install/setup.zsh'
