[0.026s] Invoking command in '/icarus_foxy/build/sllidar_ros2': CMAKE_PREFIX_PATH=${CMAKE_PREFIX_PATH}:/opt/ros/foxy /usr/bin/cmake /icarus_foxy/src/sllidar_ros2 -DCMAKE_INSTALL_PREFIX=/icarus_foxy/install/sllidar_ros2
[0.038s] -- Found ament_cmake: 0.9.12 (/opt/ros/foxy/share/ament_cmake/cmake)
[0.058s] -- Using PYTHON_EXECUTABLE: /usr/bin/python3
[0.181s] -- Override CMake install command with custom implementation using symlinks instead of copying resources
[0.201s] -- Found rclcpp: 2.4.3 (/opt/ros/foxy/share/rclcpp/cmake)
[0.237s] -- Using all available rosidl_typesupport_c: rosidl_typesupport_fastrtps_c;rosidl_typesupport_introspection_c
[0.242s] -- Found rosidl_adapter: 1.3.1 (/opt/ros/foxy/share/rosidl_adapter/cmake)
[0.411s] -- Using all available rosidl_typesupport_cpp: rosidl_typesupport_fastrtps_cpp;rosidl_typesupport_introspection_cpp
[0.463s] -- Found rmw_implementation_cmake: 1.0.4 (/opt/ros/foxy/share/rmw_implementation_cmake/cmake)
[0.465s] -- Using RMW implementation 'rmw_fastrtps_cpp' as default
[0.600s] -- Found sensor_msgs: 2.0.5 (/opt/ros/foxy/share/sensor_msgs/cmake)
[0.689s] -- Found std_srvs: 2.0.5 (/opt/ros/foxy/share/std_srvs/cmake)
[0.763s] -- Configuring done
[0.784s] -- Generating done
[0.789s] -- Build files have been written to: /icarus_foxy/build/sllidar_ros2
[0.793s] Invoked command in '/icarus_foxy/build/sllidar_ros2' returned '0': CMAKE_PREFIX_PATH=${CMAKE_PREFIX_PATH}:/opt/ros/foxy /usr/bin/cmake /icarus_foxy/src/sllidar_ros2 -DCMAKE_INSTALL_PREFIX=/icarus_foxy/install/sllidar_ros2
[0.795s] Invoking command in '/icarus_foxy/build/sllidar_ros2': CMAKE_PREFIX_PATH=${CMAKE_PREFIX_PATH}:/opt/ros/foxy /usr/bin/cmake --build /icarus_foxy/build/sllidar_ros2 -- -j16 -l16
[0.879s] [ 25%] Built target sllidar_client
[0.879s] [100%] Built target sllidar_node
[0.896s] Invoked command in '/icarus_foxy/build/sllidar_ros2' returned '0': CMAKE_PREFIX_PATH=${CMAKE_PREFIX_PATH}:/opt/ros/foxy /usr/bin/cmake --build /icarus_foxy/build/sllidar_ros2 -- -j16 -l16
[0.958s] Invoking command in '/icarus_foxy/build/sllidar_ros2': CMAKE_PREFIX_PATH=${CMAKE_PREFIX_PATH}:/opt/ros/foxy /usr/bin/cmake --install /icarus_foxy/build/sllidar_ros2
[0.967s] -- Install configuration: ""
[0.967s] -- Execute custom install script
[0.967s] -- Up-to-date symlink: /icarus_foxy/install/sllidar_ros2/share/sllidar_ros2/launch/sllidar_a1_launch.py
[0.968s] -- Up-to-date symlink: /icarus_foxy/install/sllidar_ros2/share/sllidar_ros2/launch/sllidar_a2m12_launch .py
[0.969s] -- Up-to-date symlink: /icarus_foxy/install/sllidar_ros2/share/sllidar_ros2/launch/sllidar_a2m7_launch.py
[0.969s] -- Up-to-date symlink: /icarus_foxy/install/sllidar_ros2/share/sllidar_ros2/launch/sllidar_a2m8_launch.py
[0.969s] -- Up-to-date symlink: /icarus_foxy/install/sllidar_ros2/share/sllidar_ros2/launch/sllidar_a3_launch.py
[0.969s] -- Up-to-date symlink: /icarus_foxy/install/sllidar_ros2/share/sllidar_ros2/launch/sllidar_c1_launch.py
[0.969s] -- Up-to-date symlink: /icarus_foxy/install/sllidar_ros2/share/sllidar_ros2/launch/sllidar_s1_launch.py
[0.969s] -- Up-to-date symlink: /icarus_foxy/install/sllidar_ros2/share/sllidar_ros2/launch/sllidar_s1_tcp_launch.py
[0.970s] -- Up-to-date symlink: /icarus_foxy/install/sllidar_ros2/share/sllidar_ros2/launch/sllidar_s2_launch.py
[0.970s] -- Up-to-date symlink: /icarus_foxy/install/sllidar_ros2/share/sllidar_ros2/launch/sllidar_s2e_launch.py
[0.970s] -- Up-to-date symlink: /icarus_foxy/install/sllidar_ros2/share/sllidar_ros2/launch/sllidar_s3_launch.py
[0.970s] -- Up-to-date symlink: /icarus_foxy/install/sllidar_ros2/share/sllidar_ros2/launch/sllidar_t1_launch.py
[0.970s] -- Up-to-date symlink: /icarus_foxy/install/sllidar_ros2/share/sllidar_ros2/launch/view_sllidar_a1_launch.py
[0.970s] -- Up-to-date symlink: /icarus_foxy/install/sllidar_ros2/share/sllidar_ros2/launch/view_sllidar_a2m12_launch.py
[0.970s] -- Up-to-date symlink: /icarus_foxy/install/sllidar_ros2/share/sllidar_ros2/launch/view_sllidar_a2m7_launch.py
[0.970s] -- Up-to-date symlink: /icarus_foxy/install/sllidar_ros2/share/sllidar_ros2/launch/view_sllidar_a2m8_launch.py
[0.970s] -- Up-to-date symlink: /icarus_foxy/install/sllidar_ros2/share/sllidar_ros2/launch/view_sllidar_a3_launch.py
[0.971s] -- Up-to-date symlink: /icarus_foxy/install/sllidar_ros2/share/sllidar_ros2/launch/view_sllidar_c1_launch.py
[0.971s] -- Up-to-date symlink: /icarus_foxy/install/sllidar_ros2/share/sllidar_ros2/launch/view_sllidar_s1_launch.py
[0.971s] -- Up-to-date symlink: /icarus_foxy/install/sllidar_ros2/share/sllidar_ros2/launch/view_sllidar_s1_tcp_launch.py
[0.971s] -- Up-to-date symlink: /icarus_foxy/install/sllidar_ros2/share/sllidar_ros2/launch/view_sllidar_s2_launch.py
[0.971s] -- Up-to-date symlink: /icarus_foxy/install/sllidar_ros2/share/sllidar_ros2/launch/view_sllidar_s2e_launch.py
[0.972s] -- Up-to-date symlink: /icarus_foxy/install/sllidar_ros2/share/sllidar_ros2/launch/view_sllidar_s3_launch.py
[0.972s] -- Up-to-date symlink: /icarus_foxy/install/sllidar_ros2/share/sllidar_ros2/launch/view_sllidar_t1_launch.py
[0.972s] -- Up-to-date symlink: /icarus_foxy/install/sllidar_ros2/share/sllidar_ros2/rviz/sllidar_ros2.rviz
[0.972s] -- Up-to-date symlink: /icarus_foxy/install/sllidar_ros2/lib/sllidar_ros2/sllidar_node
[0.973s] -- Up-to-date symlink: /icarus_foxy/install/sllidar_ros2/lib/sllidar_ros2/sllidar_client
[0.973s] -- Up-to-date symlink: /icarus_foxy/install/sllidar_ros2/share/ament_index/resource_index/package_run_dependencies/sllidar_ros2
[0.974s] -- Up-to-date symlink: /icarus_foxy/install/sllidar_ros2/share/ament_index/resource_index/parent_prefix_path/sllidar_ros2
[0.974s] -- Up-to-date symlink: /icarus_foxy/install/sllidar_ros2/share/sllidar_ros2/environment/ament_prefix_path.sh
[0.974s] -- Up-to-date symlink: /icarus_foxy/install/sllidar_ros2/share/sllidar_ros2/environment/ament_prefix_path.dsv
[0.974s] -- Up-to-date symlink: /icarus_foxy/install/sllidar_ros2/share/sllidar_ros2/environment/path.sh
[0.974s] -- Up-to-date symlink: /icarus_foxy/install/sllidar_ros2/share/sllidar_ros2/environment/path.dsv
[0.975s] -- Up-to-date symlink: /icarus_foxy/install/sllidar_ros2/share/sllidar_ros2/local_setup.bash
[0.975s] -- Up-to-date symlink: /icarus_foxy/install/sllidar_ros2/share/sllidar_ros2/local_setup.sh
[0.975s] -- Up-to-date symlink: /icarus_foxy/install/sllidar_ros2/share/sllidar_ros2/local_setup.zsh
[0.975s] -- Up-to-date symlink: /icarus_foxy/install/sllidar_ros2/share/sllidar_ros2/local_setup.dsv
[0.975s] -- Symlinking: /icarus_foxy/install/sllidar_ros2/share/sllidar_ros2/package.dsv
[0.984s] -- Up-to-date symlink: /icarus_foxy/install/sllidar_ros2/share/ament_index/resource_index/packages/sllidar_ros2
[0.984s] -- Up-to-date symlink: /icarus_foxy/install/sllidar_ros2/share/sllidar_ros2/cmake/ament_cmake_export_dependencies-extras.cmake
[0.984s] -- Up-to-date symlink: /icarus_foxy/install/sllidar_ros2/share/sllidar_ros2/cmake/ament_cmake_export_include_directories-extras.cmake
[0.984s] -- Up-to-date symlink: /icarus_foxy/install/sllidar_ros2/share/sllidar_ros2/cmake/sllidar_ros2Config.cmake
[0.984s] -- Up-to-date symlink: /icarus_foxy/install/sllidar_ros2/share/sllidar_ros2/cmake/sllidar_ros2Config-version.cmake
[0.985s] -- Up-to-date symlink: /icarus_foxy/install/sllidar_ros2/share/sllidar_ros2/package.xml
[0.989s] Invoked command in '/icarus_foxy/build/sllidar_ros2' returned '0': CMAKE_PREFIX_PATH=${CMAKE_PREFIX_PATH}:/opt/ros/foxy /usr/bin/cmake --install /icarus_foxy/build/sllidar_ros2
