[ 50%] Built target nav_publisher
[100%] Built target tf_listener
-- Install configuration: ""
-- Up-to-date: /icarus_foxy/install/robot_core/share/robot_core/src
-- Up-to-date: /icarus_foxy/install/robot_core/share/robot_core/src/robot_description
-- Up-to-date: /icarus_foxy/install/robot_core/share/robot_core/src/robot_description/robot_core_ros_2_control.urdf
-- Up-to-date: /icarus_foxy/install/robot_core/share/robot_core/src/robot_description/robot_core.urdf
-- Up-to-date: /icarus_foxy/install/robot_core/share/robot_core/src/nav2
-- Up-to-date: /icarus_foxy/install/robot_core/share/robot_core/src/nav2/differential_drive2.cpp
-- Up-to-date: /icarus_foxy/install/robot_core/share/robot_core/src/nav2/tf_listener.cpp
-- Up-to-date: /icarus_foxy/install/robot_core/share/robot_core/src/nav2/differential_drive.cpp
-- Up-to-date: /icarus_foxy/install/robot_core/share/robot_core/launch
-- Installing: /icarus_foxy/install/robot_core/share/robot_core/launch/display.launch.py
-- Up-to-date: /icarus_foxy/install/robot_core/share/robot_core/launch/gazebo_launch.py
-- Up-to-date: /icarus_foxy/install/robot_core/share/robot_core/launch/gazebo launch
-- Up-to-date: /icarus_foxy/install/robot_core/share/robot_core/rviz
-- Up-to-date: /icarus_foxy/install/robot_core/share/robot_core/rviz/urdf_config.rviz
-- Up-to-date: /icarus_foxy/install/robot_core/share/robot_core/world
-- Up-to-date: /icarus_foxy/install/robot_core/share/robot_core/world/my_world.sdf
-- Up-to-date: /icarus_foxy/install/robot_core/share/robot_core/controllers
-- Up-to-date: /icarus_foxy/install/robot_core/share/robot_core/controllers/mux.yaml
-- Up-to-date: /icarus_foxy/install/robot_core/share/robot_core/controllers/controllers.yaml
-- Up-to-date: /icarus_foxy/install/robot_core/lib/robot_core/nav_publisher
-- Up-to-date: /icarus_foxy/install/robot_core/lib/robot_core/tf_listener
-- Up-to-date: /icarus_foxy/install/robot_core/share/ament_index/resource_index/package_run_dependencies/robot_core
-- Up-to-date: /icarus_foxy/install/robot_core/share/ament_index/resource_index/parent_prefix_path/robot_core
-- Up-to-date: /icarus_foxy/install/robot_core/share/robot_core/environment/ament_prefix_path.sh
-- Up-to-date: /icarus_foxy/install/robot_core/share/robot_core/environment/ament_prefix_path.dsv
-- Up-to-date: /icarus_foxy/install/robot_core/share/robot_core/environment/path.sh
-- Up-to-date: /icarus_foxy/install/robot_core/share/robot_core/environment/path.dsv
-- Up-to-date: /icarus_foxy/install/robot_core/share/robot_core/local_setup.bash
-- Up-to-date: /icarus_foxy/install/robot_core/share/robot_core/local_setup.sh
-- Up-to-date: /icarus_foxy/install/robot_core/share/robot_core/local_setup.zsh
-- Up-to-date: /icarus_foxy/install/robot_core/share/robot_core/local_setup.dsv
-- Installing: /icarus_foxy/install/robot_core/share/robot_core/package.dsv
-- Up-to-date: /icarus_foxy/install/robot_core/share/ament_index/resource_index/packages/robot_core
-- Up-to-date: /icarus_foxy/install/robot_core/share/robot_core/cmake/robot_coreConfig.cmake
-- Up-to-date: /icarus_foxy/install/robot_core/share/robot_core/cmake/robot_coreConfig-version.cmake
-- Up-to-date: /icarus_foxy/install/robot_core/share/robot_core/package.xml
