-- Found ament_cmake: 0.9.12 (/opt/ros/foxy/share/ament_cmake/cmake)
-- Using PYTHON_EXECUTABLE: /usr/bin/python3
-- Override CMake install command with custom implementation using symlinks instead of copying resources
-- Found ament_lint_auto: 0.9.8 (/opt/ros/foxy/share/ament_lint_auto/cmake)
-- Found geometry_msgs: 2.0.5 (/opt/ros/foxy/share/geometry_msgs/cmake)
-- Using all available rosidl_typesupport_c: rosidl_typesupport_fastrtps_c;rosidl_typesupport_introspection_c
-- Found rosidl_adapter: 1.3.1 (/opt/ros/foxy/share/rosidl_adapter/cmake)
-- Using all available rosidl_typesupport_cpp: rosidl_typesupport_fastrtps_cpp;rosidl_typesupport_introspection_cpp
-- Found rclcpp: 2.4.3 (/opt/ros/foxy/share/rclcpp/cmake)
-- Found rmw_implementation_cmake: 1.0.4 (/opt/ros/foxy/share/rmw_implementation_cmake/cmake)
-- Using RMW implementation 'rmw_fastrtps_cpp' as default
-- Found tf2: 0.13.14 (/opt/ros/foxy/share/tf2/cmake)
-- Found tf2_geometry_msgs: 0.13.14 (/opt/ros/foxy/share/tf2_geometry_msgs/cmake)
-- Found eigen3_cmake_module: 0.1.1 (/opt/ros/foxy/share/eigen3_cmake_module/cmake)
-- Found sensor_msgs: 2.0.5 (/opt/ros/foxy/share/sensor_msgs/cmake)
-- Found nav_msgs: 2.0.5 (/opt/ros/foxy/share/nav_msgs/cmake)
-- Found ros2_control: 0.11.0 (/opt/ros/foxy/share/ros2_control/cmake)
-- Added test 'cppcheck' to perform static code analysis on C / C++ code
-- Configured cppcheck include dirs: 
-- Configured cppcheck exclude dirs and/or files: 
-- Added test 'flake8' to check Python code syntax and style conventions
-- Added test 'lint_cmake' to check CMake code style
-- Added test 'pep257' to check Python code against some of the style conventions in PEP 257
-- Added test 'uncrustify' to check C / C++ code style
-- Configured uncrustify additional arguments: 
-- Added test 'xmllint' to check XML markup files
-- Configuring done
-- Generating done
-- Build files have been written to: /icarus_foxy/build/robot_core
[100%] Built target nav_publisher
[100%] Built target tf_listener
-- Install configuration: ""
-- Execute custom install script
-- Up-to-date symlink: /icarus_foxy/install/robot_core/share/robot_core/src/nav2/differential_drive.cpp
-- Up-to-date symlink: /icarus_foxy/install/robot_core/share/robot_core/src/nav2/differential_drive2.cpp
-- Up-to-date symlink: /icarus_foxy/install/robot_core/share/robot_core/src/nav2/tf_listener.cpp
-- Up-to-date symlink: /icarus_foxy/install/robot_core/share/robot_core/src/robot_description/robot_core.urdf
-- Up-to-date symlink: /icarus_foxy/install/robot_core/share/robot_core/src/robot_description/robot_core_ros_2_control.urdf
-- Up-to-date symlink: /icarus_foxy/install/robot_core/share/robot_core/launch/display.launch.py
-- Up-to-date symlink: /icarus_foxy/install/robot_core/share/robot_core/launch/gazebo launch
-- Up-to-date symlink: /icarus_foxy/install/robot_core/share/robot_core/launch/gazebo_launch.py
-- Up-to-date symlink: /icarus_foxy/install/robot_core/share/robot_core/rviz/urdf_config.rviz
-- Up-to-date symlink: /icarus_foxy/install/robot_core/share/robot_core/world/my_world.sdf
-- Up-to-date symlink: /icarus_foxy/install/robot_core/share/robot_core/controllers/controllers.yaml
-- Up-to-date symlink: /icarus_foxy/install/robot_core/share/robot_core/controllers/mux.yaml
-- Up-to-date symlink: /icarus_foxy/install/robot_core/lib/robot_core/nav_publisher
-- Up-to-date symlink: /icarus_foxy/install/robot_core/lib/robot_core/tf_listener
-- Up-to-date symlink: /icarus_foxy/install/robot_core/share/ament_index/resource_index/package_run_dependencies/robot_core
-- Up-to-date symlink: /icarus_foxy/install/robot_core/share/ament_index/resource_index/parent_prefix_path/robot_core
-- Up-to-date symlink: /icarus_foxy/install/robot_core/share/robot_core/environment/ament_prefix_path.sh
-- Up-to-date symlink: /icarus_foxy/install/robot_core/share/robot_core/environment/ament_prefix_path.dsv
-- Up-to-date symlink: /icarus_foxy/install/robot_core/share/robot_core/environment/path.sh
-- Up-to-date symlink: /icarus_foxy/install/robot_core/share/robot_core/environment/path.dsv
-- Up-to-date symlink: /icarus_foxy/install/robot_core/share/robot_core/local_setup.bash
-- Up-to-date symlink: /icarus_foxy/install/robot_core/share/robot_core/local_setup.sh
-- Up-to-date symlink: /icarus_foxy/install/robot_core/share/robot_core/local_setup.zsh
-- Up-to-date symlink: /icarus_foxy/install/robot_core/share/robot_core/local_setup.dsv
-- Symlinking: /icarus_foxy/install/robot_core/share/robot_core/package.dsv
-- Up-to-date symlink: /icarus_foxy/install/robot_core/share/ament_index/resource_index/packages/robot_core
-- Up-to-date symlink: /icarus_foxy/install/robot_core/share/robot_core/cmake/robot_coreConfig.cmake
-- Up-to-date symlink: /icarus_foxy/install/robot_core/share/robot_core/cmake/robot_coreConfig-version.cmake
-- Up-to-date symlink: /icarus_foxy/install/robot_core/share/robot_core/package.xml
