[0.028s] Invoking command in '/icarus_foxy/build/robot_core': CMAKE_PREFIX_PATH=${CMAKE_PREFIX_PATH}:/opt/ros/foxy /usr/bin/cmake /icarus_foxy/src/robot_core -DCMAKE_INSTALL_PREFIX=/icarus_foxy/install/robot_core
[0.044s] -- Found ament_cmake: 0.9.12 (/opt/ros/foxy/share/ament_cmake/cmake)
[0.065s] -- Using PYTHON_EXECUTABLE: /usr/bin/python3
[0.188s] -- Override CMake install command with custom implementation using symlinks instead of copying resources
[0.208s] -- Found ament_lint_auto: 0.9.8 (/opt/ros/foxy/share/ament_lint_auto/cmake)
[0.209s] -- Found geometry_msgs: 2.0.5 (/opt/ros/foxy/share/geometry_msgs/cmake)
[0.244s] -- Using all available rosidl_typesupport_c: rosidl_typesupport_fastrtps_c;rosidl_typesupport_introspection_c
[0.248s] -- Found rosidl_adapter: 1.3.1 (/opt/ros/foxy/share/rosidl_adapter/cmake)
[0.418s] -- Using all available rosidl_typesupport_cpp: rosidl_typesupport_fastrtps_cpp;rosidl_typesupport_introspection_cpp
[0.493s] -- Found rclcpp: 2.4.3 (/opt/ros/foxy/share/rclcpp/cmake)
[0.522s] -- Found rmw_implementation_cmake: 1.0.4 (/opt/ros/foxy/share/rmw_implementation_cmake/cmake)
[0.524s] -- Using RMW implementation 'rmw_fastrtps_cpp' as default
[0.634s] -- Found tf2: 0.13.14 (/opt/ros/foxy/share/tf2/cmake)
[0.644s] -- Found tf2_geometry_msgs: 0.13.14 (/opt/ros/foxy/share/tf2_geometry_msgs/cmake)
[0.651s] -- Found eigen3_cmake_module: 0.1.1 (/opt/ros/foxy/share/eigen3_cmake_module/cmake)
[0.967s] -- Found sensor_msgs: 2.0.5 (/opt/ros/foxy/share/sensor_msgs/cmake)
[1.019s] -- Found nav_msgs: 2.0.5 (/opt/ros/foxy/share/nav_msgs/cmake)
[1.086s] -- Found ros2_control: 0.11.0 (/opt/ros/foxy/share/ros2_control/cmake)
[1.141s] -- Added test 'cppcheck' to perform static code analysis on C / C++ code
[1.141s] -- Configured cppcheck include dirs: 
[1.141s] -- Configured cppcheck exclude dirs and/or files: 
[1.141s] -- Added test 'flake8' to check Python code syntax and style conventions
[1.142s] -- Added test 'lint_cmake' to check CMake code style
[1.142s] -- Added test 'pep257' to check Python code against some of the style conventions in PEP 257
[1.143s] -- Added test 'uncrustify' to check C / C++ code style
[1.143s] -- Configured uncrustify additional arguments: 
[1.144s] -- Added test 'xmllint' to check XML markup files
[1.148s] -- Configuring done
[1.167s] -- Generating done
[1.170s] -- Build files have been written to: /icarus_foxy/build/robot_core
[1.176s] Invoked command in '/icarus_foxy/build/robot_core' returned '0': CMAKE_PREFIX_PATH=${CMAKE_PREFIX_PATH}:/opt/ros/foxy /usr/bin/cmake /icarus_foxy/src/robot_core -DCMAKE_INSTALL_PREFIX=/icarus_foxy/install/robot_core
[1.179s] Invoking command in '/icarus_foxy/build/robot_core': CMAKE_PREFIX_PATH=${CMAKE_PREFIX_PATH}:/opt/ros/foxy /usr/bin/cmake --build /icarus_foxy/build/robot_core -- -j16 -l16
[1.250s] [100%] Built target nav_publisher
[1.250s] [100%] Built target tf_listener
[1.261s] Invoked command in '/icarus_foxy/build/robot_core' returned '0': CMAKE_PREFIX_PATH=${CMAKE_PREFIX_PATH}:/opt/ros/foxy /usr/bin/cmake --build /icarus_foxy/build/robot_core -- -j16 -l16
[1.294s] Invoking command in '/icarus_foxy/build/robot_core': CMAKE_PREFIX_PATH=${CMAKE_PREFIX_PATH}:/opt/ros/foxy /usr/bin/cmake --install /icarus_foxy/build/robot_core
[1.303s] -- Install configuration: ""
[1.304s] -- Execute custom install script
[1.304s] -- Up-to-date symlink: /icarus_foxy/install/robot_core/share/robot_core/src/nav2/differential_drive.cpp
[1.304s] -- Up-to-date symlink: /icarus_foxy/install/robot_core/share/robot_core/src/nav2/differential_drive2.cpp
[1.304s] -- Up-to-date symlink: /icarus_foxy/install/robot_core/share/robot_core/src/nav2/tf_listener.cpp
[1.305s] -- Up-to-date symlink: /icarus_foxy/install/robot_core/share/robot_core/src/robot_description/robot_core.urdf
[1.305s] -- Up-to-date symlink: /icarus_foxy/install/robot_core/share/robot_core/src/robot_description/robot_core_ros_2_control.urdf
[1.305s] -- Up-to-date symlink: /icarus_foxy/install/robot_core/share/robot_core/launch/display.launch.py
[1.305s] -- Up-to-date symlink: /icarus_foxy/install/robot_core/share/robot_core/launch/gazebo launch
[1.305s] -- Up-to-date symlink: /icarus_foxy/install/robot_core/share/robot_core/launch/gazebo_launch.py
[1.305s] -- Up-to-date symlink: /icarus_foxy/install/robot_core/share/robot_core/rviz/urdf_config.rviz
[1.306s] -- Up-to-date symlink: /icarus_foxy/install/robot_core/share/robot_core/world/my_world.sdf
[1.306s] -- Up-to-date symlink: /icarus_foxy/install/robot_core/share/robot_core/controllers/controllers.yaml
[1.306s] -- Up-to-date symlink: /icarus_foxy/install/robot_core/share/robot_core/controllers/mux.yaml
[1.306s] -- Up-to-date symlink: /icarus_foxy/install/robot_core/lib/robot_core/nav_publisher
[1.306s] -- Up-to-date symlink: /icarus_foxy/install/robot_core/lib/robot_core/tf_listener
[1.307s] -- Up-to-date symlink: /icarus_foxy/install/robot_core/share/ament_index/resource_index/package_run_dependencies/robot_core
[1.307s] -- Up-to-date symlink: /icarus_foxy/install/robot_core/share/ament_index/resource_index/parent_prefix_path/robot_core
[1.307s] -- Up-to-date symlink: /icarus_foxy/install/robot_core/share/robot_core/environment/ament_prefix_path.sh
[1.307s] -- Up-to-date symlink: /icarus_foxy/install/robot_core/share/robot_core/environment/ament_prefix_path.dsv
[1.307s] -- Up-to-date symlink: /icarus_foxy/install/robot_core/share/robot_core/environment/path.sh
[1.308s] -- Up-to-date symlink: /icarus_foxy/install/robot_core/share/robot_core/environment/path.dsv
[1.308s] -- Up-to-date symlink: /icarus_foxy/install/robot_core/share/robot_core/local_setup.bash
[1.308s] -- Up-to-date symlink: /icarus_foxy/install/robot_core/share/robot_core/local_setup.sh
[1.308s] -- Up-to-date symlink: /icarus_foxy/install/robot_core/share/robot_core/local_setup.zsh
[1.308s] -- Up-to-date symlink: /icarus_foxy/install/robot_core/share/robot_core/local_setup.dsv
[1.308s] -- Symlinking: /icarus_foxy/install/robot_core/share/robot_core/package.dsv
[1.319s] -- Up-to-date symlink: /icarus_foxy/install/robot_core/share/ament_index/resource_index/packages/robot_core
[1.319s] -- Up-to-date symlink: /icarus_foxy/install/robot_core/share/robot_core/cmake/robot_coreConfig.cmake
[1.319s] -- Up-to-date symlink: /icarus_foxy/install/robot_core/share/robot_core/cmake/robot_coreConfig-version.cmake
[1.319s] -- Up-to-date symlink: /icarus_foxy/install/robot_core/share/robot_core/package.xml
[1.322s] Invoked command in '/icarus_foxy/build/robot_core' returned '0': CMAKE_PREFIX_PATH=${CMAKE_PREFIX_PATH}:/opt/ros/foxy /usr/bin/cmake --install /icarus_foxy/build/robot_core
