[0.029s] Invoking command in '/icarus_foxy/build/sllidar_ros2': CMAKE_PREFIX_PATH=${CMAKE_PREFIX_PATH}:/opt/ros/foxy /usr/bin/cmake --build /icarus_foxy/build/sllidar_ros2 -- -j16 -l16
[0.112s] [ 15%] Built target sllidar_client
[0.112s] [100%] Built target sllidar_node
[0.133s] Invoked command in '/icarus_foxy/build/sllidar_ros2' returned '0': CMAKE_PREFIX_PATH=${CMAKE_PREFIX_PATH}:/opt/ros/foxy /usr/bin/cmake --build /icarus_foxy/build/sllidar_ros2 -- -j16 -l16
[0.219s] Invoking command in '/icarus_foxy/build/sllidar_ros2': CMAKE_PREFIX_PATH=${CMAKE_PREFIX_PATH}:/opt/ros/foxy /usr/bin/cmake --install /icarus_foxy/build/sllidar_ros2
[0.230s] -- Install configuration: ""
[0.230s] -- Execute custom install script
[0.231s] -- Up-to-date symlink: /icarus_foxy/install/sllidar_ros2/share/sllidar_ros2/launch/sllidar_a1_launch.py
[0.231s] -- Up-to-date symlink: /icarus_foxy/install/sllidar_ros2/share/sllidar_ros2/launch/sllidar_a2m12_launch .py
[0.231s] -- Up-to-date symlink: /icarus_foxy/install/sllidar_ros2/share/sllidar_ros2/launch/sllidar_a2m7_launch.py
[0.231s] -- Up-to-date symlink: /icarus_foxy/install/sllidar_ros2/share/sllidar_ros2/launch/sllidar_a2m8_launch.py
[0.231s] -- Up-to-date symlink: /icarus_foxy/install/sllidar_ros2/share/sllidar_ros2/launch/sllidar_a3_launch.py
[0.232s] -- Up-to-date symlink: /icarus_foxy/install/sllidar_ros2/share/sllidar_ros2/launch/sllidar_c1_launch.py
[0.232s] -- Up-to-date symlink: /icarus_foxy/install/sllidar_ros2/share/sllidar_ros2/launch/sllidar_s1_launch.py
[0.232s] -- Up-to-date symlink: /icarus_foxy/install/sllidar_ros2/share/sllidar_ros2/launch/sllidar_s1_tcp_launch.py
[0.232s] -- Up-to-date symlink: /icarus_foxy/install/sllidar_ros2/share/sllidar_ros2/launch/sllidar_s2_launch.py
[0.232s] -- Up-to-date symlink: /icarus_foxy/install/sllidar_ros2/share/sllidar_ros2/launch/sllidar_s2e_launch.py
[0.233s] -- Up-to-date symlink: /icarus_foxy/install/sllidar_ros2/share/sllidar_ros2/launch/sllidar_s3_launch.py
[0.233s] -- Up-to-date symlink: /icarus_foxy/install/sllidar_ros2/share/sllidar_ros2/launch/sllidar_t1_launch.py
[0.233s] -- Up-to-date symlink: /icarus_foxy/install/sllidar_ros2/share/sllidar_ros2/launch/view_sllidar_a1_launch.py
[0.233s] -- Up-to-date symlink: /icarus_foxy/install/sllidar_ros2/share/sllidar_ros2/launch/view_sllidar_a2m12_launch.py
[0.233s] -- Up-to-date symlink: /icarus_foxy/install/sllidar_ros2/share/sllidar_ros2/launch/view_sllidar_a2m7_launch.py
[0.234s] -- Up-to-date symlink: /icarus_foxy/install/sllidar_ros2/share/sllidar_ros2/launch/view_sllidar_a2m8_launch.py
[0.234s] -- Up-to-date symlink: /icarus_foxy/install/sllidar_ros2/share/sllidar_ros2/launch/view_sllidar_a3_launch.py
[0.234s] -- Up-to-date symlink: /icarus_foxy/install/sllidar_ros2/share/sllidar_ros2/launch/view_sllidar_c1_launch.py
[0.234s] -- Up-to-date symlink: /icarus_foxy/install/sllidar_ros2/share/sllidar_ros2/launch/view_sllidar_s1_launch.py
[0.234s] -- Up-to-date symlink: /icarus_foxy/install/sllidar_ros2/share/sllidar_ros2/launch/view_sllidar_s1_tcp_launch.py
[0.235s] -- Up-to-date symlink: /icarus_foxy/install/sllidar_ros2/share/sllidar_ros2/launch/view_sllidar_s2_launch.py
[0.235s] -- Up-to-date symlink: /icarus_foxy/install/sllidar_ros2/share/sllidar_ros2/launch/view_sllidar_s2e_launch.py
[0.235s] -- Up-to-date symlink: /icarus_foxy/install/sllidar_ros2/share/sllidar_ros2/launch/view_sllidar_s3_launch.py
[0.235s] -- Up-to-date symlink: /icarus_foxy/install/sllidar_ros2/share/sllidar_ros2/launch/view_sllidar_t1_launch.py
[0.235s] -- Up-to-date symlink: /icarus_foxy/install/sllidar_ros2/share/sllidar_ros2/rviz/sllidar_ros2.rviz
[0.235s] -- Up-to-date symlink: /icarus_foxy/install/sllidar_ros2/lib/sllidar_ros2/sllidar_node
[0.235s] -- Up-to-date symlink: /icarus_foxy/install/sllidar_ros2/lib/sllidar_ros2/sllidar_client
[0.236s] -- Up-to-date symlink: /icarus_foxy/install/sllidar_ros2/share/ament_index/resource_index/package_run_dependencies/sllidar_ros2
[0.238s] -- Up-to-date symlink: /icarus_foxy/install/sllidar_ros2/share/ament_index/resource_index/parent_prefix_path/sllidar_ros2
[0.239s] -- Up-to-date symlink: /icarus_foxy/install/sllidar_ros2/share/sllidar_ros2/environment/ament_prefix_path.sh
[0.239s] -- Up-to-date symlink: /icarus_foxy/install/sllidar_ros2/share/sllidar_ros2/environment/ament_prefix_path.dsv
[0.240s] -- Up-to-date symlink: /icarus_foxy/install/sllidar_ros2/share/sllidar_ros2/environment/path.sh
[0.240s] -- Up-to-date symlink: /icarus_foxy/install/sllidar_ros2/share/sllidar_ros2/environment/path.dsv
[0.240s] -- Up-to-date symlink: /icarus_foxy/install/sllidar_ros2/share/sllidar_ros2/local_setup.bash
[0.240s] -- Up-to-date symlink: /icarus_foxy/install/sllidar_ros2/share/sllidar_ros2/local_setup.sh
[0.240s] -- Up-to-date symlink: /icarus_foxy/install/sllidar_ros2/share/sllidar_ros2/local_setup.zsh
[0.240s] -- Up-to-date symlink: /icarus_foxy/install/sllidar_ros2/share/sllidar_ros2/local_setup.dsv
[0.240s] -- Symlinking: /icarus_foxy/install/sllidar_ros2/share/sllidar_ros2/package.dsv
[0.251s] -- Up-to-date symlink: /icarus_foxy/install/sllidar_ros2/share/ament_index/resource_index/packages/sllidar_ros2
[0.252s] -- Up-to-date symlink: /icarus_foxy/install/sllidar_ros2/share/sllidar_ros2/cmake/ament_cmake_export_dependencies-extras.cmake
[0.252s] -- Up-to-date symlink: /icarus_foxy/install/sllidar_ros2/share/sllidar_ros2/cmake/ament_cmake_export_include_directories-extras.cmake
[0.252s] -- Up-to-date symlink: /icarus_foxy/install/sllidar_ros2/share/sllidar_ros2/cmake/sllidar_ros2Config.cmake
[0.252s] -- Up-to-date symlink: /icarus_foxy/install/sllidar_ros2/share/sllidar_ros2/cmake/sllidar_ros2Config-version.cmake
[0.252s] -- Up-to-date symlink: /icarus_foxy/install/sllidar_ros2/share/sllidar_ros2/package.xml
[0.260s] Invoked command in '/icarus_foxy/build/sllidar_ros2' returned '0': CMAKE_PREFIX_PATH=${CMAKE_PREFIX_PATH}:/opt/ros/foxy /usr/bin/cmake --install /icarus_foxy/build/sllidar_ros2
