[0.027s] Invoking command in '/icarus_foxy/build/sllidar_ros2': CMAKE_PREFIX_PATH=/opt/ros/foxy /usr/bin/cmake /icarus_foxy/src/sllidar_ros2 -DCMAKE_INSTALL_PREFIX=/icarus_foxy/install/sllidar_ros2
[0.196s] -- The C compiler identification is GNU 9.4.0
[0.324s] -- The CXX compiler identification is GNU 9.4.0
[0.331s] -- Check for working C compiler: /usr/bin/cc
[0.406s] -- Check for working C compiler: /usr/bin/cc -- works
[0.407s] -- Detecting C compiler ABI info
[0.480s] -- Detecting C compiler ABI info - done
[0.489s] -- Detecting C compile features
[0.489s] -- Detecting C compile features - done
[0.492s] -- Check for working CXX compiler: /usr/bin/c++
[0.588s] -- Check for working CXX compiler: /usr/bin/c++ -- works
[0.589s] -- Detecting CXX compiler ABI info
[0.688s] -- Detecting CXX compiler ABI info - done
[0.698s] -- Detecting CXX compile features
[0.698s] -- Detecting CXX compile features - done
[0.701s] -- Found ament_cmake: 0.9.12 (/opt/ros/foxy/share/ament_cmake/cmake)
[0.730s] -- Found PythonInterp: /usr/bin/python3 (found suitable version "3.8.10", minimum required is "3") 
[0.730s] -- Using PYTHON_EXECUTABLE: /usr/bin/python3
[0.905s] -- Found rclcpp: 2.4.3 (/opt/ros/foxy/share/rclcpp/cmake)
[0.960s] -- Using all available rosidl_typesupport_c: rosidl_typesupport_fastrtps_c;rosidl_typesupport_introspection_c
[0.967s] -- Found rosidl_adapter: 1.3.1 (/opt/ros/foxy/share/rosidl_adapter/cmake)
[1.100s] -- Found OpenSSL: /usr/lib/x86_64-linux-gnu/libcrypto.so (found version "1.1.1f")  
[1.136s] -- Found FastRTPS: /opt/ros/foxy/include  
[1.238s] -- Using all available rosidl_typesupport_cpp: rosidl_typesupport_fastrtps_cpp;rosidl_typesupport_introspection_cpp
[1.306s] -- Found rmw_implementation_cmake: 1.0.4 (/opt/ros/foxy/share/rmw_implementation_cmake/cmake)
[1.308s] -- Using RMW implementation 'rmw_fastrtps_cpp' as default
[1.310s] -- Looking for pthread.h
[1.405s] -- Looking for pthread.h - found
[1.406s] -- Performing Test CMAKE_HAVE_LIBC_PTHREAD
[1.490s] -- Performing Test CMAKE_HAVE_LIBC_PTHREAD - Failed
[1.490s] -- Looking for pthread_create in pthreads
[1.562s] -- Looking for pthread_create in pthreads - not found
[1.563s] -- Looking for pthread_create in pthread
[1.641s] -- Looking for pthread_create in pthread - found
[1.643s] -- Found Threads: TRUE  
[1.804s] -- Found sensor_msgs: 2.0.5 (/opt/ros/foxy/share/sensor_msgs/cmake)
[1.910s] -- Found std_srvs: 2.0.5 (/opt/ros/foxy/share/std_srvs/cmake)
[1.989s] -- Configuring done
[2.005s] -- Generating done
[2.008s] -- Build files have been written to: /icarus_foxy/build/sllidar_ros2
[2.017s] Invoked command in '/icarus_foxy/build/sllidar_ros2' returned '0': CMAKE_PREFIX_PATH=/opt/ros/foxy /usr/bin/cmake /icarus_foxy/src/sllidar_ros2 -DCMAKE_INSTALL_PREFIX=/icarus_foxy/install/sllidar_ros2
[2.021s] Invoking command in '/icarus_foxy/build/sllidar_ros2': CMAKE_PREFIX_PATH=/opt/ros/foxy /usr/bin/cmake --build /icarus_foxy/build/sllidar_ros2 -- -j16 -l16
[2.078s] [35m[1mScanning dependencies of target sllidar_client[0m
[2.078s] [35m[1mScanning dependencies of target sllidar_node[0m
[2.213s] [ 15%] [32mBuilding CXX object CMakeFiles/sllidar_node.dir/src/sllidar_node.cpp.o[0m
[2.213s] [ 25%] [32mBuilding CXX object CMakeFiles/sllidar_node.dir/sdk/src/dataunpacker/unpacker/handler_capsules.cpp.o[0m
[2.213s] [ 25%] [32mBuilding CXX object CMakeFiles/sllidar_node.dir/sdk/src/arch/linux/net_socket.cpp.o[0m
[2.213s] [ 25%] [32mBuilding CXX object CMakeFiles/sllidar_client.dir/src/sllidar_client.cpp.o[0m
[2.213s] [ 15%] [32mBuilding CXX object CMakeFiles/sllidar_node.dir/sdk/src/arch/linux/timer.cpp.o[0m
[2.214s] [ 35%] [32mBuilding CXX object CMakeFiles/sllidar_node.dir/sdk/src/hal/thread.cpp.o[0m
[2.214s] [ 35%] [32mBuilding CXX object CMakeFiles/sllidar_node.dir/sdk/src/dataunpacker/unpacker/handler_hqnode.cpp.o[0m
[2.215s] [ 40%] [32mBuilding CXX object CMakeFiles/sllidar_node.dir/sdk/src/rplidar_driver.cpp.o[0m
[2.216s] [ 45%] [32mBuilding CXX object CMakeFiles/sllidar_node.dir/sdk/src/dataunpacker/dataunpacker.cpp.o[0m
[2.217s] [ 50%] [32mBuilding CXX object CMakeFiles/sllidar_node.dir/sdk/src/arch/linux/net_serial.cpp.o[0m
[2.217s] [ 55%] [32mBuilding CXX object CMakeFiles/sllidar_node.dir/sdk/src/sl_crc.cpp.o[0m
[2.224s] [ 60%] [32mBuilding CXX object CMakeFiles/sllidar_node.dir/sdk/src/dataunpacker/unpacker/handler_normalnode.cpp.o[0m
[2.226s] [ 65%] [32mBuilding CXX object CMakeFiles/sllidar_node.dir/sdk/src/sl_async_transceiver.cpp.o[0m
[2.229s] [ 70%] [32mBuilding CXX object CMakeFiles/sllidar_node.dir/sdk/src/sl_lidarprotocol_codec.cpp.o[0m
[2.230s] [ 75%] [32mBuilding CXX object CMakeFiles/sllidar_node.dir/sdk/src/sl_lidar_driver.cpp.o[0m
[2.239s] [ 80%] [32mBuilding CXX object CMakeFiles/sllidar_node.dir/sdk/src/sl_serial_channel.cpp.o[0m
[2.246s] In file included from [01m[K/icarus_foxy/src/sllidar_ros2/./sdk/include/sl_lidar_cmd.h:41[m[K,
[2.246s]                  from [01m[K/icarus_foxy/src/sllidar_ros2/./sdk/include/sl_crc.h:36[m[K,
[2.246s]                  from [01m[K/icarus_foxy/src/sllidar_ros2/sdk/src/sl_crc.cpp:33[m[K:
[2.246s] [01m[K/icarus_foxy/src/sllidar_ros2/./sdk/include/sl_lidar_protocol.h:66:16:[m[K [01;35m[Kwarning: [m[KISO C++ forbids zero-size array ‘[01m[Kdata[m[K’ [[01;35m[K-Wpedantic[m[K]
[2.246s]    66 |     sl_u8 data[[01;35m[K0[m[K];
[2.246s]       |                [01;35m[K^[m[K
[2.246s] In file included from [01m[K/icarus_foxy/src/sllidar_ros2/./sdk/include/sl_crc.h:36[m[K,
[2.247s]                  from [01m[K/icarus_foxy/src/sllidar_ros2/sdk/src/sl_crc.cpp:33[m[K:
[2.247s] [01m[K/icarus_foxy/src/sllidar_ros2/./sdk/include/sl_lidar_cmd.h:324:20:[m[K [01;35m[Kwarning: [m[KISO C++ forbids zero-size array ‘[01m[Kpayload[m[K’ [[01;35m[K-Wpedantic[m[K]
[2.247s]   324 |     sl_u8  payload[[01;35m[K0[m[K];
[2.247s]       |                    [01;35m[K^[m[K
[2.285s] [ 85%] [32mBuilding CXX object CMakeFiles/sllidar_node.dir/sdk/src/sl_tcp_channel.cpp.o[0m
[2.607s] In file included from [01m[K/icarus_foxy/src/sllidar_ros2/./sdk/include/sl_lidar_cmd.h:41[m[K,
[2.607s]                  from [01m[K/icarus_foxy/src/sllidar_ros2/./sdk/include/sl_lidar_driver.h:54[m[K,
[2.607s]                  from [01m[K/icarus_foxy/src/sllidar_ros2/sdk/src/sl_tcp_channel.cpp:33[m[K:
[2.608s] [01m[K/icarus_foxy/src/sllidar_ros2/./sdk/include/sl_lidar_protocol.h:66:16:[m[K [01;35m[Kwarning: [m[KISO C++ forbids zero-size array ‘[01m[Kdata[m[K’ [[01;35m[K-Wpedantic[m[K]
[2.608s]    66 |     sl_u8 data[[01;35m[K0[m[K];
[2.608s]       |                [01;35m[K^[m[K
[2.608s] In file included from [01m[K/icarus_foxy/src/sllidar_ros2/./sdk/include/sl_lidar_driver.h:54[m[K,
[2.608s]                  from [01m[K/icarus_foxy/src/sllidar_ros2/sdk/src/sl_tcp_channel.cpp:33[m[K:
[2.609s] [01m[K/icarus_foxy/src/sllidar_ros2/./sdk/include/sl_lidar_cmd.h:324:20:[m[K [01;35m[Kwarning: [m[KISO C++ forbids zero-size array ‘[01m[Kpayload[m[K’ [[01;35m[K-Wpedantic[m[K]
[2.609s]   324 |     sl_u8  payload[[01;35m[K0[m[K];
[2.609s]       |                    [01;35m[K^[m[K
[2.614s] [01m[K/icarus_foxy/src/sllidar_ros2/sdk/src/sl_tcp_channel.cpp:[m[K In member function ‘[01m[Kvoid sl::TcpChannel::setStatus(_u32)[m[K’:
[2.615s] [01m[K/icarus_foxy/src/sllidar_ros2/sdk/src/sl_tcp_channel.cpp:109:29:[m[K [01;35m[Kwarning: [m[Kunused parameter ‘[01m[Kflag[m[K’ [[01;35m[K-Wunused-parameter[m[K]
[2.615s]   109 |         void setStatus([01;35m[K_u32 flag[m[K){}
[2.615s]       |                        [01;35m[K~~~~~^~~~[m[K
[2.619s] In file included from [01m[K/icarus_foxy/src/sllidar_ros2/./sdk/include/sl_lidar_cmd.h:41[m[K,
[2.620s]                  from [01m[K/icarus_foxy/src/sllidar_ros2/./sdk/include/sl_lidar_driver.h:54[m[K,
[2.620s]                  from [01m[K/icarus_foxy/src/sllidar_ros2/sdk/src/sl_serial_channel.cpp:33[m[K:
[2.620s] [01m[K/icarus_foxy/src/sllidar_ros2/./sdk/include/sl_lidar_protocol.h:66:16:[m[K [01;35m[Kwarning: [m[KISO C++ forbids zero-size array ‘[01m[Kdata[m[K’ [[01;35m[K-Wpedantic[m[K]
[2.620s]    66 |     sl_u8 data[[01;35m[K0[m[K];
[2.620s]       |                [01;35m[K^[m[K
[2.621s] In file included from [01m[K/icarus_foxy/src/sllidar_ros2/./sdk/include/sl_lidar_driver.h:54[m[K,
[2.621s]                  from [01m[K/icarus_foxy/src/sllidar_ros2/sdk/src/sl_serial_channel.cpp:33[m[K:
[2.621s] [01m[K/icarus_foxy/src/sllidar_ros2/./sdk/include/sl_lidar_cmd.h:324:20:[m[K [01;35m[Kwarning: [m[KISO C++ forbids zero-size array ‘[01m[Kpayload[m[K’ [[01;35m[K-Wpedantic[m[K]
[2.621s]   324 |     sl_u8  payload[[01;35m[K0[m[K];
[2.621s]       |                    [01;35m[K^[m[K
[2.707s] In file included from [01m[K/icarus_foxy/src/sllidar_ros2/./sdk/include/rplidar_protocol.h:36[m[K,
[2.708s]                  from [01m[K/icarus_foxy/src/sllidar_ros2/./sdk/include/rplidar.h:39[m[K,
[2.708s]                  from [01m[K/icarus_foxy/src/sllidar_ros2/sdk/src/sdkcommon.h:49[m[K,
[2.708s]                  from [01m[K/icarus_foxy/src/sllidar_ros2/sdk/src/rplidar_driver.cpp:33[m[K:
[2.709s] [01m[K/icarus_foxy/src/sllidar_ros2/./sdk/include/sl_lidar_protocol.h:66:16:[m[K [01;35m[Kwarning: [m[KISO C++ forbids zero-size array ‘[01m[Kdata[m[K’ [[01;35m[K-Wpedantic[m[K]
[2.709s]    66 |     sl_u8 data[[01;35m[K0[m[K];
[2.709s]       |                [01;35m[K^[m[K
[2.710s] In file included from [01m[K/icarus_foxy/src/sllidar_ros2/./sdk/include/rplidar_cmd.h:36[m[K,
[2.711s]                  from [01m[K/icarus_foxy/src/sllidar_ros2/./sdk/include/rplidar.h:40[m[K,
[2.711s]                  from [01m[K/icarus_foxy/src/sllidar_ros2/sdk/src/sdkcommon.h:49[m[K,
[2.711s]                  from [01m[K/icarus_foxy/src/sllidar_ros2/sdk/src/rplidar_driver.cpp:33[m[K:
[2.711s] [01m[K/icarus_foxy/src/sllidar_ros2/./sdk/include/sl_lidar_cmd.h:324:20:[m[K [01;35m[Kwarning: [m[KISO C++ forbids zero-size array ‘[01m[Kpayload[m[K’ [[01;35m[K-Wpedantic[m[K]
[2.711s]   324 |     sl_u8  payload[[01;35m[K0[m[K];
[2.712s]       |                    [01;35m[K^[m[K
[2.718s] In file included from [01m[K/icarus_foxy/src/sllidar_ros2/./sdk/include/rplidar_protocol.h:36[m[K,
[2.718s]                  from [01m[K/icarus_foxy/src/sllidar_ros2/./sdk/include/rplidar.h:39[m[K,
[2.718s]                  from [01m[K/icarus_foxy/src/sllidar_ros2/./sdk/src/sdkcommon.h:49[m[K,
[2.718s]                  from [01m[K/icarus_foxy/src/sllidar_ros2/sdk/src/dataunpacker/unpacker/../dataunnpacker_commondef.h:41[m[K,
[2.718s]                  from [01m[K/icarus_foxy/src/sllidar_ros2/sdk/src/dataunpacker/unpacker/handler_hqnode.cpp:39[m[K:
[2.719s] [01m[K/icarus_foxy/src/sllidar_ros2/./sdk/include/sl_lidar_protocol.h:66:16:[m[K [01;35m[Kwarning: [m[KISO C++ forbids zero-size array ‘[01m[Kdata[m[K’ [[01;35m[K-Wpedantic[m[K]
[2.719s]    66 |     sl_u8 data[[01;35m[K0[m[K];
[2.719s]       |                [01;35m[K^[m[K
[2.719s] In file included from [01m[K/icarus_foxy/src/sllidar_ros2/./sdk/include/rplidar_cmd.h:36[m[K,
[2.719s]                  from [01m[K/icarus_foxy/src/sllidar_ros2/./sdk/include/rplidar.h:40[m[K,
[2.719s]                  from [01m[K/icarus_foxy/src/sllidar_ros2/./sdk/src/sdkcommon.h:49[m[K,
[2.719s]                  from [01m[K/icarus_foxy/src/sllidar_ros2/sdk/src/dataunpacker/unpacker/../dataunnpacker_commondef.h:41[m[K,
[2.720s]                  from [01m[K/icarus_foxy/src/sllidar_ros2/sdk/src/dataunpacker/unpacker/handler_hqnode.cpp:39[m[K:
[2.720s] [01m[K/icarus_foxy/src/sllidar_ros2/./sdk/include/sl_lidar_cmd.h:324:20:[m[K [01;35m[Kwarning: [m[KISO C++ forbids zero-size array ‘[01m[Kpayload[m[K’ [[01;35m[K-Wpedantic[m[K]
[2.720s]   324 |     sl_u8  payload[[01;35m[K0[m[K];
[2.720s]       |                    [01;35m[K^[m[K
[2.730s] In file included from [01m[K/icarus_foxy/src/sllidar_ros2/./sdk/include/rplidar_protocol.h:36[m[K,
[2.730s]                  from [01m[K/icarus_foxy/src/sllidar_ros2/./sdk/include/rplidar.h:39[m[K,
[2.730s]                  from [01m[K/icarus_foxy/src/sllidar_ros2/./sdk/src/sdkcommon.h:49[m[K,
[2.731s]                  from [01m[K/icarus_foxy/src/sllidar_ros2/sdk/src/arch/linux/net_socket.cpp:10[m[K:
[2.731s] [01m[K/icarus_foxy/src/sllidar_ros2/./sdk/include/sl_lidar_protocol.h:66:16:[m[K [01;35m[Kwarning: [m[KISO C++ forbids zero-size array ‘[01m[Kdata[m[K’ [[01;35m[K-Wpedantic[m[K]
[2.731s]    66 |     sl_u8 data[[01;35m[K0[m[K];
[2.731s]       |                [01;35m[K^[m[K
[2.733s] In file included from [01m[K/icarus_foxy/src/sllidar_ros2/./sdk/include/rplidar_protocol.h:36[m[K,
[2.733s]                  from [01m[K/icarus_foxy/src/sllidar_ros2/./sdk/include/rplidar.h:39[m[K,
[2.733s]                  from [01m[K/icarus_foxy/src/sllidar_ros2/./sdk/src/sdkcommon.h:49[m[K,
[2.733s]                  from [01m[K/icarus_foxy/src/sllidar_ros2/sdk/src/dataunpacker/dataunnpacker_commondef.h:41[m[K,
[2.733s]                  from [01m[K/icarus_foxy/src/sllidar_ros2/sdk/src/dataunpacker/dataunpacker.cpp:39[m[K:
[2.733s] [01m[K/icarus_foxy/src/sllidar_ros2/./sdk/include/sl_lidar_protocol.h:66:16:[m[K [01;35m[Kwarning: [m[KISO C++ forbids zero-size array ‘[01m[Kdata[m[K’ [[01;35m[K-Wpedantic[m[K]
[2.733s]    66 |     sl_u8 data[[01;35m[K0[m[K];
[2.733s]       |                [01;35m[K^[m[K
[2.734s] In file included from [01m[K/icarus_foxy/src/sllidar_ros2/./sdk/include/rplidar_cmd.h:36[m[K,
[2.734s]                  from [01m[K/icarus_foxy/src/sllidar_ros2/./sdk/include/rplidar.h:40[m[K,
[2.734s]                  from [01m[K/icarus_foxy/src/sllidar_ros2/./sdk/src/sdkcommon.h:49[m[K,
[2.734s]                  from [01m[K/icarus_foxy/src/sllidar_ros2/sdk/src/dataunpacker/dataunnpacker_commondef.h:41[m[K,
[2.734s]                  from [01m[K/icarus_foxy/src/sllidar_ros2/sdk/src/dataunpacker/dataunpacker.cpp:39[m[K:
[2.734s] [01m[K/icarus_foxy/src/sllidar_ros2/./sdk/include/sl_lidar_cmd.h:324:20:[m[K [01;35m[Kwarning: [m[KISO C++ forbids zero-size array ‘[01m[Kpayload[m[K’ [[01;35m[K-Wpedantic[m[K]
[2.734s]   324 |     sl_u8  payload[[01;35m[K0[m[K];
[2.734s]       |                    [01;35m[K^[m[K
[2.735s] In file included from [01m[K/icarus_foxy/src/sllidar_ros2/./sdk/include/rplidar_cmd.h:36[m[K,
[2.735s]                  from [01m[K/icarus_foxy/src/sllidar_ros2/./sdk/include/rplidar.h:40[m[K,
[2.735s]                  from [01m[K/icarus_foxy/src/sllidar_ros2/./sdk/src/sdkcommon.h:49[m[K,
[2.735s]                  from [01m[K/icarus_foxy/src/sllidar_ros2/sdk/src/arch/linux/net_socket.cpp:10[m[K:
[2.735s] [01m[K/icarus_foxy/src/sllidar_ros2/./sdk/include/sl_lidar_cmd.h:324:20:[m[K [01;35m[Kwarning: [m[KISO C++ forbids zero-size array ‘[01m[Kpayload[m[K’ [[01;35m[K-Wpedantic[m[K]
[2.735s]   324 |     sl_u8  payload[[01;35m[K0[m[K];
[2.735s]       |                    [01;35m[K^[m[K
[2.747s] In file included from [01m[K/icarus_foxy/src/sllidar_ros2/./sdk/include/rplidar_protocol.h:36[m[K,
[2.747s]                  from [01m[K/icarus_foxy/src/sllidar_ros2/./sdk/include/rplidar.h:39[m[K,
[2.747s]                  from [01m[K/icarus_foxy/src/sllidar_ros2/./sdk/src/sdkcommon.h:49[m[K,
[2.747s]                  from [01m[K/icarus_foxy/src/sllidar_ros2/sdk/src/dataunpacker/unpacker/../dataunnpacker_commondef.h:41[m[K,
[2.748s]                  from [01m[K/icarus_foxy/src/sllidar_ros2/sdk/src/dataunpacker/unpacker/handler_capsules.cpp:39[m[K:
[2.748s] [01m[K/icarus_foxy/src/sllidar_ros2/./sdk/include/sl_lidar_protocol.h:66:16:[m[K [01;35m[Kwarning: [m[KISO C++ forbids zero-size array ‘[01m[Kdata[m[K’ [[01;35m[K-Wpedantic[m[K]
[2.748s]    66 |     sl_u8 data[[01;35m[K0[m[K];
[2.748s]       |                [01;35m[K^[m[K
[2.751s] In file included from [01m[K/icarus_foxy/src/sllidar_ros2/./sdk/include/rplidar_protocol.h:36[m[K,
[2.751s]                  from [01m[K/icarus_foxy/src/sllidar_ros2/./sdk/include/rplidar.h:39[m[K,
[2.751s]                  from [01m[K/icarus_foxy/src/sllidar_ros2/sdk/src/sdkcommon.h:49[m[K,
[2.752s]                  from [01m[K/icarus_foxy/src/sllidar_ros2/sdk/src/sl_async_transceiver.cpp:35[m[K:
[2.752s] [01m[K/icarus_foxy/src/sllidar_ros2/./sdk/include/sl_lidar_protocol.h:66:16:[m[K [01;35m[Kwarning: [m[KISO C++ forbids zero-size array ‘[01m[Kdata[m[K’ [[01;35m[K-Wpedantic[m[K]
[2.752s]    66 |     sl_u8 data[[01;35m[K0[m[K];
[2.752s]       |                [01;35m[K^[m[K
[2.752s] In file included from [01m[K/icarus_foxy/src/sllidar_ros2/./sdk/include/rplidar_cmd.h:36[m[K,
[2.752s]                  from [01m[K/icarus_foxy/src/sllidar_ros2/./sdk/include/rplidar.h:40[m[K,
[2.752s]                  from [01m[K/icarus_foxy/src/sllidar_ros2/sdk/src/sdkcommon.h:49[m[K,
[2.752s]                  from [01m[K/icarus_foxy/src/sllidar_ros2/sdk/src/sl_async_transceiver.cpp:35[m[K:
[2.753s] [01m[K/icarus_foxy/src/sllidar_ros2/./sdk/include/sl_lidar_cmd.h:324:20:[m[K [01;35m[Kwarning: [m[KISO C++ forbids zero-size array ‘[01m[Kpayload[m[K’ [[01;35m[K-Wpedantic[m[K]
[2.753s]   324 |     sl_u8  payload[[01;35m[K0[m[K];
[2.753s]       |                    [01;35m[K^[m[K
[2.753s] In file included from [01m[K/icarus_foxy/src/sllidar_ros2/./sdk/include/rplidar_cmd.h:36[m[K,
[2.754s]                  from [01m[K/icarus_foxy/src/sllidar_ros2/./sdk/include/rplidar.h:40[m[K,
[2.754s]                  from [01m[K/icarus_foxy/src/sllidar_ros2/./sdk/src/sdkcommon.h:49[m[K,
[2.754s]                  from [01m[K/icarus_foxy/src/sllidar_ros2/sdk/src/dataunpacker/unpacker/../dataunnpacker_commondef.h:41[m[K,
[2.754s]                  from [01m[K/icarus_foxy/src/sllidar_ros2/sdk/src/dataunpacker/unpacker/handler_capsules.cpp:39[m[K:
[2.755s] [01m[K/icarus_foxy/src/sllidar_ros2/./sdk/include/sl_lidar_cmd.h:324:20:[m[K [01;35m[Kwarning: [m[KISO C++ forbids zero-size array ‘[01m[Kpayload[m[K’ [[01;35m[K-Wpedantic[m[K]
[2.755s]   324 |     sl_u8  payload[[01;35m[K0[m[K];
[2.755s]       |                    [01;35m[K^[m[K
[2.766s] In file included from [01m[K/icarus_foxy/src/sllidar_ros2/./sdk/include/rplidar_protocol.h:36[m[K,
[2.767s]                  from [01m[K/icarus_foxy/src/sllidar_ros2/./sdk/include/rplidar.h:39[m[K,
[2.767s]                  from [01m[K/icarus_foxy/src/sllidar_ros2/./sdk/src/sdkcommon.h:49[m[K,
[2.767s]                  from [01m[K/icarus_foxy/src/sllidar_ros2/sdk/src/dataunpacker/unpacker/../dataunnpacker_commondef.h:41[m[K,
[2.767s]                  from [01m[K/icarus_foxy/src/sllidar_ros2/sdk/src/dataunpacker/unpacker/handler_normalnode.cpp:39[m[K:
[2.767s] [01m[K/icarus_foxy/src/sllidar_ros2/./sdk/include/sl_lidar_protocol.h:66:16:[m[K [01;35m[Kwarning: [m[KISO C++ forbids zero-size array ‘[01m[Kdata[m[K’ [[01;35m[K-Wpedantic[m[K]
[2.767s]    66 |     sl_u8 data[[01;35m[K0[m[K];
[2.767s]       |                [01;35m[K^[m[K
[2.767s] In file included from [01m[K/icarus_foxy/src/sllidar_ros2/./sdk/include/rplidar_cmd.h:36[m[K,
[2.767s]                  from [01m[K/icarus_foxy/src/sllidar_ros2/./sdk/include/rplidar.h:40[m[K,
[2.768s]                  from [01m[K/icarus_foxy/src/sllidar_ros2/./sdk/src/sdkcommon.h:49[m[K,
[2.768s]                  from [01m[K/icarus_foxy/src/sllidar_ros2/sdk/src/dataunpacker/unpacker/../dataunnpacker_commondef.h:41[m[K,
[2.768s]                  from [01m[K/icarus_foxy/src/sllidar_ros2/sdk/src/dataunpacker/unpacker/handler_normalnode.cpp:39[m[K:
[2.768s] [01m[K/icarus_foxy/src/sllidar_ros2/./sdk/include/sl_lidar_cmd.h:324:20:[m[K [01;35m[Kwarning: [m[KISO C++ forbids zero-size array ‘[01m[Kpayload[m[K’ [[01;35m[K-Wpedantic[m[K]
[2.768s]   324 |     sl_u8  payload[[01;35m[K0[m[K];
[2.768s]       |                    [01;35m[K^[m[K
[2.768s] [ 90%] [32mBuilding CXX object CMakeFiles/sllidar_node.dir/sdk/src/sl_udp_channel.cpp.o[0m
[2.818s] In file included from [01m[K/icarus_foxy/src/sllidar_ros2/./sdk/include/rplidar_protocol.h:36[m[K,
[2.818s]                  from [01m[K/icarus_foxy/src/sllidar_ros2/./sdk/include/rplidar.h:39[m[K,
[2.819s]                  from [01m[K/icarus_foxy/src/sllidar_ros2/sdk/src/sdkcommon.h:49[m[K,
[2.819s]                  from [01m[K/icarus_foxy/src/sllidar_ros2/sdk/src/sl_lidarprotocol_codec.cpp:35[m[K:
[2.819s] [01m[K/icarus_foxy/src/sllidar_ros2/./sdk/include/sl_lidar_protocol.h:66:16:[m[K [01;35m[Kwarning: [m[KISO C++ forbids zero-size array ‘[01m[Kdata[m[K’ [[01;35m[K-Wpedantic[m[K]
[2.819s]    66 |     sl_u8 data[[01;35m[K0[m[K];
[2.819s]       |                [01;35m[K^[m[K
[2.819s] In file included from [01m[K/icarus_foxy/src/sllidar_ros2/./sdk/include/rplidar_cmd.h:36[m[K,
[2.820s]                  from [01m[K/icarus_foxy/src/sllidar_ros2/./sdk/include/rplidar.h:40[m[K,
[2.820s]                  from [01m[K/icarus_foxy/src/sllidar_ros2/sdk/src/sdkcommon.h:49[m[K,
[2.820s]                  from [01m[K/icarus_foxy/src/sllidar_ros2/sdk/src/sl_lidarprotocol_codec.cpp:35[m[K:
[2.820s] [01m[K/icarus_foxy/src/sllidar_ros2/./sdk/include/sl_lidar_cmd.h:324:20:[m[K [01;35m[Kwarning: [m[KISO C++ forbids zero-size array ‘[01m[Kpayload[m[K’ [[01;35m[K-Wpedantic[m[K]
[2.820s]   324 |     sl_u8  payload[[01;35m[K0[m[K];
[2.820s]       |                    [01;35m[K^[m[K
[2.823s] In file included from [01m[K/icarus_foxy/src/sllidar_ros2/./sdk/src/arch/linux/arch_linux.h:42[m[K,
[2.823s]                  from [01m[K/icarus_foxy/src/sllidar_ros2/./sdk/src/sdkcommon.h:41[m[K,
[2.823s]                  from [01m[K/icarus_foxy/src/sllidar_ros2/sdk/src/arch/linux/net_socket.cpp:10[m[K:
[2.823s] [01m[K/icarus_foxy/src/sllidar_ros2/sdk/src/arch/linux/net_socket.cpp:[m[K In member function ‘[01m[Kvirtual u_result rp::arch::net::DGramSocketImpl::sendTo(const rp::net::SocketAddress*, const void*, size_t)[m[K’:
[2.823s] [01m[K/icarus_foxy/src/sllidar_ros2/sdk/src/arch/linux/net_socket.cpp:733:24:[m[K [01;35m[Kwarning: [m[Kcomparison of integer expressions of different signedness: ‘[01m[Kint[m[K’ and ‘[01m[Ksize_t[m[K’ {aka ‘[01m[Klong unsigned int[m[K’} [[01;35m[K-Wsign-compare[m[K]
[2.823s]   733 |             assert([01;35m[Kans == len[m[K);
[2.823s]       |                    [01;35m[K~~~~^~~~~~[m[K
[2.858s] [01m[K/icarus_foxy/src/sllidar_ros2/sdk/src/rplidar_driver.cpp:[m[K In member function ‘[01m[Ku_result rp::standalone::rplidar::RPlidarDriver::connect(const char*, _u32, _u32)[m[K’:
[2.858s] [01m[K/icarus_foxy/src/sllidar_ros2/sdk/src/rplidar_driver.cpp:67:77:[m[K [01;35m[Kwarning: [m[Kunused parameter ‘[01m[Kflag[m[K’ [[01;35m[K-Wunused-parameter[m[K]
[2.859s]    67 |     u_result RPlidarDriver::connect(const char *path, _u32 portOrBaud, [01;35m[K_u32 flag[m[K)
[2.859s]       |                                                                        [01;35m[K~~~~~^~~~[m[K
[2.859s] [01m[K/icarus_foxy/src/sllidar_ros2/sdk/src/rplidar_driver.cpp:[m[K In member function ‘[01m[Ku_result rp::standalone::rplidar::RPlidarDriver::reset(_u32)[m[K’:
[2.859s] [01m[K/icarus_foxy/src/sllidar_ros2/sdk/src/rplidar_driver.cpp:101:40:[m[K [01;35m[Kwarning: [m[Kunused parameter ‘[01m[Ktimeout[m[K’ [[01;35m[K-Wunused-parameter[m[K]
[2.859s]   101 |     u_result RPlidarDriver::reset([01;35m[K_u32 timeout[m[K)
[2.859s]       |                                   [01;35m[K~~~~~^~~~~~~[m[K
[2.860s] [01m[K/icarus_foxy/src/sllidar_ros2/sdk/src/rplidar_driver.cpp:[m[K In member function ‘[01m[Ku_result rp::standalone::rplidar::RPlidarDriver::getScanDataWithInterval(rplidar_response_measurement_node_t*, size_t&)[m[K’:
[2.860s] [01m[K/icarus_foxy/src/sllidar_ros2/sdk/src/rplidar_driver.cpp:180:91:[m[K [01;35m[Kwarning: [m[Kunused parameter ‘[01m[Knodebuffer[m[K’ [[01;35m[K-Wunused-parameter[m[K]
[2.860s]   180 |     u_result RPlidarDriver::getScanDataWithInterval([01;35m[Krplidar_response_measurement_node_t * nodebuffer[m[K, size_t & count)
[2.861s]       |                                                     [01;35m[K~~~~~~~~~~~~~~~~~~~~~~~~~~~~~~~~~~~~~~^~~~~~~~~~[m[K
[2.861s] [01m[K/icarus_foxy/src/sllidar_ros2/sdk/src/rplidar_driver.cpp:180:112:[m[K [01;35m[Kwarning: [m[Kunused parameter ‘[01m[Kcount[m[K’ [[01;35m[K-Wunused-parameter[m[K]
[2.861s]   180 |     u_result RPlidarDriver::getScanDataWithInterval(rplidar_response_measurement_node_t * nodebuffer, [01;35m[Ksize_t & count[m[K)
[2.861s]       |                                                                                                       [01;35m[K~~~~~~~~~^~~~~[m[K
[2.863s] [01m[K/icarus_foxy/src/sllidar_ros2/sdk/src/arch/linux/net_serial.cpp:[m[K In member function ‘[01m[Kbool rp::arch::net::raw_serial::open(const char*, uint32_t, uint32_t)[m[K’:
[2.863s] [01m[K/icarus_foxy/src/sllidar_ros2/sdk/src/arch/linux/net_serial.cpp:97:74:[m[K [01;35m[Kwarning: [m[Kunused parameter ‘[01m[Kflags[m[K’ [[01;35m[K-Wunused-parameter[m[K]
[2.864s]    97 | bool raw_serial::open(const char * portname, uint32_t baudrate, [01;35m[Kuint32_t flags[m[K)
[2.864s]       |                                                                 [01;35m[K~~~~~~~~~^~~~~[m[K
[2.864s] [01m[K/icarus_foxy/src/sllidar_ros2/sdk/src/arch/linux/net_serial.cpp:[m[K In member function ‘[01m[Kvirtual void rp::arch::net::raw_serial::flush(_u32)[m[K’:
[2.864s] [01m[K/icarus_foxy/src/sllidar_ros2/sdk/src/arch/linux/net_serial.cpp:281:30:[m[K [01;35m[Kwarning: [m[Kunused parameter ‘[01m[Kflags[m[K’ [[01;35m[K-Wunused-parameter[m[K]
[2.864s]   281 | void raw_serial::flush( [01;35m[K_u32 flags[m[K)
[2.864s]       |                         [01;35m[K~~~~~^~~~~[m[K
[2.865s] [01m[K/icarus_foxy/src/sllidar_ros2/sdk/src/arch/linux/net_serial.cpp:[m[K In member function ‘[01m[Kvirtual int rp::arch::net::raw_serial::waitforsent(_u32, size_t*)[m[K’:
[2.865s] [01m[K/icarus_foxy/src/sllidar_ros2/sdk/src/arch/linux/net_serial.cpp:286:34:[m[K [01;35m[Kwarning: [m[Kunused parameter ‘[01m[Ktimeout[m[K’ [[01;35m[K-Wunused-parameter[m[K]
[2.865s]   286 | int raw_serial::waitforsent([01;35m[K_u32 timeout[m[K, size_t * returned_size)
[2.865s]       |                             [01;35m[K~~~~~^~~~~~~[m[K
[2.865s] [01m[K/icarus_foxy/src/sllidar_ros2/sdk/src/arch/linux/net_serial.cpp:[m[K In member function ‘[01m[Kvirtual int rp::arch::net::raw_serial::waitforrecv(_u32, size_t*)[m[K’:
[2.865s] [01m[K/icarus_foxy/src/sllidar_ros2/sdk/src/arch/linux/net_serial.cpp:292:34:[m[K [01;35m[Kwarning: [m[Kunused parameter ‘[01m[Ktimeout[m[K’ [[01;35m[K-Wunused-parameter[m[K]
[2.865s]   292 | int raw_serial::waitforrecv([01;35m[K_u32 timeout[m[K, size_t * returned_size)
[2.865s]       |                             [01;35m[K~~~~~^~~~~~~[m[K
[2.866s] [01m[K/icarus_foxy/src/sllidar_ros2/sdk/src/arch/linux/net_serial.cpp:[m[K In member function ‘[01m[Kvirtual void rp::arch::net::raw_serial::cancelOperation()[m[K’:
[2.866s] [01m[K/icarus_foxy/src/sllidar_ros2/sdk/src/arch/linux/net_serial.cpp:427:5:[m[K [01;35m[Kwarning: [m[Kvalue computed is not used [[01;35m[K-Wunused-value[m[K]
[2.866s]   427 |     [01;35m[K(int)::write(_selfpipe[1], "x", 1)[m[K;
[2.866s]       |     [01;35m[K^~~~~~~~~~~~~~~~~~~~~~~~~~~~~~~~~~[m[K
[2.874s] In file included from [01m[K/icarus_foxy/src/sllidar_ros2/./sdk/include/rplidar_protocol.h:36[m[K,
[2.874s]                  from [01m[K/icarus_foxy/src/sllidar_ros2/./sdk/include/rplidar.h:39[m[K,
[2.874s]                  from [01m[K/icarus_foxy/src/sllidar_ros2/sdk/src/sdkcommon.h:49[m[K,
[2.874s]                  from [01m[K/icarus_foxy/src/sllidar_ros2/sdk/src/sl_lidar_driver.cpp:33[m[K:
[2.875s] [01m[K/icarus_foxy/src/sllidar_ros2/./sdk/include/sl_lidar_protocol.h:66:16:[m[K [01;35m[Kwarning: [m[KISO C++ forbids zero-size array ‘[01m[Kdata[m[K’ [[01;35m[K-Wpedantic[m[K]
[2.875s]    66 |     sl_u8 data[[01;35m[K0[m[K];
[2.875s]       |                [01;35m[K^[m[K
[2.875s] In file included from [01m[K/icarus_foxy/src/sllidar_ros2/./sdk/include/rplidar_cmd.h:36[m[K,
[2.875s]                  from [01m[K/icarus_foxy/src/sllidar_ros2/./sdk/include/rplidar.h:40[m[K,
[2.875s]                  from [01m[K/icarus_foxy/src/sllidar_ros2/sdk/src/sdkcommon.h:49[m[K,
[2.875s]                  from [01m[K/icarus_foxy/src/sllidar_ros2/sdk/src/sl_lidar_driver.cpp:33[m[K:
[2.876s] [01m[K/icarus_foxy/src/sllidar_ros2/./sdk/include/sl_lidar_cmd.h:324:20:[m[K [01;35m[Kwarning: [m[KISO C++ forbids zero-size array ‘[01m[Kpayload[m[K’ [[01;35m[K-Wpedantic[m[K]
[2.876s]   324 |     sl_u8  payload[[01;35m[K0[m[K];
[2.876s]       |                    [01;35m[K^[m[K
[2.883s] In file included from [01m[K/icarus_foxy/src/sllidar_ros2/./sdk/include/rplidar_protocol.h:36[m[K,
[2.883s]                  from [01m[K/icarus_foxy/src/sllidar_ros2/./sdk/include/rplidar.h:39[m[K,
[2.883s]                  from [01m[K/icarus_foxy/src/sllidar_ros2/./sdk/src/sdkcommon.h:49[m[K,
[2.883s]                  from [01m[K/icarus_foxy/src/sllidar_ros2/sdk/src/hal/thread.cpp:35[m[K:
[2.884s] [01m[K/icarus_foxy/src/sllidar_ros2/./sdk/include/sl_lidar_protocol.h:66:16:[m[K [01;35m[Kwarning: [m[KISO C++ forbids zero-size array ‘[01m[Kdata[m[K’ [[01;35m[K-Wpedantic[m[K]
[2.884s]    66 |     sl_u8 data[[01;35m[K0[m[K];
[2.884s]       |                [01;35m[K^[m[K
[2.884s] In file included from [01m[K/icarus_foxy/src/sllidar_ros2/./sdk/include/rplidar_cmd.h:36[m[K,
[2.885s]                  from [01m[K/icarus_foxy/src/sllidar_ros2/./sdk/include/rplidar.h:40[m[K,
[2.885s]                  from [01m[K/icarus_foxy/src/sllidar_ros2/./sdk/src/sdkcommon.h:49[m[K,
[2.885s]                  from [01m[K/icarus_foxy/src/sllidar_ros2/sdk/src/hal/thread.cpp:35[m[K:
[2.885s] [01m[K/icarus_foxy/src/sllidar_ros2/./sdk/include/sl_lidar_cmd.h:324:20:[m[K [01;35m[Kwarning: [m[KISO C++ forbids zero-size array ‘[01m[Kpayload[m[K’ [[01;35m[K-Wpedantic[m[K]
[2.885s]   324 |     sl_u8  payload[[01;35m[K0[m[K];
[2.885s]       |                    [01;35m[K^[m[K
[2.885s] In file included from [01m[K/icarus_foxy/src/sllidar_ros2/sdk/src/dataunpacker/dataunpacker.cpp:40[m[K:
[2.885s] [01m[K/icarus_foxy/src/sllidar_ros2/sdk/src/dataunpacker/dataunpacker.h:[m[K In member function ‘[01m[Kvirtual void sl::internal::LIDARSampleDataListener::onCustomSampleDataDecoded(_u8, _u32, const void*, size_t)[m[K’:
[2.886s] [01m[K/icarus_foxy/src/sllidar_ros2/sdk/src/dataunpacker/dataunpacker.h:54:45:[m[K [01;35m[Kwarning: [m[Kunused parameter ‘[01m[KansType[m[K’ [[01;35m[K-Wunused-parameter[m[K]
[2.886s]    54 |  virtual void onCustomSampleDataDecoded([01;35m[K_u8 ansType[m[K, _u32 customCode, const void* data, size_t size) {}
[2.886s]       |                                         [01;35m[K~~~~^~~~~~~[m[K
[2.886s] [01m[K/icarus_foxy/src/sllidar_ros2/sdk/src/dataunpacker/dataunpacker.h:54:59:[m[K [01;35m[Kwarning: [m[Kunused parameter ‘[01m[KcustomCode[m[K’ [[01;35m[K-Wunused-parameter[m[K]
[2.886s]    54 |  virtual void onCustomSampleDataDecoded(_u8 ansType, [01;35m[K_u32 customCode[m[K, const void* data, size_t size) {}
[2.886s]       |                                                      [01;35m[K~~~~~^~~~~~~~~~[m[K
[2.886s] [01m[K/icarus_foxy/src/sllidar_ros2/sdk/src/dataunpacker/dataunpacker.h:54:83:[m[K [01;35m[Kwarning: [m[Kunused parameter ‘[01m[Kdata[m[K’ [[01;35m[K-Wunused-parameter[m[K]
[2.886s]    54 |  virtual void onCustomSampleDataDecoded(_u8 ansType, _u32 customCode, [01;35m[Kconst void* data[m[K, size_t size) {}
[2.886s]       |                                                                       [01;35m[K~~~~~~~~~~~~^~~~[m[K
[2.887s] [01m[K/icarus_foxy/src/sllidar_ros2/sdk/src/dataunpacker/dataunpacker.h:54:96:[m[K [01;35m[Kwarning: [m[Kunused parameter ‘[01m[Ksize[m[K’ [[01;35m[K-Wunused-parameter[m[K]
[2.887s]    54 |  virtual void onCustomSampleDataDecoded(_u8 ansType, _u32 customCode, const void* data, [01;35m[Ksize_t size[m[K) {}
[2.887s]       |                                                                                         [01;35m[K~~~~~~~^~~~[m[K
[2.887s] [01m[K/icarus_foxy/src/sllidar_ros2/sdk/src/dataunpacker/dataunpacker.h:[m[K In member function ‘[01m[Kvirtual void sl::internal::LIDARSampleDataListener::onDecodingError(int, _u8, const void*, size_t)[m[K’:
[2.887s] [01m[K/icarus_foxy/src/sllidar_ros2/sdk/src/dataunpacker/dataunpacker.h:56:35:[m[K [01;35m[Kwarning: [m[Kunused parameter ‘[01m[KerrMsg[m[K’ [[01;35m[K-Wunused-parameter[m[K]
[2.887s]    56 |  virtual void onDecodingError([01;35m[Kint errMsg[m[K, _u8 ansType, const void* payload, size_t size) {}
[2.887s]       |                               [01;35m[K~~~~^~~~~~[m[K
[2.887s] [01m[K/icarus_foxy/src/sllidar_ros2/sdk/src/dataunpacker/dataunpacker.h:56:47:[m[K [01;35m[Kwarning: [m[Kunused parameter ‘[01m[KansType[m[K’ [[01;35m[K-Wunused-parameter[m[K]
[2.888s]    56 |  virtual void onDecodingError(int errMsg, [01;35m[K_u8 ansType[m[K, const void* payload, size_t size) {}
[2.888s]       |                                           [01;35m[K~~~~^~~~~~~[m[K
[2.888s] [01m[K/icarus_foxy/src/sllidar_ros2/sdk/src/dataunpacker/dataunpacker.h:56:68:[m[K [01;35m[Kwarning: [m[Kunused parameter ‘[01m[Kpayload[m[K’ [[01;35m[K-Wunused-parameter[m[K]
[2.888s]    56 |  virtual void onDecodingError(int errMsg, _u8 ansType, [01;35m[Kconst void* payload[m[K, size_t size) {}
[2.888s]       |                                                        [01;35m[K~~~~~~~~~~~~^~~~~~~[m[K
[2.888s] [01m[K/icarus_foxy/src/sllidar_ros2/sdk/src/dataunpacker/dataunpacker.h:56:84:[m[K [01;35m[Kwarning: [m[Kunused parameter ‘[01m[Ksize[m[K’ [[01;35m[K-Wunused-parameter[m[K]
[2.888s]    56 |  virtual void onDecodingError(int errMsg, _u8 ansType, const void* payload, [01;35m[Ksize_t size[m[K) {}
[2.888s]       |                                                                             [01;35m[K~~~~~~~^~~~[m[K
[2.897s] In file included from [01m[K/icarus_foxy/src/sllidar_ros2/sdk/src/sl_async_transceiver.cpp:44[m[K:
[2.897s] [01m[K/icarus_foxy/src/sllidar_ros2/sdk/src/sl_async_transceiver.h:[m[K In member function ‘[01m[Kvirtual void sl::internal::IAsyncProtocolCodec::onChannelError(u_result)[m[K’:
[2.897s] [01m[K/icarus_foxy/src/sllidar_ros2/sdk/src/sl_async_transceiver.h:90:41:[m[K [01;35m[Kwarning: [m[Kunused parameter ‘[01m[KerrCode[m[K’ [[01;35m[K-Wunused-parameter[m[K]
[2.897s]    90 |  virtual void   onChannelError([01;35m[Ku_result errCode[m[K) {}
[2.897s]       |                                [01;35m[K~~~~~~~~~^~~~~~~[m[K
[2.934s] In file included from [01m[K/icarus_foxy/src/sllidar_ros2/sdk/src/dataunpacker/unpacker/handler_hqnode.cpp:40[m[K:
[2.934s] [01m[K/icarus_foxy/src/sllidar_ros2/sdk/src/dataunpacker/unpacker/../dataunpacker.h:[m[K In member function ‘[01m[Kvirtual void sl::internal::LIDARSampleDataListener::onCustomSampleDataDecoded(_u8, _u32, const void*, size_t)[m[K’:
[2.934s] [01m[K/icarus_foxy/src/sllidar_ros2/sdk/src/dataunpacker/unpacker/../dataunpacker.h:54:45:[m[K [01;35m[Kwarning: [m[Kunused parameter ‘[01m[KansType[m[K’ [[01;35m[K-Wunused-parameter[m[K]
[2.935s]    54 |  virtual void onCustomSampleDataDecoded([01;35m[K_u8 ansType[m[K, _u32 customCode, const void* data, size_t size) {}
[2.935s]       |                                         [01;35m[K~~~~^~~~~~~[m[K
[2.935s] [01m[K/icarus_foxy/src/sllidar_ros2/sdk/src/dataunpacker/unpacker/../dataunpacker.h:54:59:[m[K [01;35m[Kwarning: [m[Kunused parameter ‘[01m[KcustomCode[m[K’ [[01;35m[K-Wunused-parameter[m[K]
[2.935s]    54 |  virtual void onCustomSampleDataDecoded(_u8 ansType, [01;35m[K_u32 customCode[m[K, const void* data, size_t size) {}
[2.935s]       |                                                      [01;35m[K~~~~~^~~~~~~~~~[m[K
[2.935s] [01m[K/icarus_foxy/src/sllidar_ros2/sdk/src/dataunpacker/unpacker/../dataunpacker.h:54:83:[m[K [01;35m[Kwarning: [m[Kunused parameter ‘[01m[Kdata[m[K’ [[01;35m[K-Wunused-parameter[m[K]
[2.935s]    54 |  virtual void onCustomSampleDataDecoded(_u8 ansType, _u32 customCode, [01;35m[Kconst void* data[m[K, size_t size) {}
[2.936s]       |                                                                       [01;35m[K~~~~~~~~~~~~^~~~[m[K
[2.936s] [01m[K/icarus_foxy/src/sllidar_ros2/sdk/src/dataunpacker/unpacker/../dataunpacker.h:54:96:[m[K [01;35m[Kwarning: [m[Kunused parameter ‘[01m[Ksize[m[K’ [[01;35m[K-Wunused-parameter[m[K]
[2.936s]    54 |  virtual void onCustomSampleDataDecoded(_u8 ansType, _u32 customCode, const void* data, [01;35m[Ksize_t size[m[K) {}
[2.936s]       |                                                                                         [01;35m[K~~~~~~~^~~~[m[K
[2.941s] [01m[K/icarus_foxy/src/sllidar_ros2/sdk/src/dataunpacker/unpacker/../dataunpacker.h:[m[K In member function ‘[01m[Kvirtual void sl::internal::LIDARSampleDataListener::onDecodingError(int, _u8, const void*, size_t)[m[K’:
[2.941s] [01m[K/icarus_foxy/src/sllidar_ros2/sdk/src/dataunpacker/unpacker/../dataunpacker.h:56:35:[m[K [01;35m[Kwarning: [m[Kunused parameter ‘[01m[KerrMsg[m[K’ [[01;35m[K-Wunused-parameter[m[K]
[2.942s]    56 |  virtual void onDecodingError([01;35m[Kint errMsg[m[K, _u8 ansType, const void* payload, size_t size) {}
[2.942s]       |                               [01;35m[K~~~~^~~~~~[m[K
[2.942s] [01m[K/icarus_foxy/src/sllidar_ros2/sdk/src/dataunpacker/unpacker/../dataunpacker.h:56:47:[m[K [01;35m[Kwarning: [m[Kunused parameter ‘[01m[KansType[m[K’ [[01;35m[K-Wunused-parameter[m[K]
[2.942s]    56 |  virtual void onDecodingError(int errMsg, [01;35m[K_u8 ansType[m[K, const void* payload, size_t size) {}
[2.942s]       |                                           [01;35m[K~~~~^~~~~~~[m[K
[2.942s] [01m[K/icarus_foxy/src/sllidar_ros2/sdk/src/dataunpacker/unpacker/../dataunpacker.h:56:68:[m[K [01;35m[Kwarning: [m[Kunused parameter ‘[01m[Kpayload[m[K’ [[01;35m[K-Wunused-parameter[m[K]
[2.943s]    56 |  virtual void onDecodingError(int errMsg, _u8 ansType, [01;35m[Kconst void* payload[m[K, size_t size) {}
[2.943s]       |                                                        [01;35m[K~~~~~~~~~~~~^~~~~~~[m[K
[2.943s] [01m[K/icarus_foxy/src/sllidar_ros2/sdk/src/dataunpacker/unpacker/../dataunpacker.h:56:84:[m[K [01;35m[Kwarning: [m[Kunused parameter ‘[01m[Ksize[m[K’ [[01;35m[K-Wunused-parameter[m[K]
[2.943s]    56 |  virtual void onDecodingError(int errMsg, _u8 ansType, const void* payload, [01;35m[Ksize_t size[m[K) {}
[2.943s]       |                                                                             [01;35m[K~~~~~~~^~~~[m[K
[2.950s] In file included from [01m[K/icarus_foxy/src/sllidar_ros2/sdk/src/dataunpacker/unpacker/handler_normalnode.cpp:40[m[K:
[2.951s] [01m[K/icarus_foxy/src/sllidar_ros2/sdk/src/dataunpacker/unpacker/../dataunpacker.h:[m[K In member function ‘[01m[Kvirtual void sl::internal::LIDARSampleDataListener::onCustomSampleDataDecoded(_u8, _u32, const void*, size_t)[m[K’:
[2.951s] [01m[K/icarus_foxy/src/sllidar_ros2/sdk/src/dataunpacker/unpacker/../dataunpacker.h:54:45:[m[K [01;35m[Kwarning: [m[Kunused parameter ‘[01m[KansType[m[K’ [[01;35m[K-Wunused-parameter[m[K]
[2.951s]    54 |  virtual void onCustomSampleDataDecoded([01;35m[K_u8 ansType[m[K, _u32 customCode, const void* data, size_t size) {}
[2.951s]       |                                         [01;35m[K~~~~^~~~~~~[m[K
[2.951s] [01m[K/icarus_foxy/src/sllidar_ros2/sdk/src/dataunpacker/unpacker/../dataunpacker.h:54:59:[m[K [01;35m[Kwarning: [m[Kunused parameter ‘[01m[KcustomCode[m[K’ [[01;35m[K-Wunused-parameter[m[K]
[2.951s]    54 |  virtual void onCustomSampleDataDecoded(_u8 ansType, [01;35m[K_u32 customCode[m[K, const void* data, size_t size) {}
[2.951s]       |                                                      [01;35m[K~~~~~^~~~~~~~~~[m[K
[2.951s] [01m[K/icarus_foxy/src/sllidar_ros2/sdk/src/dataunpacker/unpacker/../dataunpacker.h:54:83:[m[K [01;35m[Kwarning: [m[Kunused parameter ‘[01m[Kdata[m[K’ [[01;35m[K-Wunused-parameter[m[K]
[2.951s]    54 |  virtual void onCustomSampleDataDecoded(_u8 ansType, _u32 customCode, [01;35m[Kconst void* data[m[K, size_t size) {}
[2.951s]       |                                                                       [01;35m[K~~~~~~~~~~~~^~~~[m[K
[2.952s] [01m[K/icarus_foxy/src/sllidar_ros2/sdk/src/dataunpacker/unpacker/../dataunpacker.h:54:96:[m[K [01;35m[Kwarning: [m[Kunused parameter ‘[01m[Ksize[m[K’ [[01;35m[K-Wunused-parameter[m[K]
[2.952s]    54 |  virtual void onCustomSampleDataDecoded(_u8 ansType, _u32 customCode, const void* data, [01;35m[Ksize_t size[m[K) {}
[2.952s]       |                                                                                         [01;35m[K~~~~~~~^~~~[m[K
[2.952s] [01m[K/icarus_foxy/src/sllidar_ros2/sdk/src/dataunpacker/unpacker/../dataunpacker.h:[m[K In member function ‘[01m[Kvirtual void sl::internal::LIDARSampleDataListener::onDecodingError(int, _u8, const void*, size_t)[m[K’:
[2.952s] [01m[K/icarus_foxy/src/sllidar_ros2/sdk/src/dataunpacker/unpacker/../dataunpacker.h:56:35:[m[K [01;35m[Kwarning: [m[Kunused parameter ‘[01m[KerrMsg[m[K’ [[01;35m[K-Wunused-parameter[m[K]
[2.952s]    56 |  virtual void onDecodingError([01;35m[Kint errMsg[m[K, _u8 ansType, const void* payload, size_t size) {}
[2.952s]       |                               [01;35m[K~~~~^~~~~~[m[K
[2.952s] [01m[K/icarus_foxy/src/sllidar_ros2/sdk/src/dataunpacker/unpacker/../dataunpacker.h:56:47:[m[K [01;35m[Kwarning: [m[Kunused parameter ‘[01m[KansType[m[K’ [[01;35m[K-Wunused-parameter[m[K]
[2.952s]    56 |  virtual void onDecodingError(int errMsg, [01;35m[K_u8 ansType[m[K, const void* payload, size_t size) {}
[2.952s]       |                                           [01;35m[K~~~~^~~~~~~[m[K
[2.953s] [01m[K/icarus_foxy/src/sllidar_ros2/sdk/src/dataunpacker/unpacker/../dataunpacker.h:56:68:[m[K [01;35m[Kwarning: [m[Kunused parameter ‘[01m[Kpayload[m[K’ [[01;35m[K-Wunused-parameter[m[K]
[2.953s]    56 |  virtual void onDecodingError(int errMsg, _u8 ansType, [01;35m[Kconst void* payload[m[K, size_t size) {}
[2.953s]       |                                                        [01;35m[K~~~~~~~~~~~~^~~~~~~[m[K
[2.953s] [01m[K/icarus_foxy/src/sllidar_ros2/sdk/src/dataunpacker/unpacker/../dataunpacker.h:56:84:[m[K [01;35m[Kwarning: [m[Kunused parameter ‘[01m[Ksize[m[K’ [[01;35m[K-Wunused-parameter[m[K]
[2.953s]    56 |  virtual void onDecodingError(int errMsg, _u8 ansType, const void* payload, [01;35m[Ksize_t size[m[K) {}
[2.953s]       |                                                                             [01;35m[K~~~~~~~^~~~[m[K
[2.967s] In file included from [01m[K/icarus_foxy/src/sllidar_ros2/sdk/src/dataunpacker/unpacker/handler_capsules.cpp:40[m[K:
[2.967s] [01m[K/icarus_foxy/src/sllidar_ros2/sdk/src/dataunpacker/unpacker/../dataunpacker.h:[m[K In member function ‘[01m[Kvirtual void sl::internal::LIDARSampleDataListener::onCustomSampleDataDecoded(_u8, _u32, const void*, size_t)[m[K’:
[2.967s] [01m[K/icarus_foxy/src/sllidar_ros2/sdk/src/dataunpacker/unpacker/../dataunpacker.h:54:45:[m[K [01;35m[Kwarning: [m[Kunused parameter ‘[01m[KansType[m[K’ [[01;35m[K-Wunused-parameter[m[K]
[2.967s]    54 |  virtual void onCustomSampleDataDecoded([01;35m[K_u8 ansType[m[K, _u32 customCode, const void* data, size_t size) {}
[2.967s]       |                                         [01;35m[K~~~~^~~~~~~[m[K
[2.967s] [01m[K/icarus_foxy/src/sllidar_ros2/sdk/src/dataunpacker/unpacker/../dataunpacker.h:54:59:[m[K [01;35m[Kwarning: [m[Kunused parameter ‘[01m[KcustomCode[m[K’ [[01;35m[K-Wunused-parameter[m[K]
[2.968s]    54 |  virtual void onCustomSampleDataDecoded(_u8 ansType, [01;35m[K_u32 customCode[m[K, const void* data, size_t size) {}
[2.968s]       |                                                      [01;35m[K~~~~~^~~~~~~~~~[m[K
[2.968s] [01m[K/icarus_foxy/src/sllidar_ros2/sdk/src/dataunpacker/unpacker/../dataunpacker.h:54:83:[m[K [01;35m[Kwarning: [m[Kunused parameter ‘[01m[Kdata[m[K’ [[01;35m[K-Wunused-parameter[m[K]
[2.968s]    54 |  virtual void onCustomSampleDataDecoded(_u8 ansType, _u32 customCode, [01;35m[Kconst void* data[m[K, size_t size) {}
[2.968s]       |                                                                       [01;35m[K~~~~~~~~~~~~^~~~[m[K
[2.968s] [01m[K/icarus_foxy/src/sllidar_ros2/sdk/src/dataunpacker/unpacker/../dataunpacker.h:54:96:[m[K [01;35m[Kwarning: [m[Kunused parameter ‘[01m[Ksize[m[K’ [[01;35m[K-Wunused-parameter[m[K]
[2.968s]    54 |  virtual void onCustomSampleDataDecoded(_u8 ansType, _u32 customCode, const void* data, [01;35m[Ksize_t size[m[K) {}
[2.968s]       |                                                                                         [01;35m[K~~~~~~~^~~~[m[K
[2.969s] [01m[K/icarus_foxy/src/sllidar_ros2/sdk/src/dataunpacker/unpacker/../dataunpacker.h:[m[K In member function ‘[01m[Kvirtual void sl::internal::LIDARSampleDataListener::onDecodingError(int, _u8, const void*, size_t)[m[K’:
[2.969s] [01m[K/icarus_foxy/src/sllidar_ros2/sdk/src/dataunpacker/unpacker/../dataunpacker.h:56:35:[m[K [01;35m[Kwarning: [m[Kunused parameter ‘[01m[KerrMsg[m[K’ [[01;35m[K-Wunused-parameter[m[K]
[2.969s]    56 |  virtual void onDecodingError([01;35m[Kint errMsg[m[K, _u8 ansType, const void* payload, size_t size) {}
[2.969s]       |                               [01;35m[K~~~~^~~~~~[m[K
[2.969s] [01m[K/icarus_foxy/src/sllidar_ros2/sdk/src/dataunpacker/unpacker/../dataunpacker.h:56:47:[m[K [01;35m[Kwarning: [m[Kunused parameter ‘[01m[KansType[m[K’ [[01;35m[K-Wunused-parameter[m[K]
[2.969s]    56 |  virtual void onDecodingError(int errMsg, [01;35m[K_u8 ansType[m[K, const void* payload, size_t size) {}
[2.969s]       |                                           [01;35m[K~~~~^~~~~~~[m[K
[2.969s] [01m[K/icarus_foxy/src/sllidar_ros2/sdk/src/dataunpacker/unpacker/../dataunpacker.h:56:68:[m[K [01;35m[Kwarning: [m[Kunused parameter ‘[01m[Kpayload[m[K’ [[01;35m[K-Wunused-parameter[m[K]
[2.969s]    56 |  virtual void onDecodingError(int errMsg, _u8 ansType, [01;35m[Kconst void* payload[m[K, size_t size) {}
[2.970s]       |                                                        [01;35m[K~~~~~~~~~~~~^~~~~~~[m[K
[2.970s] [01m[K/icarus_foxy/src/sllidar_ros2/sdk/src/dataunpacker/unpacker/../dataunpacker.h:56:84:[m[K [01;35m[Kwarning: [m[Kunused parameter ‘[01m[Ksize[m[K’ [[01;35m[K-Wunused-parameter[m[K]
[2.970s]    56 |  virtual void onDecodingError(int errMsg, _u8 ansType, const void* payload, [01;35m[Ksize_t size[m[K) {}
[2.970s]       |                                                                             [01;35m[K~~~~~~~^~~~[m[K
[2.980s] In file included from [01m[K/icarus_foxy/src/sllidar_ros2/sdk/src/hal/thread.cpp:43[m[K:
[2.980s] [01m[K/icarus_foxy/src/sllidar_ros2/./sdk/src/arch/linux/thread.hpp:[m[K In static member function ‘[01m[Kstatic rp::hal::Thread rp::hal::Thread::create(thread_proc_t, void*)[m[K’:
[2.981s] [01m[K/icarus_foxy/src/sllidar_ros2/./sdk/src/arch/linux/thread.hpp:52:77:[m[K [01;35m[Kwarning: [m[Kcast between incompatible function types from ‘[01m[Kthread_proc_t[m[K’ {aka ‘[01m[Klong unsigned int (*)(void*)[m[K’} to ‘[01m[Kvoid* (*)(void*)[m[K’ [[01;35m[K-Wcast-function-type[m[K]
[2.981s]    52 |     pthread_create((pthread_t *)&newborn._handle, NULL, (void * (*)(void *))[01;35m[Kproc[m[K, data);
[2.981s]       |                                                                             [01;35m[K^~~~[m[K
[2.982s] [01m[K/icarus_foxy/src/sllidar_ros2/./sdk/src/arch/linux/thread.hpp:[m[K In member function ‘[01m[Ku_result rp::hal::Thread::join(long unsigned int)[m[K’:
[2.982s] [01m[K/icarus_foxy/src/sllidar_ros2/./sdk/src/arch/linux/thread.hpp:176:37:[m[K [01;35m[Kwarning: [m[Kunused parameter ‘[01m[Ktimeout[m[K’ [[01;35m[K-Wunused-parameter[m[K]
[2.982s]   176 | u_result Thread::join([01;35m[Kunsigned long timeout[m[K)
[2.982s]       |                       [01;35m[K~~~~~~~~~~~~~~^~~~~~~[m[K
[2.985s] [01m[K/icarus_foxy/src/sllidar_ros2/sdk/src/dataunpacker/unpacker/handler_capsules.cpp:[m[K In member function ‘[01m[Kvoid sl::internal::unpacker::UnpackerHandler_DenseCapsuleNode::_onScanNodeDenseCapsuleData(rplidar_response_dense_capsule_measurement_nodes_t&, sl::internal::LIDARSampleDataUnpackerInner*)[m[K’:
[2.985s] [01m[K/icarus_foxy/src/sllidar_ros2/sdk/src/dataunpacker/unpacker/handler_capsules.cpp:763:108:[m[K [01;35m[Kwarning: [m[Ktype qualifiers ignored on cast result type [[01;35m[K-Wignored-qualifiers[m[K]
[2.985s]   763 |             const int dist = static_cast<const int>(_cached_previous_dense_capsuledata.cabins[pos].distance[01;35m[K)[m[K;
[2.985s]       |                                                                                                            [01;35m[K^[m[K
[3.041s] In file included from [01m[K/icarus_foxy/src/sllidar_ros2/sdk/src/sl_lidarprotocol_codec.cpp:49[m[K:
[3.041s] [01m[K/icarus_foxy/src/sllidar_ros2/sdk/src/sl_async_transceiver.h:[m[K In member function ‘[01m[Kvirtual void sl::internal::IAsyncProtocolCodec::onChannelError(u_result)[m[K’:
[3.042s] [01m[K/icarus_foxy/src/sllidar_ros2/sdk/src/sl_async_transceiver.h:90:41:[m[K [01;35m[Kwarning: [m[Kunused parameter ‘[01m[KerrCode[m[K’ [[01;35m[K-Wunused-parameter[m[K]
[3.042s]    90 |  virtual void   onChannelError([01;35m[Ku_result errCode[m[K) {}
[3.042s]       |                                [01;35m[K~~~~~~~~~^~~~~~~[m[K
[3.092s] In file included from [01m[K/icarus_foxy/src/sllidar_ros2/sdk/src/sl_lidar_driver.cpp:50[m[K:
[3.093s] [01m[K/icarus_foxy/src/sllidar_ros2/sdk/src/dataunpacker/dataunpacker.h:[m[K In member function ‘[01m[Kvirtual void sl::internal::LIDARSampleDataListener::onCustomSampleDataDecoded(_u8, _u32, const void*, size_t)[m[K’:
[3.093s] [01m[K/icarus_foxy/src/sllidar_ros2/sdk/src/dataunpacker/dataunpacker.h:54:45:[m[K [01;35m[Kwarning: [m[Kunused parameter ‘[01m[KansType[m[K’ [[01;35m[K-Wunused-parameter[m[K]
[3.093s]    54 |  virtual void onCustomSampleDataDecoded([01;35m[K_u8 ansType[m[K, _u32 customCode, const void* data, size_t size) {}
[3.093s]       |                                         [01;35m[K~~~~^~~~~~~[m[K
[3.093s] [01m[K/icarus_foxy/src/sllidar_ros2/sdk/src/dataunpacker/dataunpacker.h:54:59:[m[K [01;35m[Kwarning: [m[Kunused parameter ‘[01m[KcustomCode[m[K’ [[01;35m[K-Wunused-parameter[m[K]
[3.094s]    54 |  virtual void onCustomSampleDataDecoded(_u8 ansType, [01;35m[K_u32 customCode[m[K, const void* data, size_t size) {}
[3.094s]       |                                                      [01;35m[K~~~~~^~~~~~~~~~[m[K
[3.094s] [01m[K/icarus_foxy/src/sllidar_ros2/sdk/src/dataunpacker/dataunpacker.h:54:83:[m[K [01;35m[Kwarning: [m[Kunused parameter ‘[01m[Kdata[m[K’ [[01;35m[K-Wunused-parameter[m[K]
[3.094s]    54 |  virtual void onCustomSampleDataDecoded(_u8 ansType, _u32 customCode, [01;35m[Kconst void* data[m[K, size_t size) {}
[3.094s]       |                                                                       [01;35m[K~~~~~~~~~~~~^~~~[m[K
[3.094s] [01m[K/icarus_foxy/src/sllidar_ros2/sdk/src/dataunpacker/dataunpacker.h:54:96:[m[K [01;35m[Kwarning: [m[Kunused parameter ‘[01m[Ksize[m[K’ [[01;35m[K-Wunused-parameter[m[K]
[3.094s]    54 |  virtual void onCustomSampleDataDecoded(_u8 ansType, _u32 customCode, const void* data, [01;35m[Ksize_t size[m[K) {}
[3.094s]       |                                                                                         [01;35m[K~~~~~~~^~~~[m[K
[3.094s] [01m[K/icarus_foxy/src/sllidar_ros2/sdk/src/dataunpacker/dataunpacker.h:[m[K In member function ‘[01m[Kvirtual void sl::internal::LIDARSampleDataListener::onDecodingError(int, _u8, const void*, size_t)[m[K’:
[3.094s] [01m[K/icarus_foxy/src/sllidar_ros2/sdk/src/dataunpacker/dataunpacker.h:56:35:[m[K [01;35m[Kwarning: [m[Kunused parameter ‘[01m[KerrMsg[m[K’ [[01;35m[K-Wunused-parameter[m[K]
[3.095s]    56 |  virtual void onDecodingError([01;35m[Kint errMsg[m[K, _u8 ansType, const void* payload, size_t size) {}
[3.095s]       |                               [01;35m[K~~~~^~~~~~[m[K
[3.095s] [01m[K/icarus_foxy/src/sllidar_ros2/sdk/src/dataunpacker/dataunpacker.h:56:47:[m[K [01;35m[Kwarning: [m[Kunused parameter ‘[01m[KansType[m[K’ [[01;35m[K-Wunused-parameter[m[K]
[3.095s]    56 |  virtual void onDecodingError(int errMsg, [01;35m[K_u8 ansType[m[K, const void* payload, size_t size) {}
[3.095s]       |                                           [01;35m[K~~~~^~~~~~~[m[K
[3.095s] [01m[K/icarus_foxy/src/sllidar_ros2/sdk/src/dataunpacker/dataunpacker.h:56:68:[m[K [01;35m[Kwarning: [m[Kunused parameter ‘[01m[Kpayload[m[K’ [[01;35m[K-Wunused-parameter[m[K]
[3.095s]    56 |  virtual void onDecodingError(int errMsg, _u8 ansType, [01;35m[Kconst void* payload[m[K, size_t size) {}
[3.095s]       |                                                        [01;35m[K~~~~~~~~~~~~^~~~~~~[m[K
[3.095s] [01m[K/icarus_foxy/src/sllidar_ros2/sdk/src/dataunpacker/dataunpacker.h:56:84:[m[K [01;35m[Kwarning: [m[Kunused parameter ‘[01m[Ksize[m[K’ [[01;35m[K-Wunused-parameter[m[K]
[3.096s]    56 |  virtual void onDecodingError(int errMsg, _u8 ansType, const void* payload, [01;35m[Ksize_t size[m[K) {}
[3.096s]       |                                                                             [01;35m[K~~~~~~~^~~~[m[K
[3.106s] In file included from [01m[K/icarus_foxy/src/sllidar_ros2/sdk/src/sl_lidar_driver.cpp:51[m[K:
[3.106s] [01m[K/icarus_foxy/src/sllidar_ros2/sdk/src/sl_async_transceiver.h:[m[K In member function ‘[01m[Kvirtual void sl::internal::IAsyncProtocolCodec::onChannelError(u_result)[m[K’:
[3.106s] [01m[K/icarus_foxy/src/sllidar_ros2/sdk/src/sl_async_transceiver.h:90:41:[m[K [01;35m[Kwarning: [m[Kunused parameter ‘[01m[KerrCode[m[K’ [[01;35m[K-Wunused-parameter[m[K]
[3.106s]    90 |  virtual void   onChannelError([01;35m[Ku_result errCode[m[K) {}
[3.106s]       |                                [01;35m[K~~~~~~~~~^~~~~~~[m[K
[3.140s] [01m[K/icarus_foxy/src/sllidar_ros2/sdk/src/sl_lidar_driver.cpp:[m[K In member function ‘[01m[Kvirtual sl_result sl::SlamtecLidarDriver::reset(sl_u32)[m[K’:
[3.140s] [01m[K/icarus_foxy/src/sllidar_ros2/sdk/src/sl_lidar_driver.cpp:511:32:[m[K [01;35m[Kwarning: [m[Kunused parameter ‘[01m[KtimeoutInMs[m[K’ [[01;35m[K-Wunused-parameter[m[K]
[3.140s]   511 |         sl_result reset([01;35m[Ksl_u32 timeoutInMs = DEFAULT_TIMEOUT[m[K)
[3.140s]       |                         [01;35m[K~~~~~~~^~~~~~~~~~~~~~~~~~~~~~~~~~~~~[m[K
[3.144s] [01m[K/icarus_foxy/src/sllidar_ros2/sdk/src/sl_lidar_driver.cpp:[m[K In member function ‘[01m[Kvirtual sl_result sl::SlamtecLidarDriver::startScan(bool, bool, sl_u32, sl::LidarScanMode*)[m[K’:
[3.144s] [01m[K/icarus_foxy/src/sllidar_ros2/sdk/src/sl_lidar_driver.cpp:586:69:[m[K [01;35m[Kwarning: [m[Kunused parameter ‘[01m[Koptions[m[K’ [[01;35m[K-Wunused-parameter[m[K]
[3.145s]   586 |         sl_result startScan(bool force, bool useTypicalScan, [01;35m[Ksl_u32 options = 0[m[K, LidarScanMode* outUsedScanMode = nullptr)
[3.145s]       |                                                              [01;35m[K~~~~~~~^~~~~~~~~~~[m[K
[3.147s] [01m[K/icarus_foxy/src/sllidar_ros2/sdk/src/sl_lidar_driver.cpp:[m[K In member function ‘[01m[Kvirtual sl_result sl::SlamtecLidarDriver::stop(sl_u32)[m[K’:
[3.147s] [01m[K/icarus_foxy/src/sllidar_ros2/sdk/src/sl_lidar_driver.cpp:763:31:[m[K [01;35m[Kwarning: [m[Kunused parameter ‘[01m[Ktimeout[m[K’ [[01;35m[K-Wunused-parameter[m[K]
[3.147s]   763 |         sl_result stop([01;35m[Ksl_u32 timeout = DEFAULT_TIMEOUT[m[K)
[3.147s]       |                        [01;35m[K~~~~~~~^~~~~~~~~~~~~~~~~~~~~~~~~[m[K
[3.150s] [01m[K/icarus_foxy/src/sllidar_ros2/sdk/src/sl_lidar_driver.cpp:[m[K In member function ‘[01m[Kvirtual sl_result sl::SlamtecLidarDriver::getFrequency(const sl::LidarScanMode&, const sl_lidar_response_measurement_node_hq_t*, size_t, float&)[m[K’:
[3.150s] [01m[K/icarus_foxy/src/sllidar_ros2/sdk/src/sl_lidar_driver.cpp:880:110:[m[K [01;35m[Kwarning: [m[Kunused parameter ‘[01m[Knodes[m[K’ [[01;35m[K-Wunused-parameter[m[K]
[3.150s]   880 |         sl_result getFrequency(const LidarScanMode& scanMode, [01;35m[Kconst sl_lidar_response_measurement_node_hq_t* nodes[m[K, size_t count, float& frequency)
[3.150s]       |                                                               [01;35m[K~~~~~~~~~~~~~~~~~~~~~~~~~~~~~~~~~~~~~~~~~~~~~~~^~~~~[m[K
[3.153s] [01m[K/icarus_foxy/src/sllidar_ros2/sdk/src/sl_lidar_driver.cpp:[m[K In member function ‘[01m[Kvirtual sl_result sl::SlamtecLidarDriver::getMotorInfo(sl::LidarMotorInfo&, sl_u32)[m[K’:
[3.153s] [01m[K/icarus_foxy/src/sllidar_ros2/sdk/src/sl_lidar_driver.cpp:1023:66:[m[K [01;35m[Kwarning: [m[Kunused parameter ‘[01m[KtimeoutInMs[m[K’ [[01;35m[K-Wunused-parameter[m[K]
[3.153s]  1023 |         sl_result getMotorInfo(LidarMotorInfo &motorInfo, [01;35m[Ksl_u32 timeoutInMs[m[K)
[3.153s]       |                                                           [01;35m[K~~~~~~~^~~~~~~~~~~[m[K
[3.154s] [01m[K/icarus_foxy/src/sllidar_ros2/sdk/src/sl_lidar_driver.cpp:[m[K In member function ‘[01m[Ku_result sl::SlamtecLidarDriver::getScanModeCount(sl_u16&, sl_u32)[m[K’:
[3.155s] [01m[K/icarus_foxy/src/sllidar_ros2/sdk/src/sl_lidar_driver.cpp:1199:61:[m[K [01;35m[Kwarning: [m[Kunused parameter ‘[01m[KtimeoutInMs[m[K’ [[01;35m[K-Wunused-parameter[m[K]
[3.155s]  1199 |         u_result getScanModeCount(sl_u16& modeCount, [01;35m[Ksl_u32 timeoutInMs = DEFAULT_TIMEOUT[m[K)
[3.155s]       |                                                      [01;35m[K~~~~~~~^~~~~~~~~~~~~~~~~~~~~~~~~~~~~[m[K
[3.183s] In file included from [01m[K/icarus_foxy/src/sllidar_ros2/./sdk/include/sl_lidar_cmd.h:41[m[K,
[3.183s]                  from [01m[K/icarus_foxy/src/sllidar_ros2/./sdk/include/sl_lidar_driver.h:54[m[K,
[3.183s]                  from [01m[K/icarus_foxy/src/sllidar_ros2/sdk/src/sl_udp_channel.cpp:33[m[K:
[3.183s] [01m[K/icarus_foxy/src/sllidar_ros2/./sdk/include/sl_lidar_protocol.h:66:16:[m[K [01;35m[Kwarning: [m[KISO C++ forbids zero-size array ‘[01m[Kdata[m[K’ [[01;35m[K-Wpedantic[m[K]
[3.183s]    66 |     sl_u8 data[[01;35m[K0[m[K];
[3.183s]       |                [01;35m[K^[m[K
[3.183s] In file included from [01m[K/icarus_foxy/src/sllidar_ros2/./sdk/include/sl_lidar_driver.h:54[m[K,
[3.184s]                  from [01m[K/icarus_foxy/src/sllidar_ros2/sdk/src/sl_udp_channel.cpp:33[m[K:
[3.184s] [01m[K/icarus_foxy/src/sllidar_ros2/./sdk/include/sl_lidar_cmd.h:324:20:[m[K [01;35m[Kwarning: [m[KISO C++ forbids zero-size array ‘[01m[Kpayload[m[K’ [[01;35m[K-Wpedantic[m[K]
[3.184s]   324 |     sl_u8  payload[[01;35m[K0[m[K];
[3.184s]       |                    [01;35m[K^[m[K
[3.187s] /icarus_foxy/src/sllidar_ros2/sdk/src/sl_lidar_driver.cpp: In instantiation of ‘[01m[Kvoid sl::RawSampleNodeHolder<T>::pushNode(_u64, const T*) [with T = sl_lidar_response_measurement_node_hq_t; _u64 = long unsigned int][m[K’:
[3.187s] [01m[K/icarus_foxy/src/sllidar_ros2/sdk/src/sl_lidar_driver.cpp:1648:61:[m[K   required from here
[3.187s] [01m[K/icarus_foxy/src/sllidar_ros2/sdk/src/sl_lidar_driver.cpp:202:28:[m[K [01;35m[Kwarning: [m[Kunused parameter ‘[01m[Ktimestamp_uS[m[K’ [[01;35m[K-Wunused-parameter[m[K]
[3.187s]   202 |         void pushNode([01;35m[K_u64 timestamp_uS[m[K, const T* node)
[3.187s]       |                       [01;35m[K~~~~~^~~~~~~~~~~~[m[K
[3.189s] [01m[K/icarus_foxy/src/sllidar_ros2/sdk/src/sl_udp_channel.cpp:[m[K In member function ‘[01m[Kvoid sl::UdpChannel::setStatus(_u32)[m[K’:
[3.189s] [01m[K/icarus_foxy/src/sllidar_ros2/sdk/src/sl_udp_channel.cpp:112:29:[m[K [01;35m[Kwarning: [m[Kunused parameter ‘[01m[Kflag[m[K’ [[01;35m[K-Wunused-parameter[m[K]
[3.189s]   112 |         void setStatus([01;35m[K_u32 flag[m[K){}
[3.189s]       |                        [01;35m[K~~~~~^~~~[m[K
[3.303s] [01m[K/icarus_foxy/src/sllidar_ros2/sdk/src/sl_lidar_driver.cpp:[m[K At global scope:
[3.304s] [01m[K/icarus_foxy/src/sllidar_ros2/sdk/src/sl_lidar_driver.cpp:83:17:[m[K [01;35m[Kwarning: [m[K‘[01m[Kvoid sl::convert(const sl_lidar_response_measurement_node_hq_t&, sl_lidar_response_measurement_node_t&)[m[K’ defined but not used [[01;35m[K-Wunused-function[m[K]
[3.304s]    83 |     static void [01;35m[Kconvert[m[K(const sl_lidar_response_measurement_node_hq_t& from, sl_lidar_response_measurement_node_t& to)
[3.304s]       |                 [01;35m[K^~~~~~~[m[K
[3.304s] [01m[K/icarus_foxy/src/sllidar_ros2/sdk/src/sl_lidar_driver.cpp:75:17:[m[K [01;35m[Kwarning: [m[K‘[01m[Kvoid sl::convert(const sl_lidar_response_measurement_node_t&, sl_lidar_response_measurement_node_hq_t&)[m[K’ defined but not used [[01;35m[K-Wunused-function[m[K]
[3.304s]    75 |     static void [01;35m[Kconvert[m[K(const sl_lidar_response_measurement_node_t& from, sl_lidar_response_measurement_node_hq_t& to)
[3.304s]       |                 [01;35m[K^~~~~~~[m[K
[3.304s] [01m[K/icarus_foxy/src/sllidar_ros2/sdk/src/sl_lidar_driver.cpp:70:17:[m[K [01;35m[Kwarning: [m[K‘[01m[Kvoid sl::printDeprecationWarn(const char*, const char*)[m[K’ defined but not used [[01;35m[K-Wunused-function[m[K]
[3.305s]    70 |     static void [01;35m[KprintDeprecationWarn[m[K(const char* fn, const char* replacement)
[3.305s]       |                 [01;35m[K^~~~~~~~~~~~~~~~~~~~[m[K
[4.037s] In file included from [01m[K/icarus_foxy/src/sllidar_ros2/./sdk/include/sl_lidar_cmd.h:41[m[K,
[4.037s]                  from [01m[K/icarus_foxy/src/sllidar_ros2/./sdk/include/sl_lidar_driver.h:54[m[K,
[4.037s]                  from [01m[K/icarus_foxy/src/sllidar_ros2/./sdk/include/sl_lidar.h:36[m[K,
[4.037s]                  from [01m[K/icarus_foxy/src/sllidar_ros2/src/sllidar_node.cpp:38[m[K:
[4.037s] [01m[K/icarus_foxy/src/sllidar_ros2/./sdk/include/sl_lidar_protocol.h:66:16:[m[K [01;35m[Kwarning: [m[KISO C++ forbids zero-size array ‘[01m[Kdata[m[K’ [[01;35m[K-Wpedantic[m[K]
[4.038s]    66 |     sl_u8 data[[01;35m[K0[m[K];
[4.038s]       |                [01;35m[K^[m[K
[4.038s] In file included from [01m[K/icarus_foxy/src/sllidar_ros2/./sdk/include/sl_lidar_driver.h:54[m[K,
[4.038s]                  from [01m[K/icarus_foxy/src/sllidar_ros2/./sdk/include/sl_lidar.h:36[m[K,
[4.038s]                  from [01m[K/icarus_foxy/src/sllidar_ros2/src/sllidar_node.cpp:38[m[K:
[4.038s] [01m[K/icarus_foxy/src/sllidar_ros2/./sdk/include/sl_lidar_cmd.h:324:20:[m[K [01;35m[Kwarning: [m[KISO C++ forbids zero-size array ‘[01m[Kpayload[m[K’ [[01;35m[K-Wpedantic[m[K]
[4.038s]   324 |     sl_u8  payload[[01;35m[K0[m[K];
[4.038s]       |                    [01;35m[K^[m[K
[5.978s] [ 95%] [32m[1mLinking CXX executable sllidar_node[0m
[6.230s] [ 95%] Built target sllidar_node
[6.936s] [100%] [32m[1mLinking CXX executable sllidar_client[0m
[7.144s] [100%] Built target sllidar_client
[7.158s] Invoked command in '/icarus_foxy/build/sllidar_ros2' returned '0': CMAKE_PREFIX_PATH=/opt/ros/foxy /usr/bin/cmake --build /icarus_foxy/build/sllidar_ros2 -- -j16 -l16
[7.242s] Invoking command in '/icarus_foxy/build/sllidar_ros2': CMAKE_PREFIX_PATH=/opt/ros/foxy /usr/bin/cmake --install /icarus_foxy/build/sllidar_ros2
[7.251s] -- Install configuration: ""
[7.252s] -- Installing: /icarus_foxy/install/sllidar_ros2/share/sllidar_ros2/launch
[7.252s] -- Installing: /icarus_foxy/install/sllidar_ros2/share/sllidar_ros2/launch/sllidar_a2m12_launch .py
[7.252s] -- Installing: /icarus_foxy/install/sllidar_ros2/share/sllidar_ros2/launch/sllidar_t1_launch.py
[7.252s] -- Installing: /icarus_foxy/install/sllidar_ros2/share/sllidar_ros2/launch/view_sllidar_s1_tcp_launch.py
[7.252s] -- Installing: /icarus_foxy/install/sllidar_ros2/share/sllidar_ros2/launch/sllidar_s2_launch.py
[7.253s] -- Installing: /icarus_foxy/install/sllidar_ros2/share/sllidar_ros2/launch/view_sllidar_s2_launch.py
[7.253s] -- Installing: /icarus_foxy/install/sllidar_ros2/share/sllidar_ros2/launch/view_sllidar_a2m8_launch.py
[7.253s] -- Installing: /icarus_foxy/install/sllidar_ros2/share/sllidar_ros2/launch/sllidar_a2m7_launch.py
[7.253s] -- Installing: /icarus_foxy/install/sllidar_ros2/share/sllidar_ros2/launch/sllidar_a2m8_launch.py
[7.254s] -- Installing: /icarus_foxy/install/sllidar_ros2/share/sllidar_ros2/launch/sllidar_s2e_launch.py
[7.254s] -- Installing: /icarus_foxy/install/sllidar_ros2/share/sllidar_ros2/launch/sllidar_s3_launch.py
[7.254s] -- Installing: /icarus_foxy/install/sllidar_ros2/share/sllidar_ros2/launch/view_sllidar_a2m12_launch.py
[7.255s] -- Installing: /icarus_foxy/install/sllidar_ros2/share/sllidar_ros2/launch/view_sllidar_t1_launch.py
[7.255s] -- Installing: /icarus_foxy/install/sllidar_ros2/share/sllidar_ros2/launch/sllidar_c1_launch.py
[7.255s] -- Installing: /icarus_foxy/install/sllidar_ros2/share/sllidar_ros2/launch/view_sllidar_a2m7_launch.py
[7.256s] -- Installing: /icarus_foxy/install/sllidar_ros2/share/sllidar_ros2/launch/view_sllidar_c1_launch.py
[7.256s] -- Installing: /icarus_foxy/install/sllidar_ros2/share/sllidar_ros2/launch/view_sllidar_s3_launch.py
[7.256s] -- Installing: /icarus_foxy/install/sllidar_ros2/share/sllidar_ros2/launch/sllidar_s1_tcp_launch.py
[7.257s] -- Installing: /icarus_foxy/install/sllidar_ros2/share/sllidar_ros2/launch/sllidar_a1_launch.py
[7.257s] -- Installing: /icarus_foxy/install/sllidar_ros2/share/sllidar_ros2/launch/view_sllidar_a1_launch.py
[7.257s] -- Installing: /icarus_foxy/install/sllidar_ros2/share/sllidar_ros2/launch/sllidar_a3_launch.py
[7.257s] -- Installing: /icarus_foxy/install/sllidar_ros2/share/sllidar_ros2/launch/view_sllidar_s1_launch.py
[7.258s] -- Installing: /icarus_foxy/install/sllidar_ros2/share/sllidar_ros2/launch/sllidar_s1_launch.py
[7.258s] -- Installing: /icarus_foxy/install/sllidar_ros2/share/sllidar_ros2/launch/view_sllidar_s2e_launch.py
[7.258s] -- Installing: /icarus_foxy/install/sllidar_ros2/share/sllidar_ros2/launch/view_sllidar_a3_launch.py
[7.259s] -- Installing: /icarus_foxy/install/sllidar_ros2/share/sllidar_ros2/rviz
[7.259s] -- Installing: /icarus_foxy/install/sllidar_ros2/share/sllidar_ros2/rviz/sllidar_ros2.rviz
[7.259s] -- Installing: /icarus_foxy/install/sllidar_ros2/lib/sllidar_ros2/sllidar_node
[7.261s] -- Set runtime path of "/icarus_foxy/install/sllidar_ros2/lib/sllidar_ros2/sllidar_node" to ""
[7.261s] -- Installing: /icarus_foxy/install/sllidar_ros2/lib/sllidar_ros2/sllidar_client
[7.264s] -- Set runtime path of "/icarus_foxy/install/sllidar_ros2/lib/sllidar_ros2/sllidar_client" to ""
[7.264s] -- Installing: /icarus_foxy/install/sllidar_ros2/share/ament_index/resource_index/package_run_dependencies/sllidar_ros2
[7.264s] -- Installing: /icarus_foxy/install/sllidar_ros2/share/ament_index/resource_index/parent_prefix_path/sllidar_ros2
[7.264s] -- Installing: /icarus_foxy/install/sllidar_ros2/share/sllidar_ros2/environment/ament_prefix_path.sh
[7.264s] -- Installing: /icarus_foxy/install/sllidar_ros2/share/sllidar_ros2/environment/ament_prefix_path.dsv
[7.265s] -- Installing: /icarus_foxy/install/sllidar_ros2/share/sllidar_ros2/environment/path.sh
[7.265s] -- Installing: /icarus_foxy/install/sllidar_ros2/share/sllidar_ros2/environment/path.dsv
[7.265s] -- Installing: /icarus_foxy/install/sllidar_ros2/share/sllidar_ros2/local_setup.bash
[7.265s] -- Installing: /icarus_foxy/install/sllidar_ros2/share/sllidar_ros2/local_setup.sh
[7.265s] -- Installing: /icarus_foxy/install/sllidar_ros2/share/sllidar_ros2/local_setup.zsh
[7.266s] -- Installing: /icarus_foxy/install/sllidar_ros2/share/sllidar_ros2/local_setup.dsv
[7.266s] -- Installing: /icarus_foxy/install/sllidar_ros2/share/sllidar_ros2/package.dsv
[7.266s] -- Installing: /icarus_foxy/install/sllidar_ros2/share/ament_index/resource_index/packages/sllidar_ros2
[7.266s] -- Installing: /icarus_foxy/install/sllidar_ros2/share/sllidar_ros2/cmake/ament_cmake_export_dependencies-extras.cmake
[7.266s] -- Installing: /icarus_foxy/install/sllidar_ros2/share/sllidar_ros2/cmake/ament_cmake_export_include_directories-extras.cmake
[7.267s] -- Installing: /icarus_foxy/install/sllidar_ros2/share/sllidar_ros2/cmake/sllidar_ros2Config.cmake
[7.267s] -- Installing: /icarus_foxy/install/sllidar_ros2/share/sllidar_ros2/cmake/sllidar_ros2Config-version.cmake
[7.267s] -- Installing: /icarus_foxy/install/sllidar_ros2/share/sllidar_ros2/package.xml
[7.269s] Invoked command in '/icarus_foxy/build/sllidar_ros2' returned '0': CMAKE_PREFIX_PATH=/opt/ros/foxy /usr/bin/cmake --install /icarus_foxy/build/sllidar_ros2
