-- Found ament_cmake: 0.9.12 (/opt/ros/foxy/share/ament_cmake/cmake)
-- Using PYTHON_EXECUTABLE: /usr/bin/python3
-- Override CMake install command with custom implementation using symlinks instead of copying resources
-- Found rclcpp: 2.4.3 (/opt/ros/foxy/share/rclcpp/cmake)
-- Using all available rosidl_typesupport_c: rosidl_typesupport_fastrtps_c;rosidl_typesupport_introspection_c
-- Found rosidl_adapter: 1.3.1 (/opt/ros/foxy/share/rosidl_adapter/cmake)
-- Using all available rosidl_typesupport_cpp: rosidl_typesupport_fastrtps_cpp;rosidl_typesupport_introspection_cpp
-- Found rmw_implementation_cmake: 1.0.4 (/opt/ros/foxy/share/rmw_implementation_cmake/cmake)
-- Using RMW implementation 'rmw_fastrtps_cpp' as default
-- Found sensor_msgs: 2.0.5 (/opt/ros/foxy/share/sensor_msgs/cmake)
-- Found ament_lint_auto: 0.9.8 (/opt/ros/foxy/share/ament_lint_auto/cmake)
-- Added test 'copyright' to check source files copyright and LICENSE
-- Added test 'cppcheck' to perform static code analysis on C / C++ code
-- Configured cppcheck include dirs: 
-- Configured cppcheck exclude dirs and/or files: 
-- Added test 'cpplint' to check C / C++ code against the Google style
-- Configured cpplint exclude dirs and/or files: 
-- Added test 'lint_cmake' to check CMake code style
-- Added test 'uncrustify' to check C / C++ code style
-- Configured uncrustify additional arguments: 
-- Added test 'xmllint' to check XML markup files
-- Configuring done
-- Generating done
-- Build files have been written to: /icarus_foxy/build/joy_sub
[ 50%] [32m[1mLinking CXX executable joysub[0m
[100%] Built target joysub
-- Install configuration: ""
-- Execute custom install script
-- Symlinking: /icarus_foxy/install/joy_sub/lib/joy_sub/joysub
-- Symlinking: /icarus_foxy/install/joy_sub/share/ament_index/resource_index/package_run_dependencies/joy_sub
-- Symlinking: /icarus_foxy/install/joy_sub/share/ament_index/resource_index/parent_prefix_path/joy_sub
-- Symlinking: /icarus_foxy/install/joy_sub/share/joy_sub/environment/ament_prefix_path.sh
-- Symlinking: /icarus_foxy/install/joy_sub/share/joy_sub/environment/ament_prefix_path.dsv
-- Symlinking: /icarus_foxy/install/joy_sub/share/joy_sub/environment/path.sh
-- Symlinking: /icarus_foxy/install/joy_sub/share/joy_sub/environment/path.dsv
-- Symlinking: /icarus_foxy/install/joy_sub/share/joy_sub/local_setup.bash
-- Symlinking: /icarus_foxy/install/joy_sub/share/joy_sub/local_setup.sh
-- Symlinking: /icarus_foxy/install/joy_sub/share/joy_sub/local_setup.zsh
-- Symlinking: /icarus_foxy/install/joy_sub/share/joy_sub/local_setup.dsv
-- Symlinking: /icarus_foxy/install/joy_sub/share/joy_sub/package.dsv
-- Symlinking: /icarus_foxy/install/joy_sub/share/ament_index/resource_index/packages/joy_sub
-- Symlinking: /icarus_foxy/install/joy_sub/share/joy_sub/cmake/joy_subConfig.cmake
-- Symlinking: /icarus_foxy/install/joy_sub/share/joy_sub/cmake/joy_subConfig-version.cmake
-- Symlinking: /icarus_foxy/install/joy_sub/share/joy_sub/package.xml
