[0.030s] Invoking command in '/icarus_foxy/build/joy_sub': CMAKE_PREFIX_PATH=/opt/ros/foxy /usr/bin/cmake /icarus_foxy/src/joysub -DCMAKE_INSTALL_PREFIX=/icarus_foxy/install/joy_sub
[0.217s] -- The C compiler identification is GNU 9.4.0
[0.344s] -- The CXX compiler identification is GNU 9.4.0
[0.352s] -- Check for working C compiler: /usr/bin/cc
[0.427s] -- Check for working C compiler: /usr/bin/cc -- works
[0.428s] -- Detecting C compiler ABI info
[0.500s] -- Detecting C compiler ABI info - done
[0.511s] -- Detecting C compile features
[0.511s] -- Detecting C compile features - done
[0.513s] -- Check for working CXX compiler: /usr/bin/c++
[0.600s] -- Check for working CXX compiler: /usr/bin/c++ -- works
[0.601s] -- Detecting CXX compiler ABI info
[0.694s] -- Detecting CXX compiler ABI info - done
[0.704s] -- Detecting CXX compile features
[0.704s] -- Detecting CXX compile features - done
[0.721s] -- Found ament_cmake: 0.9.12 (/opt/ros/foxy/share/ament_cmake/cmake)
[0.750s] -- Found PythonInterp: /usr/bin/python3 (found suitable version "3.8.10", minimum required is "3") 
[0.750s] -- Using PYTHON_EXECUTABLE: /usr/bin/python3
[0.926s] -- Found rclcpp: 2.4.3 (/opt/ros/foxy/share/rclcpp/cmake)
[0.980s] -- Using all available rosidl_typesupport_c: rosidl_typesupport_fastrtps_c;rosidl_typesupport_introspection_c
[0.987s] -- Found rosidl_adapter: 1.3.1 (/opt/ros/foxy/share/rosidl_adapter/cmake)
[1.121s] -- Found OpenSSL: /usr/lib/x86_64-linux-gnu/libcrypto.so (found version "1.1.1f")  
[1.157s] -- Found FastRTPS: /opt/ros/foxy/include  
[1.259s] -- Using all available rosidl_typesupport_cpp: rosidl_typesupport_fastrtps_cpp;rosidl_typesupport_introspection_cpp
[1.326s] -- Found rmw_implementation_cmake: 1.0.4 (/opt/ros/foxy/share/rmw_implementation_cmake/cmake)
[1.329s] -- Using RMW implementation 'rmw_fastrtps_cpp' as default
[1.330s] -- Looking for pthread.h
[1.424s] -- Looking for pthread.h - found
[1.424s] -- Performing Test CMAKE_HAVE_LIBC_PTHREAD
[1.510s] -- Performing Test CMAKE_HAVE_LIBC_PTHREAD - Failed
[1.510s] -- Looking for pthread_create in pthreads
[1.583s] -- Looking for pthread_create in pthreads - not found
[1.583s] -- Looking for pthread_create in pthread
[1.659s] -- Looking for pthread_create in pthread - found
[1.660s] -- Found Threads: TRUE  
[1.824s] -- Found sensor_msgs: 2.0.5 (/opt/ros/foxy/share/sensor_msgs/cmake)
[1.932s] -- Found ament_lint_auto: 0.9.8 (/opt/ros/foxy/share/ament_lint_auto/cmake)
[2.031s] -- Added test 'copyright' to check source files copyright and LICENSE
[2.033s] -- Added test 'cppcheck' to perform static code analysis on C / C++ code
[2.033s] -- Configured cppcheck include dirs: 
[2.033s] -- Configured cppcheck exclude dirs and/or files: 
[2.034s] -- Added test 'cpplint' to check C / C++ code against the Google style
[2.034s] -- Configured cpplint exclude dirs and/or files: 
[2.034s] -- Added test 'lint_cmake' to check CMake code style
[2.036s] -- Added test 'uncrustify' to check C / C++ code style
[2.036s] -- Configured uncrustify additional arguments: 
[2.036s] -- Added test 'xmllint' to check XML markup files
[2.042s] -- Configuring done
[2.050s] -- Generating done
[2.052s] -- Build files have been written to: /icarus_foxy/build/joy_sub
[2.061s] Invoked command in '/icarus_foxy/build/joy_sub' returned '0': CMAKE_PREFIX_PATH=/opt/ros/foxy /usr/bin/cmake /icarus_foxy/src/joysub -DCMAKE_INSTALL_PREFIX=/icarus_foxy/install/joy_sub
[2.065s] Invoking command in '/icarus_foxy/build/joy_sub': CMAKE_PREFIX_PATH=/opt/ros/foxy /usr/bin/cmake --build /icarus_foxy/build/joy_sub -- -j16 -l16
[2.120s] [35m[1mScanning dependencies of target joysub[0m
[2.245s] [ 50%] [32mBuilding CXX object CMakeFiles/joysub.dir/src/joy_sub.cpp.o[0m
[7.047s] [100%] [32m[1mLinking CXX executable joysub[0m
[7.255s] [100%] Built target joysub
[7.268s] Invoked command in '/icarus_foxy/build/joy_sub' returned '0': CMAKE_PREFIX_PATH=/opt/ros/foxy /usr/bin/cmake --build /icarus_foxy/build/joy_sub -- -j16 -l16
[7.312s] Invoking command in '/icarus_foxy/build/joy_sub': CMAKE_PREFIX_PATH=/opt/ros/foxy /usr/bin/cmake --install /icarus_foxy/build/joy_sub
[7.321s] -- Install configuration: ""
[7.321s] -- Installing: /icarus_foxy/install/joy_sub/lib/joy_sub/joysub
[7.324s] -- Set runtime path of "/icarus_foxy/install/joy_sub/lib/joy_sub/joysub" to ""
[7.324s] -- Installing: /icarus_foxy/install/joy_sub/share/ament_index/resource_index/package_run_dependencies/joy_sub
[7.324s] -- Installing: /icarus_foxy/install/joy_sub/share/ament_index/resource_index/parent_prefix_path/joy_sub
[7.324s] -- Installing: /icarus_foxy/install/joy_sub/share/joy_sub/environment/ament_prefix_path.sh
[7.324s] -- Installing: /icarus_foxy/install/joy_sub/share/joy_sub/environment/ament_prefix_path.dsv
[7.325s] -- Installing: /icarus_foxy/install/joy_sub/share/joy_sub/environment/path.sh
[7.325s] -- Installing: /icarus_foxy/install/joy_sub/share/joy_sub/environment/path.dsv
[7.325s] -- Installing: /icarus_foxy/install/joy_sub/share/joy_sub/local_setup.bash
[7.325s] -- Installing: /icarus_foxy/install/joy_sub/share/joy_sub/local_setup.sh
[7.325s] -- Installing: /icarus_foxy/install/joy_sub/share/joy_sub/local_setup.zsh
[7.326s] -- Installing: /icarus_foxy/install/joy_sub/share/joy_sub/local_setup.dsv
[7.326s] -- Installing: /icarus_foxy/install/joy_sub/share/joy_sub/package.dsv
[7.326s] -- Installing: /icarus_foxy/install/joy_sub/share/ament_index/resource_index/packages/joy_sub
[7.326s] -- Installing: /icarus_foxy/install/joy_sub/share/joy_sub/cmake/joy_subConfig.cmake
[7.326s] -- Installing: /icarus_foxy/install/joy_sub/share/joy_sub/cmake/joy_subConfig-version.cmake
[7.326s] -- Installing: /icarus_foxy/install/joy_sub/share/joy_sub/package.xml
[7.330s] Invoked command in '/icarus_foxy/build/joy_sub' returned '0': CMAKE_PREFIX_PATH=/opt/ros/foxy /usr/bin/cmake --install /icarus_foxy/build/joy_sub
