[0.264s] DEBUG:colcon:Command line arguments: ['/usr/bin/colcon', 'build']
[0.264s] DEBUG:colcon:Parsed command line arguments: Namespace(ament_cmake_args=None, base_paths=['.'], build_base='build', catkin_cmake_args=None, catkin_skip_building_tests=False, cmake_args=None, cmake_clean_cache=False, cmake_clean_first=False, cmake_force_configure=False, cmake_target=None, cmake_target_skip_unavailable=False, continue_on_error=False, event_handlers=None, executor='parallel', ignore_user_meta=False, install_base='install', log_base=None, log_level=None, main=<bound method BuildVerb.main of <colcon_core.verb.build.BuildVerb object at 0x7fc4d4b6dd00>>, merge_install=False, metas=['./colcon.meta'], mixin=None, mixin_files=None, mixin_verb=('build',), packages_above=None, packages_above_and_dependencies=None, packages_above_depth=None, packages_end=None, packages_ignore=None, packages_ignore_regex=None, packages_select=None, packages_select_build_failed=False, packages_select_by_dep=None, packages_select_regex=None, packages_select_test_failures=False, packages_skip=None, packages_skip_build_finished=False, packages_skip_by_dep=None, packages_skip_regex=None, packages_skip_test_passed=False, packages_skip_up_to=None, packages_start=None, packages_up_to=None, packages_up_to_regex=None, parallel_workers=16, paths=None, symlink_install=False, test_result_base=None, verb_extension=<colcon_core.verb.build.BuildVerb object at 0x7fc4d4b6dd00>, verb_name='build', verb_parser=<colcon_mixin.mixin.mixin_argument.MixinArgumentDecorator object at 0x7fc4d4b7c310>)
[0.301s] Level 1:colcon.colcon_core.package_discovery:discover_packages(colcon_meta) check parameters
[0.301s] Level 1:colcon.colcon_core.package_discovery:discover_packages(recursive) check parameters
[0.301s] Level 1:colcon.colcon_core.package_discovery:discover_packages(ignore) check parameters
[0.301s] Level 1:colcon.colcon_core.package_discovery:discover_packages(path) check parameters
[0.301s] Level 1:colcon.colcon_core.package_discovery:discover_packages(colcon_meta) discover
[0.301s] Level 1:colcon.colcon_core.package_discovery:discover_packages(recursive) discover
[0.301s] INFO:colcon.colcon_core.package_discovery:Crawling recursively for packages in '/icarus_foxy'
[0.302s] Level 1:colcon.colcon_core.package_identification:_identify(.) by extensions ['ignore', 'ignore_ament_install']
[0.302s] Level 1:colcon.colcon_core.package_identification:_identify(.) by extension 'ignore'
[0.302s] Level 1:colcon.colcon_core.package_identification:_identify(.) by extension 'ignore_ament_install'
[0.302s] Level 1:colcon.colcon_core.package_identification:_identify(.) by extensions ['colcon_pkg']
[0.302s] Level 1:colcon.colcon_core.package_identification:_identify(.) by extension 'colcon_pkg'
[0.302s] Level 1:colcon.colcon_core.package_identification:_identify(.) by extensions ['colcon_meta']
[0.302s] Level 1:colcon.colcon_core.package_identification:_identify(.) by extension 'colcon_meta'
[0.302s] Level 1:colcon.colcon_core.package_identification:_identify(.) by extensions ['ros']
[0.302s] Level 1:colcon.colcon_core.package_identification:_identify(.) by extension 'ros'
[0.318s] Level 1:colcon.colcon_core.package_identification:_identify(.) by extensions ['cmake', 'python']
[0.318s] Level 1:colcon.colcon_core.package_identification:_identify(.) by extension 'cmake'
[0.319s] Level 1:colcon.colcon_core.package_identification:_identify(.) by extension 'python'
[0.319s] Level 1:colcon.colcon_core.package_identification:_identify(.) by extensions ['python_setup_py']
[0.319s] Level 1:colcon.colcon_core.package_identification:_identify(.) by extension 'python_setup_py'
[0.319s] Level 1:colcon.colcon_core.package_identification:_identify(build) by extensions ['ignore', 'ignore_ament_install']
[0.319s] Level 1:colcon.colcon_core.package_identification:_identify(build) by extension 'ignore'
[0.319s] Level 1:colcon.colcon_core.package_identification:_identify(build) ignored
[0.319s] Level 1:colcon.colcon_core.package_identification:_identify(install) by extensions ['ignore', 'ignore_ament_install']
[0.319s] Level 1:colcon.colcon_core.package_identification:_identify(install) by extension 'ignore'
[0.319s] Level 1:colcon.colcon_core.package_identification:_identify(install) ignored
[0.319s] Level 1:colcon.colcon_core.package_identification:_identify(log) by extensions ['ignore', 'ignore_ament_install']
[0.319s] Level 1:colcon.colcon_core.package_identification:_identify(log) by extension 'ignore'
[0.319s] Level 1:colcon.colcon_core.package_identification:_identify(log) ignored
[0.319s] Level 1:colcon.colcon_core.package_identification:_identify(src) by extensions ['ignore', 'ignore_ament_install']
[0.319s] Level 1:colcon.colcon_core.package_identification:_identify(src) by extension 'ignore'
[0.319s] Level 1:colcon.colcon_core.package_identification:_identify(src) by extension 'ignore_ament_install'
[0.319s] Level 1:colcon.colcon_core.package_identification:_identify(src) by extensions ['colcon_pkg']
[0.319s] Level 1:colcon.colcon_core.package_identification:_identify(src) by extension 'colcon_pkg'
[0.319s] Level 1:colcon.colcon_core.package_identification:_identify(src) by extensions ['colcon_meta']
[0.319s] Level 1:colcon.colcon_core.package_identification:_identify(src) by extension 'colcon_meta'
[0.319s] Level 1:colcon.colcon_core.package_identification:_identify(src) by extensions ['ros']
[0.320s] Level 1:colcon.colcon_core.package_identification:_identify(src) by extension 'ros'
[0.320s] Level 1:colcon.colcon_core.package_identification:_identify(src) by extensions ['cmake', 'python']
[0.320s] Level 1:colcon.colcon_core.package_identification:_identify(src) by extension 'cmake'
[0.320s] Level 1:colcon.colcon_core.package_identification:_identify(src) by extension 'python'
[0.320s] Level 1:colcon.colcon_core.package_identification:_identify(src) by extensions ['python_setup_py']
[0.320s] Level 1:colcon.colcon_core.package_identification:_identify(src) by extension 'python_setup_py'
[0.320s] Level 1:colcon.colcon_core.package_identification:_identify(src/joysub) by extensions ['ignore', 'ignore_ament_install']
[0.320s] Level 1:colcon.colcon_core.package_identification:_identify(src/joysub) by extension 'ignore'
[0.320s] Level 1:colcon.colcon_core.package_identification:_identify(src/joysub) by extension 'ignore_ament_install'
[0.320s] Level 1:colcon.colcon_core.package_identification:_identify(src/joysub) by extensions ['colcon_pkg']
[0.320s] Level 1:colcon.colcon_core.package_identification:_identify(src/joysub) by extension 'colcon_pkg'
[0.320s] Level 1:colcon.colcon_core.package_identification:_identify(src/joysub) by extensions ['colcon_meta']
[0.320s] Level 1:colcon.colcon_core.package_identification:_identify(src/joysub) by extension 'colcon_meta'
[0.320s] Level 1:colcon.colcon_core.package_identification:_identify(src/joysub) by extensions ['ros']
[0.320s] Level 1:colcon.colcon_core.package_identification:_identify(src/joysub) by extension 'ros'
[0.323s] DEBUG:colcon.colcon_core.package_identification:Package 'src/joysub' with type 'ros.ament_cmake' and name 'joy_sub'
[0.323s] Level 1:colcon.colcon_core.package_identification:_identify(src/robot_core) by extensions ['ignore', 'ignore_ament_install']
[0.323s] Level 1:colcon.colcon_core.package_identification:_identify(src/robot_core) by extension 'ignore'
[0.323s] Level 1:colcon.colcon_core.package_identification:_identify(src/robot_core) by extension 'ignore_ament_install'
[0.323s] Level 1:colcon.colcon_core.package_identification:_identify(src/robot_core) by extensions ['colcon_pkg']
[0.323s] Level 1:colcon.colcon_core.package_identification:_identify(src/robot_core) by extension 'colcon_pkg'
[0.323s] Level 1:colcon.colcon_core.package_identification:_identify(src/robot_core) by extensions ['colcon_meta']
[0.323s] Level 1:colcon.colcon_core.package_identification:_identify(src/robot_core) by extension 'colcon_meta'
[0.323s] Level 1:colcon.colcon_core.package_identification:_identify(src/robot_core) by extensions ['ros']
[0.323s] Level 1:colcon.colcon_core.package_identification:_identify(src/robot_core) by extension 'ros'
[0.323s] DEBUG:colcon.colcon_core.package_identification:Package 'src/robot_core' with type 'ros.ament_cmake' and name 'robot_core'
[0.324s] Level 1:colcon.colcon_core.package_identification:_identify(src/sllidar_ros2) by extensions ['ignore', 'ignore_ament_install']
[0.324s] Level 1:colcon.colcon_core.package_identification:_identify(src/sllidar_ros2) by extension 'ignore'
[0.324s] Level 1:colcon.colcon_core.package_identification:_identify(src/sllidar_ros2) by extension 'ignore_ament_install'
[0.324s] Level 1:colcon.colcon_core.package_identification:_identify(src/sllidar_ros2) by extensions ['colcon_pkg']
[0.324s] Level 1:colcon.colcon_core.package_identification:_identify(src/sllidar_ros2) by extension 'colcon_pkg'
[0.324s] Level 1:colcon.colcon_core.package_identification:_identify(src/sllidar_ros2) by extensions ['colcon_meta']
[0.324s] Level 1:colcon.colcon_core.package_identification:_identify(src/sllidar_ros2) by extension 'colcon_meta'
[0.324s] Level 1:colcon.colcon_core.package_identification:_identify(src/sllidar_ros2) by extensions ['ros']
[0.324s] Level 1:colcon.colcon_core.package_identification:_identify(src/sllidar_ros2) by extension 'ros'
[0.325s] DEBUG:colcon.colcon_core.package_identification:Package 'src/sllidar_ros2' with type 'ros.ament_cmake' and name 'sllidar_ros2'
[0.325s] Level 1:colcon.colcon_core.package_discovery:discover_packages(recursive) using defaults
[0.325s] Level 1:colcon.colcon_core.package_discovery:discover_packages(ignore) discover
[0.325s] Level 1:colcon.colcon_core.package_discovery:discover_packages(ignore) using defaults
[0.325s] Level 1:colcon.colcon_core.package_discovery:discover_packages(path) discover
[0.325s] Level 1:colcon.colcon_core.package_discovery:discover_packages(path) using defaults
[0.344s] Level 5:colcon.colcon_core.verb:set package 'joy_sub' build argument 'cmake_args' from command line to 'None'
[0.344s] Level 5:colcon.colcon_core.verb:set package 'joy_sub' build argument 'cmake_target' from command line to 'None'
[0.344s] Level 5:colcon.colcon_core.verb:set package 'joy_sub' build argument 'cmake_target_skip_unavailable' from command line to 'False'
[0.344s] Level 5:colcon.colcon_core.verb:set package 'joy_sub' build argument 'cmake_clean_cache' from command line to 'False'
[0.344s] Level 5:colcon.colcon_core.verb:set package 'joy_sub' build argument 'cmake_clean_first' from command line to 'False'
[0.344s] Level 5:colcon.colcon_core.verb:set package 'joy_sub' build argument 'cmake_force_configure' from command line to 'False'
[0.344s] Level 5:colcon.colcon_core.verb:set package 'joy_sub' build argument 'ament_cmake_args' from command line to 'None'
[0.344s] Level 5:colcon.colcon_core.verb:set package 'joy_sub' build argument 'catkin_cmake_args' from command line to 'None'
[0.344s] Level 5:colcon.colcon_core.verb:set package 'joy_sub' build argument 'catkin_skip_building_tests' from command line to 'False'
[0.344s] DEBUG:colcon.colcon_core.verb:Building package 'joy_sub' with the following arguments: {'ament_cmake_args': None, 'build_base': '/icarus_foxy/build/joy_sub', 'catkin_cmake_args': None, 'catkin_skip_building_tests': False, 'cmake_args': None, 'cmake_clean_cache': False, 'cmake_clean_first': False, 'cmake_force_configure': False, 'cmake_target': None, 'cmake_target_skip_unavailable': False, 'install_base': '/icarus_foxy/install/joy_sub', 'merge_install': False, 'path': '/icarus_foxy/src/joysub', 'symlink_install': False, 'test_result_base': None}
[0.345s] Level 5:colcon.colcon_core.verb:set package 'robot_core' build argument 'cmake_args' from command line to 'None'
[0.345s] Level 5:colcon.colcon_core.verb:set package 'robot_core' build argument 'cmake_target' from command line to 'None'
[0.345s] Level 5:colcon.colcon_core.verb:set package 'robot_core' build argument 'cmake_target_skip_unavailable' from command line to 'False'
[0.345s] Level 5:colcon.colcon_core.verb:set package 'robot_core' build argument 'cmake_clean_cache' from command line to 'False'
[0.345s] Level 5:colcon.colcon_core.verb:set package 'robot_core' build argument 'cmake_clean_first' from command line to 'False'
[0.345s] Level 5:colcon.colcon_core.verb:set package 'robot_core' build argument 'cmake_force_configure' from command line to 'False'
[0.345s] Level 5:colcon.colcon_core.verb:set package 'robot_core' build argument 'ament_cmake_args' from command line to 'None'
[0.345s] Level 5:colcon.colcon_core.verb:set package 'robot_core' build argument 'catkin_cmake_args' from command line to 'None'
[0.345s] Level 5:colcon.colcon_core.verb:set package 'robot_core' build argument 'catkin_skip_building_tests' from command line to 'False'
[0.345s] DEBUG:colcon.colcon_core.verb:Building package 'robot_core' with the following arguments: {'ament_cmake_args': None, 'build_base': '/icarus_foxy/build/robot_core', 'catkin_cmake_args': None, 'catkin_skip_building_tests': False, 'cmake_args': None, 'cmake_clean_cache': False, 'cmake_clean_first': False, 'cmake_force_configure': False, 'cmake_target': None, 'cmake_target_skip_unavailable': False, 'install_base': '/icarus_foxy/install/robot_core', 'merge_install': False, 'path': '/icarus_foxy/src/robot_core', 'symlink_install': False, 'test_result_base': None}
[0.345s] Level 5:colcon.colcon_core.verb:set package 'sllidar_ros2' build argument 'cmake_args' from command line to 'None'
[0.345s] Level 5:colcon.colcon_core.verb:set package 'sllidar_ros2' build argument 'cmake_target' from command line to 'None'
[0.345s] Level 5:colcon.colcon_core.verb:set package 'sllidar_ros2' build argument 'cmake_target_skip_unavailable' from command line to 'False'
[0.345s] Level 5:colcon.colcon_core.verb:set package 'sllidar_ros2' build argument 'cmake_clean_cache' from command line to 'False'
[0.345s] Level 5:colcon.colcon_core.verb:set package 'sllidar_ros2' build argument 'cmake_clean_first' from command line to 'False'
[0.346s] Level 5:colcon.colcon_core.verb:set package 'sllidar_ros2' build argument 'cmake_force_configure' from command line to 'False'
[0.346s] Level 5:colcon.colcon_core.verb:set package 'sllidar_ros2' build argument 'ament_cmake_args' from command line to 'None'
[0.346s] Level 5:colcon.colcon_core.verb:set package 'sllidar_ros2' build argument 'catkin_cmake_args' from command line to 'None'
[0.346s] Level 5:colcon.colcon_core.verb:set package 'sllidar_ros2' build argument 'catkin_skip_building_tests' from command line to 'False'
[0.346s] DEBUG:colcon.colcon_core.verb:Building package 'sllidar_ros2' with the following arguments: {'ament_cmake_args': None, 'build_base': '/icarus_foxy/build/sllidar_ros2', 'catkin_cmake_args': None, 'catkin_skip_building_tests': False, 'cmake_args': None, 'cmake_clean_cache': False, 'cmake_clean_first': False, 'cmake_force_configure': False, 'cmake_target': None, 'cmake_target_skip_unavailable': False, 'install_base': '/icarus_foxy/install/sllidar_ros2', 'merge_install': False, 'path': '/icarus_foxy/src/sllidar_ros2', 'symlink_install': False, 'test_result_base': None}
[0.346s] INFO:colcon.colcon_core.executor:Executing jobs using 'parallel' executor
[0.348s] DEBUG:colcon.colcon_parallel_executor.executor.parallel:run_until_complete
[0.349s] INFO:colcon.colcon_ros.task.ament_cmake.build:Building ROS package in '/icarus_foxy/src/joysub' with build type 'ament_cmake'
[0.349s] INFO:colcon.colcon_cmake.task.cmake.build:Building CMake package in '/icarus_foxy/src/joysub'
[0.357s] INFO:colcon.colcon_core.plugin_system:Skipping extension 'colcon_core.shell.bat': Not used on non-Windows systems
[0.357s] INFO:colcon.colcon_core.shell:Skip shell extension 'powershell' for command environment: Not usable outside of PowerShell
[0.357s] DEBUG:colcon.colcon_core.shell:Skip shell extension 'dsv' for command environment
[0.366s] INFO:colcon.colcon_ros.task.ament_cmake.build:Building ROS package in '/icarus_foxy/src/robot_core' with build type 'ament_cmake'
[0.367s] INFO:colcon.colcon_cmake.task.cmake.build:Building CMake package in '/icarus_foxy/src/robot_core'
[0.368s] INFO:colcon.colcon_core.shell:Skip shell extension 'powershell' for command environment: Not usable outside of PowerShell
[0.368s] DEBUG:colcon.colcon_core.shell:Skip shell extension 'dsv' for command environment
[0.373s] INFO:colcon.colcon_ros.task.ament_cmake.build:Building ROS package in '/icarus_foxy/src/sllidar_ros2' with build type 'ament_cmake'
[0.374s] INFO:colcon.colcon_cmake.task.cmake.build:Building CMake package in '/icarus_foxy/src/sllidar_ros2'
[0.375s] INFO:colcon.colcon_core.shell:Skip shell extension 'powershell' for command environment: Not usable outside of PowerShell
[0.375s] DEBUG:colcon.colcon_core.shell:Skip shell extension 'dsv' for command environment
[0.386s] DEBUG:colcon.colcon_core.event_handler.log_command:Invoking command in '/icarus_foxy/build/joy_sub': CMAKE_PREFIX_PATH=${CMAKE_PREFIX_PATH}:/opt/ros/foxy /usr/bin/cmake --build /icarus_foxy/build/joy_sub -- -j16 -l16
[0.411s] DEBUG:colcon.colcon_core.event_handler.log_command:Invoking command in '/icarus_foxy/build/robot_core': CMAKE_PREFIX_PATH=${CMAKE_PREFIX_PATH}:/opt/ros/foxy /usr/bin/cmake --build /icarus_foxy/build/robot_core -- -j16 -l16
[0.417s] DEBUG:colcon.colcon_core.event_handler.log_command:Invoking command in '/icarus_foxy/build/sllidar_ros2': CMAKE_PREFIX_PATH=${CMAKE_PREFIX_PATH}:/opt/ros/foxy /usr/bin/cmake --build /icarus_foxy/build/sllidar_ros2 -- -j16 -l16
[0.531s] DEBUG:colcon.colcon_core.event_handler.log_command:Invoked command in '/icarus_foxy/build/joy_sub' returned '0': CMAKE_PREFIX_PATH=${CMAKE_PREFIX_PATH}:/opt/ros/foxy /usr/bin/cmake --build /icarus_foxy/build/joy_sub -- -j16 -l16
[0.536s] DEBUG:colcon.colcon_core.event_handler.log_command:Invoked command in '/icarus_foxy/build/robot_core' returned '0': CMAKE_PREFIX_PATH=${CMAKE_PREFIX_PATH}:/opt/ros/foxy /usr/bin/cmake --build /icarus_foxy/build/robot_core -- -j16 -l16
[0.537s] DEBUG:colcon.colcon_core.event_handler.log_command:Invoked command in '/icarus_foxy/build/sllidar_ros2' returned '0': CMAKE_PREFIX_PATH=${CMAKE_PREFIX_PATH}:/opt/ros/foxy /usr/bin/cmake --build /icarus_foxy/build/sllidar_ros2 -- -j16 -l16
[0.581s] DEBUG:colcon.colcon_core.event_handler.log_command:Invoking command in '/icarus_foxy/build/joy_sub': CMAKE_PREFIX_PATH=${CMAKE_PREFIX_PATH}:/opt/ros/foxy /usr/bin/cmake --install /icarus_foxy/build/joy_sub
[0.587s] DEBUG:colcon.colcon_core.event_handler.log_command:Invoking command in '/icarus_foxy/build/robot_core': CMAKE_PREFIX_PATH=${CMAKE_PREFIX_PATH}:/opt/ros/foxy /usr/bin/cmake --install /icarus_foxy/build/robot_core
[0.609s] DEBUG:colcon.colcon_core.event_handler.log_command:Invoking command in '/icarus_foxy/build/sllidar_ros2': CMAKE_PREFIX_PATH=${CMAKE_PREFIX_PATH}:/opt/ros/foxy /usr/bin/cmake --install /icarus_foxy/build/sllidar_ros2
[0.611s] Level 1:colcon.colcon_core.environment:create_environment_scripts_only(joy_sub)
[0.612s] DEBUG:colcon.colcon_core.event_handler.log_command:Invoked command in '/icarus_foxy/build/joy_sub' returned '0': CMAKE_PREFIX_PATH=${CMAKE_PREFIX_PATH}:/opt/ros/foxy /usr/bin/cmake --install /icarus_foxy/build/joy_sub
[0.621s] Level 1:colcon.colcon_core.environment:checking '/icarus_foxy/install/joy_sub' for CMake module files
[0.623s] Level 1:colcon.colcon_core.environment:checking '/icarus_foxy/install/joy_sub' for CMake config files
[0.623s] Level 1:colcon.colcon_core.shell:create_environment_hook('joy_sub', 'cmake_prefix_path')
[0.624s] INFO:colcon.colcon_core.shell:Creating environment hook '/icarus_foxy/install/joy_sub/share/joy_sub/hook/cmake_prefix_path.ps1'
[0.626s] INFO:colcon.colcon_core.shell:Creating environment descriptor '/icarus_foxy/install/joy_sub/share/joy_sub/hook/cmake_prefix_path.dsv'
[0.626s] INFO:colcon.colcon_core.shell:Creating environment hook '/icarus_foxy/install/joy_sub/share/joy_sub/hook/cmake_prefix_path.sh'
[0.627s] Level 1:colcon.colcon_core.environment:checking '/icarus_foxy/install/joy_sub/lib'
[0.627s] Level 1:colcon.colcon_core.environment:checking '/icarus_foxy/install/joy_sub/bin'
[0.628s] Level 1:colcon.colcon_core.environment:checking '/icarus_foxy/install/joy_sub/lib/pkgconfig/joy_sub.pc'
[0.628s] Level 1:colcon.colcon_core.environment:checking '/icarus_foxy/install/joy_sub/lib/python3.8/site-packages'
[0.628s] Level 1:colcon.colcon_core.environment:checking '/icarus_foxy/install/joy_sub/bin'
[0.629s] INFO:colcon.colcon_core.shell:Creating package script '/icarus_foxy/install/joy_sub/share/joy_sub/package.ps1'
[0.630s] INFO:colcon.colcon_core.shell:Creating package descriptor '/icarus_foxy/install/joy_sub/share/joy_sub/package.dsv'
[0.631s] INFO:colcon.colcon_core.shell:Creating package script '/icarus_foxy/install/joy_sub/share/joy_sub/package.sh'
[0.632s] INFO:colcon.colcon_core.shell:Creating package script '/icarus_foxy/install/joy_sub/share/joy_sub/package.bash'
[0.633s] INFO:colcon.colcon_core.shell:Creating package script '/icarus_foxy/install/joy_sub/share/joy_sub/package.zsh'
[0.633s] Level 1:colcon.colcon_core.environment:create_file_with_runtime_dependencies(/icarus_foxy/install/joy_sub/share/colcon-core/packages/joy_sub)
[0.639s] Level 1:colcon.colcon_core.environment:create_environment_scripts_only(robot_core)
[0.641s] Level 1:colcon.colcon_core.environment:checking '/icarus_foxy/install/robot_core' for CMake module files
[0.642s] DEBUG:colcon.colcon_core.event_handler.log_command:Invoked command in '/icarus_foxy/build/robot_core' returned '0': CMAKE_PREFIX_PATH=${CMAKE_PREFIX_PATH}:/opt/ros/foxy /usr/bin/cmake --install /icarus_foxy/build/robot_core
[0.642s] Level 1:colcon.colcon_core.environment:checking '/icarus_foxy/install/robot_core' for CMake config files
[0.643s] Level 1:colcon.colcon_core.shell:create_environment_hook('robot_core', 'cmake_prefix_path')
[0.644s] INFO:colcon.colcon_core.shell:Creating environment hook '/icarus_foxy/install/robot_core/share/robot_core/hook/cmake_prefix_path.ps1'
[0.645s] INFO:colcon.colcon_core.shell:Creating environment descriptor '/icarus_foxy/install/robot_core/share/robot_core/hook/cmake_prefix_path.dsv'
[0.645s] INFO:colcon.colcon_core.shell:Creating environment hook '/icarus_foxy/install/robot_core/share/robot_core/hook/cmake_prefix_path.sh'
[0.646s] Level 1:colcon.colcon_core.environment:checking '/icarus_foxy/install/robot_core/lib'
[0.646s] Level 1:colcon.colcon_core.environment:checking '/icarus_foxy/install/robot_core/bin'
[0.646s] Level 1:colcon.colcon_core.environment:checking '/icarus_foxy/install/robot_core/lib/pkgconfig/robot_core.pc'
[0.646s] Level 1:colcon.colcon_core.environment:checking '/icarus_foxy/install/robot_core/lib/python3.8/site-packages'
[0.646s] Level 1:colcon.colcon_core.environment:checking '/icarus_foxy/install/robot_core/bin'
[0.648s] INFO:colcon.colcon_core.shell:Creating package script '/icarus_foxy/install/robot_core/share/robot_core/package.ps1'
[0.648s] INFO:colcon.colcon_core.shell:Creating package descriptor '/icarus_foxy/install/robot_core/share/robot_core/package.dsv'
[0.649s] INFO:colcon.colcon_core.shell:Creating package script '/icarus_foxy/install/robot_core/share/robot_core/package.sh'
[0.649s] INFO:colcon.colcon_core.shell:Creating package script '/icarus_foxy/install/robot_core/share/robot_core/package.bash'
[0.649s] INFO:colcon.colcon_core.shell:Creating package script '/icarus_foxy/install/robot_core/share/robot_core/package.zsh'
[0.650s] Level 1:colcon.colcon_core.environment:create_file_with_runtime_dependencies(/icarus_foxy/install/robot_core/share/colcon-core/packages/robot_core)
[0.654s] Level 1:colcon.colcon_core.environment:create_environment_scripts_only(sllidar_ros2)
[0.655s] Level 1:colcon.colcon_core.environment:checking '/icarus_foxy/install/sllidar_ros2' for CMake module files
[0.656s] DEBUG:colcon.colcon_core.event_handler.log_command:Invoked command in '/icarus_foxy/build/sllidar_ros2' returned '0': CMAKE_PREFIX_PATH=${CMAKE_PREFIX_PATH}:/opt/ros/foxy /usr/bin/cmake --install /icarus_foxy/build/sllidar_ros2
[0.656s] Level 1:colcon.colcon_core.environment:checking '/icarus_foxy/install/sllidar_ros2' for CMake config files
[0.657s] Level 1:colcon.colcon_core.shell:create_environment_hook('sllidar_ros2', 'cmake_prefix_path')
[0.658s] INFO:colcon.colcon_core.shell:Creating environment hook '/icarus_foxy/install/sllidar_ros2/share/sllidar_ros2/hook/cmake_prefix_path.ps1'
[0.659s] INFO:colcon.colcon_core.shell:Creating environment descriptor '/icarus_foxy/install/sllidar_ros2/share/sllidar_ros2/hook/cmake_prefix_path.dsv'
[0.659s] INFO:colcon.colcon_core.shell:Creating environment hook '/icarus_foxy/install/sllidar_ros2/share/sllidar_ros2/hook/cmake_prefix_path.sh'
[0.659s] Level 1:colcon.colcon_core.environment:checking '/icarus_foxy/install/sllidar_ros2/lib'
[0.660s] Level 1:colcon.colcon_core.environment:checking '/icarus_foxy/install/sllidar_ros2/bin'
[0.660s] Level 1:colcon.colcon_core.environment:checking '/icarus_foxy/install/sllidar_ros2/lib/pkgconfig/sllidar_ros2.pc'
[0.660s] Level 1:colcon.colcon_core.environment:checking '/icarus_foxy/install/sllidar_ros2/lib/python3.8/site-packages'
[0.660s] Level 1:colcon.colcon_core.environment:checking '/icarus_foxy/install/sllidar_ros2/bin'
[0.661s] INFO:colcon.colcon_core.shell:Creating package script '/icarus_foxy/install/sllidar_ros2/share/sllidar_ros2/package.ps1'
[0.662s] INFO:colcon.colcon_core.shell:Creating package descriptor '/icarus_foxy/install/sllidar_ros2/share/sllidar_ros2/package.dsv'
[0.662s] INFO:colcon.colcon_core.shell:Creating package script '/icarus_foxy/install/sllidar_ros2/share/sllidar_ros2/package.sh'
[0.662s] INFO:colcon.colcon_core.shell:Creating package script '/icarus_foxy/install/sllidar_ros2/share/sllidar_ros2/package.bash'
[0.663s] INFO:colcon.colcon_core.shell:Creating package script '/icarus_foxy/install/sllidar_ros2/share/sllidar_ros2/package.zsh'
[0.663s] Level 1:colcon.colcon_core.environment:create_file_with_runtime_dependencies(/icarus_foxy/install/sllidar_ros2/share/colcon-core/packages/sllidar_ros2)
[0.668s] Level 1:colcon.colcon_core.environment:create_environment_scripts_only(joy_sub)
[0.670s] Level 1:colcon.colcon_core.environment:checking '/icarus_foxy/install/joy_sub' for CMake module files
[0.670s] Level 1:colcon.colcon_core.environment:checking '/icarus_foxy/install/joy_sub' for CMake config files
[0.670s] Level 1:colcon.colcon_core.shell:create_environment_hook('joy_sub', 'cmake_prefix_path')
[0.671s] INFO:colcon.colcon_core.shell:Creating environment hook '/icarus_foxy/install/joy_sub/share/joy_sub/hook/cmake_prefix_path.ps1'
[0.672s] INFO:colcon.colcon_core.shell:Creating environment descriptor '/icarus_foxy/install/joy_sub/share/joy_sub/hook/cmake_prefix_path.dsv'
[0.672s] INFO:colcon.colcon_core.shell:Creating environment hook '/icarus_foxy/install/joy_sub/share/joy_sub/hook/cmake_prefix_path.sh'
[0.672s] Level 1:colcon.colcon_core.environment:checking '/icarus_foxy/install/joy_sub/lib'
[0.673s] Level 1:colcon.colcon_core.environment:checking '/icarus_foxy/install/joy_sub/bin'
[0.673s] Level 1:colcon.colcon_core.environment:checking '/icarus_foxy/install/joy_sub/lib/pkgconfig/joy_sub.pc'
[0.673s] Level 1:colcon.colcon_core.environment:checking '/icarus_foxy/install/joy_sub/lib/python3.8/site-packages'
[0.673s] Level 1:colcon.colcon_core.environment:checking '/icarus_foxy/install/joy_sub/bin'
[0.674s] INFO:colcon.colcon_core.shell:Creating package script '/icarus_foxy/install/joy_sub/share/joy_sub/package.ps1'
[0.674s] INFO:colcon.colcon_core.shell:Creating package descriptor '/icarus_foxy/install/joy_sub/share/joy_sub/package.dsv'
[0.675s] INFO:colcon.colcon_core.shell:Creating package script '/icarus_foxy/install/joy_sub/share/joy_sub/package.sh'
[0.675s] INFO:colcon.colcon_core.shell:Creating package script '/icarus_foxy/install/joy_sub/share/joy_sub/package.bash'
[0.675s] INFO:colcon.colcon_core.shell:Creating package script '/icarus_foxy/install/joy_sub/share/joy_sub/package.zsh'
[0.676s] Level 1:colcon.colcon_core.environment:create_file_with_runtime_dependencies(/icarus_foxy/install/joy_sub/share/colcon-core/packages/joy_sub)
[0.683s] Level 1:colcon.colcon_core.environment:create_environment_scripts_only(robot_core)
[0.685s] Level 1:colcon.colcon_core.environment:checking '/icarus_foxy/install/robot_core' for CMake module files
[0.685s] Level 1:colcon.colcon_core.environment:checking '/icarus_foxy/install/robot_core' for CMake config files
[0.686s] Level 1:colcon.colcon_core.shell:create_environment_hook('robot_core', 'cmake_prefix_path')
[0.686s] INFO:colcon.colcon_core.shell:Creating environment hook '/icarus_foxy/install/robot_core/share/robot_core/hook/cmake_prefix_path.ps1'
[0.687s] INFO:colcon.colcon_core.shell:Creating environment descriptor '/icarus_foxy/install/robot_core/share/robot_core/hook/cmake_prefix_path.dsv'
[0.688s] INFO:colcon.colcon_core.shell:Creating environment hook '/icarus_foxy/install/robot_core/share/robot_core/hook/cmake_prefix_path.sh'
[0.688s] Level 1:colcon.colcon_core.environment:checking '/icarus_foxy/install/robot_core/lib'
[0.688s] Level 1:colcon.colcon_core.environment:checking '/icarus_foxy/install/robot_core/bin'
[0.688s] Level 1:colcon.colcon_core.environment:checking '/icarus_foxy/install/robot_core/lib/pkgconfig/robot_core.pc'
[0.688s] Level 1:colcon.colcon_core.environment:checking '/icarus_foxy/install/robot_core/lib/python3.8/site-packages'
[0.689s] Level 1:colcon.colcon_core.environment:checking '/icarus_foxy/install/robot_core/bin'
[0.690s] INFO:colcon.colcon_core.shell:Creating package script '/icarus_foxy/install/robot_core/share/robot_core/package.ps1'
[0.690s] INFO:colcon.colcon_core.shell:Creating package descriptor '/icarus_foxy/install/robot_core/share/robot_core/package.dsv'
[0.690s] INFO:colcon.colcon_core.shell:Creating package script '/icarus_foxy/install/robot_core/share/robot_core/package.sh'
[0.691s] INFO:colcon.colcon_core.shell:Creating package script '/icarus_foxy/install/robot_core/share/robot_core/package.bash'
[0.691s] INFO:colcon.colcon_core.shell:Creating package script '/icarus_foxy/install/robot_core/share/robot_core/package.zsh'
[0.691s] Level 1:colcon.colcon_core.environment:create_file_with_runtime_dependencies(/icarus_foxy/install/robot_core/share/colcon-core/packages/robot_core)
[0.729s] Level 1:colcon.colcon_core.environment:create_environment_scripts_only(sllidar_ros2)
[0.730s] Level 1:colcon.colcon_core.environment:checking '/icarus_foxy/install/sllidar_ros2' for CMake module files
[0.731s] Level 1:colcon.colcon_core.environment:checking '/icarus_foxy/install/sllidar_ros2' for CMake config files
[0.731s] Level 1:colcon.colcon_core.shell:create_environment_hook('sllidar_ros2', 'cmake_prefix_path')
[0.732s] INFO:colcon.colcon_core.shell:Creating environment hook '/icarus_foxy/install/sllidar_ros2/share/sllidar_ros2/hook/cmake_prefix_path.ps1'
[0.732s] INFO:colcon.colcon_core.shell:Creating environment descriptor '/icarus_foxy/install/sllidar_ros2/share/sllidar_ros2/hook/cmake_prefix_path.dsv'
[0.732s] INFO:colcon.colcon_core.shell:Creating environment hook '/icarus_foxy/install/sllidar_ros2/share/sllidar_ros2/hook/cmake_prefix_path.sh'
[0.733s] Level 1:colcon.colcon_core.environment:checking '/icarus_foxy/install/sllidar_ros2/lib'
[0.733s] Level 1:colcon.colcon_core.environment:checking '/icarus_foxy/install/sllidar_ros2/bin'
[0.733s] Level 1:colcon.colcon_core.environment:checking '/icarus_foxy/install/sllidar_ros2/lib/pkgconfig/sllidar_ros2.pc'
[0.733s] Level 1:colcon.colcon_core.environment:checking '/icarus_foxy/install/sllidar_ros2/lib/python3.8/site-packages'
[0.733s] Level 1:colcon.colcon_core.environment:checking '/icarus_foxy/install/sllidar_ros2/bin'
[0.734s] INFO:colcon.colcon_core.shell:Creating package script '/icarus_foxy/install/sllidar_ros2/share/sllidar_ros2/package.ps1'
[0.735s] INFO:colcon.colcon_core.shell:Creating package descriptor '/icarus_foxy/install/sllidar_ros2/share/sllidar_ros2/package.dsv'
[0.735s] INFO:colcon.colcon_core.shell:Creating package script '/icarus_foxy/install/sllidar_ros2/share/sllidar_ros2/package.sh'
[0.735s] INFO:colcon.colcon_core.shell:Creating package script '/icarus_foxy/install/sllidar_ros2/share/sllidar_ros2/package.bash'
[0.736s] INFO:colcon.colcon_core.shell:Creating package script '/icarus_foxy/install/sllidar_ros2/share/sllidar_ros2/package.zsh'
[0.736s] Level 1:colcon.colcon_core.environment:create_file_with_runtime_dependencies(/icarus_foxy/install/sllidar_ros2/share/colcon-core/packages/sllidar_ros2)
[0.736s] DEBUG:colcon.colcon_parallel_executor.executor.parallel:closing loop
[0.736s] DEBUG:colcon.colcon_parallel_executor.executor.parallel:loop closed
[0.736s] DEBUG:colcon.colcon_parallel_executor.executor.parallel:run_until_complete finished with '0'
[0.736s] DEBUG:colcon.colcon_core.event_reactor:joining thread
[0.746s] INFO:colcon.colcon_core.plugin_system:Skipping extension 'colcon_notification.desktop_notification.notify_send': Could not find 'notify-send'
[0.746s] INFO:colcon.colcon_core.plugin_system:Skipping extension 'colcon_notification.desktop_notification.terminal_notifier': Not used on non-Darwin systems
[0.746s] INFO:colcon.colcon_core.plugin_system:Skipping extension 'colcon_notification.desktop_notification.win32': Not used on non-Windows systems
[0.746s] INFO:colcon.colcon_notification.desktop_notification:Sending desktop notification using 'notify2'
[0.749s] DEBUG:colcon.colcon_notification.desktop_notification.notify2:Failed to initialize notify2: org.freedesktop.DBus.Error.Spawn.ExecFailed: /usr/bin/dbus-launch terminated abnormally without any error message
[0.749s] DEBUG:colcon.colcon_core.event_reactor:joined thread
[0.751s] INFO:colcon.colcon_core.shell:Creating prefix script '/icarus_foxy/install/local_setup.ps1'
[0.752s] INFO:colcon.colcon_core.shell:Creating prefix util module '/icarus_foxy/install/_local_setup_util_ps1.py'
[0.753s] INFO:colcon.colcon_core.shell:Creating prefix chain script '/icarus_foxy/install/setup.ps1'
[0.755s] INFO:colcon.colcon_core.shell:Creating prefix script '/icarus_foxy/install/local_setup.sh'
[0.756s] INFO:colcon.colcon_core.shell:Creating prefix util module '/icarus_foxy/install/_local_setup_util_sh.py'
[0.756s] INFO:colcon.colcon_core.shell:Creating prefix chain script '/icarus_foxy/install/setup.sh'
[0.758s] INFO:colcon.colcon_core.shell:Creating prefix script '/icarus_foxy/install/local_setup.bash'
[0.758s] INFO:colcon.colcon_core.shell:Creating prefix chain script '/icarus_foxy/install/setup.bash'
[0.760s] INFO:colcon.colcon_core.shell:Creating prefix script '/icarus_foxy/install/local_setup.zsh'
[0.760s] INFO:colcon.colcon_core.shell:Creating prefix chain script '/icarus_foxy/install/setup.zsh'
