[0.023s] Invoking command in '/icarus_foxy/build/robot_core': CMAKE_PREFIX_PATH=${CMAKE_PREFIX_PATH}:/opt/ros/foxy /usr/bin/cmake --build /icarus_foxy/build/robot_core -- -j16 -l16
[0.090s] [ 50%] Built target nav_publisher
[0.090s] [100%] Built target tf_listener
[0.106s] Invoked command in '/icarus_foxy/build/robot_core' returned '0': CMAKE_PREFIX_PATH=${CMAKE_PREFIX_PATH}:/opt/ros/foxy /usr/bin/cmake --build /icarus_foxy/build/robot_core -- -j16 -l16
[0.146s] Invoking command in '/icarus_foxy/build/robot_core': CMAKE_PREFIX_PATH=${CMAKE_PREFIX_PATH}:/opt/ros/foxy /usr/bin/cmake --install /icarus_foxy/build/robot_core
[0.154s] -- Install configuration: ""
[0.155s] -- Up-to-date: /icarus_foxy/install/robot_core/share/robot_core/src
[0.155s] -- Up-to-date: /icarus_foxy/install/robot_core/share/robot_core/src/robot_description
[0.156s] -- Up-to-date: /icarus_foxy/install/robot_core/share/robot_core/src/robot_description/robot_core_ros_2_control.urdf
[0.156s] -- Up-to-date: /icarus_foxy/install/robot_core/share/robot_core/src/robot_description/robot_core.urdf
[0.156s] -- Up-to-date: /icarus_foxy/install/robot_core/share/robot_core/src/nav2
[0.156s] -- Up-to-date: /icarus_foxy/install/robot_core/share/robot_core/src/nav2/differential_drive2.cpp
[0.157s] -- Up-to-date: /icarus_foxy/install/robot_core/share/robot_core/src/nav2/tf_listener.cpp
[0.157s] -- Up-to-date: /icarus_foxy/install/robot_core/share/robot_core/src/nav2/differential_drive.cpp
[0.157s] -- Up-to-date: /icarus_foxy/install/robot_core/share/robot_core/launch
[0.157s] -- Installing: /icarus_foxy/install/robot_core/share/robot_core/launch/display.launch.py
[0.157s] -- Installing: /icarus_foxy/install/robot_core/share/robot_core/launch/gazebo_launch.py
[0.157s] -- Up-to-date: /icarus_foxy/install/robot_core/share/robot_core/launch/gazebo launch
[0.157s] -- Up-to-date: /icarus_foxy/install/robot_core/share/robot_core/rviz
[0.157s] -- Up-to-date: /icarus_foxy/install/robot_core/share/robot_core/rviz/urdf_config.rviz
[0.158s] -- Up-to-date: /icarus_foxy/install/robot_core/share/robot_core/world
[0.158s] -- Up-to-date: /icarus_foxy/install/robot_core/share/robot_core/world/my_world.sdf
[0.158s] -- Up-to-date: /icarus_foxy/install/robot_core/share/robot_core/controllers
[0.158s] -- Up-to-date: /icarus_foxy/install/robot_core/share/robot_core/controllers/mux.yaml
[0.158s] -- Up-to-date: /icarus_foxy/install/robot_core/share/robot_core/controllers/controllers.yaml
[0.158s] -- Up-to-date: /icarus_foxy/install/robot_core/lib/robot_core/nav_publisher
[0.158s] -- Up-to-date: /icarus_foxy/install/robot_core/lib/robot_core/tf_listener
[0.159s] -- Up-to-date: /icarus_foxy/install/robot_core/share/ament_index/resource_index/package_run_dependencies/robot_core
[0.159s] -- Up-to-date: /icarus_foxy/install/robot_core/share/ament_index/resource_index/parent_prefix_path/robot_core
[0.159s] -- Up-to-date: /icarus_foxy/install/robot_core/share/robot_core/environment/ament_prefix_path.sh
[0.159s] -- Up-to-date: /icarus_foxy/install/robot_core/share/robot_core/environment/ament_prefix_path.dsv
[0.159s] -- Up-to-date: /icarus_foxy/install/robot_core/share/robot_core/environment/path.sh
[0.159s] -- Up-to-date: /icarus_foxy/install/robot_core/share/robot_core/environment/path.dsv
[0.159s] -- Up-to-date: /icarus_foxy/install/robot_core/share/robot_core/local_setup.bash
[0.159s] -- Up-to-date: /icarus_foxy/install/robot_core/share/robot_core/local_setup.sh
[0.160s] -- Up-to-date: /icarus_foxy/install/robot_core/share/robot_core/local_setup.zsh
[0.160s] -- Up-to-date: /icarus_foxy/install/robot_core/share/robot_core/local_setup.dsv
[0.160s] -- Installing: /icarus_foxy/install/robot_core/share/robot_core/package.dsv
[0.160s] -- Up-to-date: /icarus_foxy/install/robot_core/share/ament_index/resource_index/packages/robot_core
[0.161s] -- Up-to-date: /icarus_foxy/install/robot_core/share/robot_core/cmake/robot_coreConfig.cmake
[0.161s] -- Up-to-date: /icarus_foxy/install/robot_core/share/robot_core/cmake/robot_coreConfig-version.cmake
[0.161s] -- Up-to-date: /icarus_foxy/install/robot_core/share/robot_core/package.xml
[0.177s] Invoked command in '/icarus_foxy/build/robot_core' returned '0': CMAKE_PREFIX_PATH=${CMAKE_PREFIX_PATH}:/opt/ros/foxy /usr/bin/cmake --install /icarus_foxy/build/robot_core
