[0.041s] Invoking command in '/icarus_foxy/build/joy_sub': CMAKE_PREFIX_PATH=/opt/ros/foxy /usr/bin/cmake --build /icarus_foxy/build/joy_sub -- -j16 -l16
[0.303s] [100%] Built target joysub
[0.327s] Invoked command in '/icarus_foxy/build/joy_sub' returned '0': CMAKE_PREFIX_PATH=/opt/ros/foxy /usr/bin/cmake --build /icarus_foxy/build/joy_sub -- -j16 -l16
[0.381s] Invoking command in '/icarus_foxy/build/joy_sub': CMAKE_PREFIX_PATH=/opt/ros/foxy /usr/bin/cmake --install /icarus_foxy/build/joy_sub
[0.393s] -- Install configuration: ""
[0.394s] -- Execute custom install script
[0.395s] -- Up-to-date symlink: /icarus_foxy/install/joy_sub/lib/joy_sub/joysub
[0.395s] -- Up-to-date symlink: /icarus_foxy/install/joy_sub/share/ament_index/resource_index/package_run_dependencies/joy_sub
[0.395s] -- Up-to-date symlink: /icarus_foxy/install/joy_sub/share/ament_index/resource_index/parent_prefix_path/joy_sub
[0.396s] -- Up-to-date symlink: /icarus_foxy/install/joy_sub/share/joy_sub/environment/ament_prefix_path.sh
[0.396s] -- Up-to-date symlink: /icarus_foxy/install/joy_sub/share/joy_sub/environment/ament_prefix_path.dsv
[0.396s] -- Up-to-date symlink: /icarus_foxy/install/joy_sub/share/joy_sub/environment/path.sh
[0.396s] -- Up-to-date symlink: /icarus_foxy/install/joy_sub/share/joy_sub/environment/path.dsv
[0.397s] -- Up-to-date symlink: /icarus_foxy/install/joy_sub/share/joy_sub/local_setup.bash
[0.397s] -- Up-to-date symlink: /icarus_foxy/install/joy_sub/share/joy_sub/local_setup.sh
[0.397s] -- Up-to-date symlink: /icarus_foxy/install/joy_sub/share/joy_sub/local_setup.zsh
[0.398s] -- Up-to-date symlink: /icarus_foxy/install/joy_sub/share/joy_sub/local_setup.dsv
[0.398s] -- Symlinking: /icarus_foxy/install/joy_sub/share/joy_sub/package.dsv
[0.413s] -- Up-to-date symlink: /icarus_foxy/install/joy_sub/share/ament_index/resource_index/packages/joy_sub
[0.413s] -- Up-to-date symlink: /icarus_foxy/install/joy_sub/share/joy_sub/cmake/joy_subConfig.cmake
[0.414s] -- Up-to-date symlink: /icarus_foxy/install/joy_sub/share/joy_sub/cmake/joy_subConfig-version.cmake
[0.414s] -- Up-to-date symlink: /icarus_foxy/install/joy_sub/share/joy_sub/package.xml
[0.418s] Invoked command in '/icarus_foxy/build/joy_sub' returned '0': CMAKE_PREFIX_PATH=/opt/ros/foxy /usr/bin/cmake --install /icarus_foxy/build/joy_sub
